<?xml version="1.0" encoding="UTF-8"?>
<testsuite name="com.verizon.dd.fortifycollector.FortifyCollectorApplicationTests" time="0.003" tests="1" errors="1" skipped="0" failures="0">
  <properties>
    <property name="java.runtime.name" value="Java(TM) SE Runtime Environment"/>
    <property name="sun.boot.library.path" value="C:\Program Files\Java\jdk1.8.0_131\jre\bin"/>
    <property name="java.vm.version" value="25.131-b11"/>
    <property name="java.vm.vendor" value="Oracle Corporation"/>
    <property name="maven.multiModuleProjectDirectory" value="C:\Users\v160771\Documents\development\appsec\java\source\os4v_developerdashboard\collectors\fortify-collector"/>
    <property name="java.vendor.url" value="http://java.oracle.com/"/>
    <property name="path.separator" value=";"/>
    <property name="guice.disable.misplaced.annotation.check" value="true"/>
    <property name="java.vm.name" value="Java HotSpot(TM) 64-Bit Server VM"/>
    <property name="file.encoding.pkg" value="sun.io"/>
    <property name="user.script" value=""/>
    <property name="user.country" value="US"/>
    <property name="sun.java.launcher" value="SUN_STANDARD"/>
    <property name="sun.os.patch.level" value=""/>
    <property name="java.vm.specification.name" value="Java Virtual Machine Specification"/>
    <property name="user.dir" value="C:\Users\v160771\Documents\development\appsec\java\source\os4v_developerdashboard\collectors\fortify-collector"/>
    <property name="java.runtime.version" value="1.8.0_131-b11"/>
    <property name="java.awt.graphicsenv" value="sun.awt.Win32GraphicsEnvironment"/>
    <property name="java.endorsed.dirs" value="C:\Program Files\Java\jdk1.8.0_131\jre\lib\endorsed"/>
    <property name="os.arch" value="amd64"/>
    <property name="java.io.tmpdir" value="C:\Users\v160771\AppData\Local\Temp\"/>
    <property name="line.separator" value="&#10;"/>
    <property name="java.vm.specification.vendor" value="Oracle Corporation"/>
    <property name="user.variant" value=""/>
    <property name="os.name" value="Windows 10"/>
    <property name="classworlds.conf" value="C:\Program Files\apache-maven-3.3.3-bin\bin\m2.conf"/>
    <property name="sun.jnu.encoding" value="Cp1252"/>
    <property name="java.library.path" value="C:\Program Files\Java\jdk1.8.0_131\bin;C:\windows\Sun\Java\bin;C:\windows\system32;C:\windows;C:\ProgramData\Oracle\Java\javapath;C:\Program Files (x86)\Intel\iCLS Client\;C:\Program Files\Intel\iCLS Client\;C:\windows\system32;C:\windows;C:\windows\System32\Wbem;C:\windows\System32\WindowsPowerShell\v1.0\;C:\Program Files (x86)\Intel\Intel(R) Management Engine Components\DAL;C:\Program Files\Intel\Intel(R) Management Engine Components\DAL;C:\Program Files (x86)\Intel\Intel(R) Management Engine Components\IPT;C:\Program Files\Intel\Intel(R) Management Engine Components\IPT;C:\Program Files (x86)\Microsoft SQL Server\Client SDK\ODBC\130\Tools\Binn\;C:\Program Files (x86)\Microsoft SQL Server\130\Tools\Binn\;C:\Program Files (x86)\Microsoft SQL Server\130\DTS\Binn\;C:\Program Files (x86)\Microsoft SQL Server\130\Tools\Binn\ManagementStudio\;C:\Program Files (x86)\AccuRev\bin;C:\Program Files\Java\jdk1.8.0_131\bin;C:\Program Files\Git\bin\git.exe;C:\Program Files\Git\cmd;C:\Program Files\apache-maven-3.3.3-bin\bin;C:\Program Files\Git\cmd;C:\Program Files\PuTTY\;C:\Program Files\nodejs\;C:\Program Files (x86)\Sennheiser\SoftphoneSDK\;C:\Users\v160771\AppData\Local\Microsoft\WindowsApps;."/>
    <property name="java.specification.name" value="Java Platform API Specification"/>
    <property name="java.class.version" value="52.0"/>
    <property name="sun.management.compiler" value="HotSpot 64-Bit Tiered Compilers"/>
    <property name="os.version" value="10.0"/>
    <property name="user.home" value="C:\Users\v160771"/>
    <property name="user.timezone" value="America/Chicago"/>
    <property name="java.awt.printerjob" value="sun.awt.windows.WPrinterJob"/>
    <property name="java.specification.version" value="1.8"/>
    <property name="file.encoding" value="Cp1252"/>
    <property name="user.name" value="v160771"/>
    <property name="java.class.path" value="C:\Program Files\apache-maven-3.3.3-bin\boot\plexus-classworlds-2.5.2.jar"/>
    <property name="java.vm.specification.version" value="1.8"/>
    <property name="sun.arch.data.model" value="64"/>
    <property name="java.home" value="C:\Program Files\Java\jdk1.8.0_131\jre"/>
    <property name="sun.java.command" value="org.codehaus.plexus.classworlds.launcher.Launcher package"/>
    <property name="java.specification.vendor" value="Oracle Corporation"/>
    <property name="user.language" value="en"/>
    <property name="awt.toolkit" value="sun.awt.windows.WToolkit"/>
    <property name="java.vm.info" value="mixed mode"/>
    <property name="java.version" value="1.8.0_131"/>
    <property name="java.ext.dirs" value="C:\Program Files\Java\jdk1.8.0_131\jre\lib\ext;C:\windows\Sun\Java\lib\ext"/>
    <property name="sun.boot.class.path" value="C:\Program Files\Java\jdk1.8.0_131\jre\lib\resources.jar;C:\Program Files\Java\jdk1.8.0_131\jre\lib\rt.jar;C:\Program Files\Java\jdk1.8.0_131\jre\lib\sunrsasign.jar;C:\Program Files\Java\jdk1.8.0_131\jre\lib\jsse.jar;C:\Program Files\Java\jdk1.8.0_131\jre\lib\jce.jar;C:\Program Files\Java\jdk1.8.0_131\jre\lib\charsets.jar;C:\Program Files\Java\jdk1.8.0_131\jre\lib\jfr.jar;C:\Program Files\Java\jdk1.8.0_131\jre\classes"/>
    <property name="sun.stderr.encoding" value="cp437"/>
    <property name="java.vendor" value="Oracle Corporation"/>
    <property name="maven.home" value="C:\Program Files\apache-maven-3.3.3-bin"/>
    <property name="file.separator" value="\"/>
    <property name="java.vendor.url.bug" value="http://bugreport.sun.com/bugreport/"/>
    <property name="sun.cpu.endian" value="little"/>
    <property name="sun.io.unicode.encoding" value="UnicodeLittle"/>
    <property name="sun.stdout.encoding" value="cp437"/>
    <property name="sun.desktop" value="windows"/>
    <property name="sun.cpu.isalist" value="amd64"/>
  </properties>
  <testcase name="contextLoads" classname="com.verizon.dd.fortifycollector.FortifyCollectorApplicationTests" time="0.003">
    <error message="Failed to load ApplicationContext" type="java.lang.IllegalStateException">java.lang.IllegalStateException: Failed to load ApplicationContext
	at org.springframework.test.context.cache.DefaultCacheAwareContextLoaderDelegate.loadContext(DefaultCacheAwareContextLoaderDelegate.java:124)
	at org.springframework.test.context.support.DefaultTestContext.getApplicationContext(DefaultTestContext.java:83)
	at org.springframework.test.context.support.DependencyInjectionTestExecutionListener.injectDependencies(DependencyInjectionTestExecutionListener.java:117)
	at org.springframework.test.context.support.DependencyInjectionTestExecutionListener.prepareTestInstance(DependencyInjectionTestExecutionListener.java:83)
	at org.springframework.boot.test.autoconfigure.SpringBootDependencyInjectionTestExecutionListener.prepareTestInstance(SpringBootDependencyInjectionTestExecutionListener.java:44)
	at org.springframework.test.context.TestContextManager.prepareTestInstance(TestContextManager.java:230)
	at org.springframework.test.context.junit4.SpringJUnit4ClassRunner.createTest(SpringJUnit4ClassRunner.java:228)
	at org.springframework.test.context.junit4.SpringJUnit4ClassRunner$1.runReflectiveCall(SpringJUnit4ClassRunner.java:287)
	at org.junit.internal.runners.model.ReflectiveCallable.run(ReflectiveCallable.java:12)
	at org.springframework.test.context.junit4.SpringJUnit4ClassRunner.methodBlock(SpringJUnit4ClassRunner.java:289)
	at org.springframework.test.context.junit4.SpringJUnit4ClassRunner.runChild(SpringJUnit4ClassRunner.java:247)
	at org.springframework.test.context.junit4.SpringJUnit4ClassRunner.runChild(SpringJUnit4ClassRunner.java:94)
	at org.junit.runners.ParentRunner$3.run(ParentRunner.java:290)
	at org.junit.runners.ParentRunner$1.schedule(ParentRunner.java:71)
	at org.junit.runners.ParentRunner.runChildren(ParentRunner.java:288)
	at org.junit.runners.ParentRunner.access$000(ParentRunner.java:58)
	at org.junit.runners.ParentRunner$2.evaluate(ParentRunner.java:268)
	at org.springframework.test.context.junit4.statements.RunBeforeTestClassCallbacks.evaluate(RunBeforeTestClassCallbacks.java:61)
	at org.springframework.test.context.junit4.statements.RunAfterTestClassCallbacks.evaluate(RunAfterTestClassCallbacks.java:70)
	at org.junit.runners.ParentRunner.run(ParentRunner.java:363)
	at org.springframework.test.context.junit4.SpringJUnit4ClassRunner.run(SpringJUnit4ClassRunner.java:191)
	at org.apache.maven.surefire.junit4.JUnit4Provider.execute(JUnit4Provider.java:283)
	at org.apache.maven.surefire.junit4.JUnit4Provider.executeWithRerun(JUnit4Provider.java:173)
	at org.apache.maven.surefire.junit4.JUnit4Provider.executeTestSet(JUnit4Provider.java:153)
	at org.apache.maven.surefire.junit4.JUnit4Provider.invoke(JUnit4Provider.java:128)
	at org.apache.maven.surefire.booter.ForkedBooter.invokeProviderInSameClassLoader(ForkedBooter.java:203)
	at org.apache.maven.surefire.booter.ForkedBooter.runSuitesInProcess(ForkedBooter.java:155)
	at org.apache.maven.surefire.booter.ForkedBooter.main(ForkedBooter.java:103)
Caused by: org.springframework.context.ApplicationContextException: Failed to start bean 'taskLifecycleListener'; nested exception is org.springframework.dao.DataAccessResourceFailureException: Could not increment identity; nested exception is com.microsoft.sqlserver.jdbc.SQLServerException: Invalid object name 'TASK_SEQ'.
	at org.springframework.context.support.DefaultLifecycleProcessor.doStart(DefaultLifecycleProcessor.java:178)
	at org.springframework.context.support.DefaultLifecycleProcessor.access$200(DefaultLifecycleProcessor.java:50)
	at org.springframework.context.support.DefaultLifecycleProcessor$LifecycleGroup.start(DefaultLifecycleProcessor.java:348)
	at org.springframework.context.support.DefaultLifecycleProcessor.startBeans(DefaultLifecycleProcessor.java:151)
	at org.springframework.context.support.DefaultLifecycleProcessor.onRefresh(DefaultLifecycleProcessor.java:114)
	at org.springframework.context.support.AbstractApplicationContext.finishRefresh(AbstractApplicationContext.java:880)
	at org.springframework.context.support.AbstractApplicationContext.refresh(AbstractApplicationContext.java:546)
	at org.springframework.boot.SpringApplication.refresh(SpringApplication.java:693)
	at org.springframework.boot.SpringApplication.refreshContext(SpringApplication.java:360)
	at org.springframework.boot.SpringApplication.run(SpringApplication.java:303)
	at org.springframework.boot.test.context.SpringBootContextLoader.loadContext(SpringBootContextLoader.java:120)
	at org.springframework.test.context.cache.DefaultCacheAwareContextLoaderDelegate.loadContextInternal(DefaultCacheAwareContextLoaderDelegate.java:98)
	at org.springframework.test.context.cache.DefaultCacheAwareContextLoaderDelegate.loadContext(DefaultCacheAwareContextLoaderDelegate.java:116)
	at org.springframework.test.context.support.DefaultTestContext.getApplicationContext(DefaultTestContext.java:83)
	at org.springframework.test.context.support.DependencyInjectionTestExecutionListener.injectDependencies(DependencyInjectionTestExecutionListener.java:117)
	at org.springframework.test.context.support.DependencyInjectionTestExecutionListener.prepareTestInstance(DependencyInjectionTestExecutionListener.java:83)
	at org.springframework.boot.test.autoconfigure.SpringBootDependencyInjectionTestExecutionListener.prepareTestInstance(SpringBootDependencyInjectionTestExecutionListener.java:44)
	at org.springframework.test.context.TestContextManager.prepareTestInstance(TestContextManager.java:230)
	at org.springframework.test.context.junit4.SpringJUnit4ClassRunner.createTest(SpringJUnit4ClassRunner.java:228)
	at org.springframework.test.context.junit4.SpringJUnit4ClassRunner$1.runReflectiveCall(SpringJUnit4ClassRunner.java:287)
	at org.junit.internal.runners.model.ReflectiveCallable.run(ReflectiveCallable.java:12)
	at org.springframework.test.context.junit4.SpringJUnit4ClassRunner.methodBlock(SpringJUnit4ClassRunner.java:289)
	at org.springframework.test.context.junit4.SpringJUnit4ClassRunner.runChild(SpringJUnit4ClassRunner.java:247)
	at org.springframework.test.context.junit4.SpringJUnit4ClassRunner.runChild(SpringJUnit4ClassRunner.java:94)
	at org.junit.runners.ParentRunner$3.run(ParentRunner.java:290)
	at org.junit.runners.ParentRunner$1.schedule(ParentRunner.java:71)
	at org.junit.runners.ParentRunner.runChildren(ParentRunner.java:288)
	at org.junit.runners.ParentRunner.access$000(ParentRunner.java:58)
	at org.junit.runners.ParentRunner$2.evaluate(ParentRunner.java:268)
	at org.springframework.test.context.junit4.statements.RunBeforeTestClassCallbacks.evaluate(RunBeforeTestClassCallbacks.java:61)
	at org.springframework.test.context.junit4.statements.RunAfterTestClassCallbacks.evaluate(RunAfterTestClassCallbacks.java:70)
	at org.junit.runners.ParentRunner.run(ParentRunner.java:363)
	at org.springframework.test.context.junit4.SpringJUnit4ClassRunner.run(SpringJUnit4ClassRunner.java:191)
	at org.apache.maven.surefire.junit4.JUnit4Provider.execute(JUnit4Provider.java:283)
	at org.apache.maven.surefire.junit4.JUnit4Provider.executeWithRerun(JUnit4Provider.java:173)
	at org.apache.maven.surefire.junit4.JUnit4Provider.executeTestSet(JUnit4Provider.java:153)
	at org.apache.maven.surefire.junit4.JUnit4Provider.invoke(JUnit4Provider.java:128)
	at org.apache.maven.surefire.booter.ForkedBooter.invokeProviderInSameClassLoader(ForkedBooter.java:203)
	at org.apache.maven.surefire.booter.ForkedBooter.runSuitesInProcess(ForkedBooter.java:155)
	at org.apache.maven.surefire.booter.ForkedBooter.main(ForkedBooter.java:103)
Caused by: org.springframework.dao.DataAccessResourceFailureException: Could not increment identity; nested exception is com.microsoft.sqlserver.jdbc.SQLServerException: Invalid object name 'TASK_SEQ'.
	at org.springframework.jdbc.support.incrementer.AbstractIdentityColumnMaxValueIncrementer.getNextKey(AbstractIdentityColumnMaxValueIncrementer.java:113)
	at org.springframework.jdbc.support.incrementer.AbstractDataFieldMaxValueIncrementer.nextLongValue(AbstractDataFieldMaxValueIncrementer.java:128)
	at org.springframework.cloud.task.repository.dao.JdbcTaskExecutionDao.getNextExecutionId(JdbcTaskExecutionDao.java:249)
	at org.springframework.cloud.task.repository.dao.JdbcTaskExecutionDao.createTaskExecution(JdbcTaskExecutionDao.java:130)
	at org.springframework.cloud.task.repository.support.SimpleTaskRepository.createTaskExecution(SimpleTaskRepository.java:78)
	at org.springframework.cloud.task.listener.TaskLifecycleListener.doTaskStart(TaskLifecycleListener.java:192)
	at org.springframework.cloud.task.listener.TaskLifecycleListener.start(TaskLifecycleListener.java:257)
	at org.springframework.context.support.DefaultLifecycleProcessor.doStart(DefaultLifecycleProcessor.java:175)
	at org.springframework.context.support.DefaultLifecycleProcessor.access$200(DefaultLifecycleProcessor.java:50)
	at org.springframework.context.support.DefaultLifecycleProcessor$LifecycleGroup.start(DefaultLifecycleProcessor.java:348)
	at org.springframework.context.support.DefaultLifecycleProcessor.startBeans(DefaultLifecycleProcessor.java:151)
	at org.springframework.context.support.DefaultLifecycleProcessor.onRefresh(DefaultLifecycleProcessor.java:114)
	at org.springframework.context.support.AbstractApplicationContext.finishRefresh(AbstractApplicationContext.java:880)
	at org.springframework.context.support.AbstractApplicationContext.refresh(AbstractApplicationContext.java:546)
	at org.springframework.boot.SpringApplication.refresh(SpringApplication.java:693)
	at org.springframework.boot.SpringApplication.refreshContext(SpringApplication.java:360)
	at org.springframework.boot.SpringApplication.run(SpringApplication.java:303)
	at org.springframework.boot.test.context.SpringBootContextLoader.loadContext(SpringBootContextLoader.java:120)
	at org.springframework.test.context.cache.DefaultCacheAwareContextLoaderDelegate.loadContextInternal(DefaultCacheAwareContextLoaderDelegate.java:98)
	at org.springframework.test.context.cache.DefaultCacheAwareContextLoaderDelegate.loadContext(DefaultCacheAwareContextLoaderDelegate.java:116)
	at org.springframework.test.context.support.DefaultTestContext.getApplicationContext(DefaultTestContext.java:83)
	at org.springframework.test.context.support.DependencyInjectionTestExecutionListener.injectDependencies(DependencyInjectionTestExecutionListener.java:117)
	at org.springframework.test.context.support.DependencyInjectionTestExecutionListener.prepareTestInstance(DependencyInjectionTestExecutionListener.java:83)
	at org.springframework.boot.test.autoconfigure.SpringBootDependencyInjectionTestExecutionListener.prepareTestInstance(SpringBootDependencyInjectionTestExecutionListener.java:44)
	at org.springframework.test.context.TestContextManager.prepareTestInstance(TestContextManager.java:230)
	at org.springframework.test.context.junit4.SpringJUnit4ClassRunner.createTest(SpringJUnit4ClassRunner.java:228)
	at org.springframework.test.context.junit4.SpringJUnit4ClassRunner$1.runReflectiveCall(SpringJUnit4ClassRunner.java:287)
	at org.junit.internal.runners.model.ReflectiveCallable.run(ReflectiveCallable.java:12)
	at org.springframework.test.context.junit4.SpringJUnit4ClassRunner.methodBlock(SpringJUnit4ClassRunner.java:289)
	at org.springframework.test.context.junit4.SpringJUnit4ClassRunner.runChild(SpringJUnit4ClassRunner.java:247)
	at org.springframework.test.context.junit4.SpringJUnit4ClassRunner.runChild(SpringJUnit4ClassRunner.java:94)
	at org.junit.runners.ParentRunner$3.run(ParentRunner.java:290)
	at org.junit.runners.ParentRunner$1.schedule(ParentRunner.java:71)
	at org.junit.runners.ParentRunner.runChildren(ParentRunner.java:288)
	at org.junit.runners.ParentRunner.access$000(ParentRunner.java:58)
	at org.junit.runners.ParentRunner$2.evaluate(ParentRunner.java:268)
	at org.springframework.test.context.junit4.statements.RunBeforeTestClassCallbacks.evaluate(RunBeforeTestClassCallbacks.java:61)
	at org.springframework.test.context.junit4.statements.RunAfterTestClassCallbacks.evaluate(RunAfterTestClassCallbacks.java:70)
	at org.junit.runners.ParentRunner.run(ParentRunner.java:363)
	at org.springframework.test.context.junit4.SpringJUnit4ClassRunner.run(SpringJUnit4ClassRunner.java:191)
	at org.apache.maven.surefire.junit4.JUnit4Provider.execute(JUnit4Provider.java:283)
	at org.apache.maven.surefire.junit4.JUnit4Provider.executeWithRerun(JUnit4Provider.java:173)
	at org.apache.maven.surefire.junit4.JUnit4Provider.executeTestSet(JUnit4Provider.java:153)
	at org.apache.maven.surefire.junit4.JUnit4Provider.invoke(JUnit4Provider.java:128)
	at org.apache.maven.surefire.booter.ForkedBooter.invokeProviderInSameClassLoader(ForkedBooter.java:203)
	at org.apache.maven.surefire.booter.ForkedBooter.runSuitesInProcess(ForkedBooter.java:155)
	at org.apache.maven.surefire.booter.ForkedBooter.main(ForkedBooter.java:103)
Caused by: com.microsoft.sqlserver.jdbc.SQLServerException: Invalid object name 'TASK_SEQ'.
	at com.microsoft.sqlserver.jdbc.SQLServerException.makeFromDatabaseError(SQLServerException.java:259)
	at com.microsoft.sqlserver.jdbc.SQLServerStatement.getNextResult(SQLServerStatement.java:1566)
	at com.microsoft.sqlserver.jdbc.SQLServerStatement.doExecuteStatement(SQLServerStatement.java:874)
	at com.microsoft.sqlserver.jdbc.SQLServerStatement$StmtExecCmd.doExecute(SQLServerStatement.java:757)
	at com.microsoft.sqlserver.jdbc.TDSCommand.execute(IOBuffer.java:7352)
	at com.microsoft.sqlserver.jdbc.SQLServerConnection.executeCommand(SQLServerConnection.java:2724)
	at com.microsoft.sqlserver.jdbc.SQLServerStatement.executeCommand(SQLServerStatement.java:224)
	at com.microsoft.sqlserver.jdbc.SQLServerStatement.executeStatement(SQLServerStatement.java:204)
	at com.microsoft.sqlserver.jdbc.SQLServerStatement.executeUpdate(SQLServerStatement.java:685)
	at sun.reflect.NativeMethodAccessorImpl.invoke0(Native Method)
	at sun.reflect.NativeMethodAccessorImpl.invoke(NativeMethodAccessorImpl.java:62)
	at sun.reflect.DelegatingMethodAccessorImpl.invoke(DelegatingMethodAccessorImpl.java:43)
	at java.lang.reflect.Method.invoke(Method.java:498)
	at org.apache.tomcat.jdbc.pool.StatementFacade$StatementProxy.invoke(StatementFacade.java:114)
	at com.sun.proxy.$Proxy92.executeUpdate(Unknown Source)
	at org.springframework.jdbc.support.incrementer.AbstractIdentityColumnMaxValueIncrementer.getNextKey(AbstractIdentityColumnMaxValueIncrementer.java:98)
	at org.springframework.jdbc.support.incrementer.AbstractDataFieldMaxValueIncrementer.nextLongValue(AbstractDataFieldMaxValueIncrementer.java:128)
	at org.springframework.cloud.task.repository.dao.JdbcTaskExecutionDao.getNextExecutionId(JdbcTaskExecutionDao.java:249)
	at org.springframework.cloud.task.repository.dao.JdbcTaskExecutionDao.createTaskExecution(JdbcTaskExecutionDao.java:130)
	at org.springframework.cloud.task.repository.support.SimpleTaskRepository.createTaskExecution(SimpleTaskRepository.java:78)
	at org.springframework.cloud.task.listener.TaskLifecycleListener.doTaskStart(TaskLifecycleListener.java:192)
	at org.springframework.cloud.task.listener.TaskLifecycleListener.start(TaskLifecycleListener.java:257)
	at org.springframework.context.support.DefaultLifecycleProcessor.doStart(DefaultLifecycleProcessor.java:175)
	at org.springframework.context.support.DefaultLifecycleProcessor.access$200(DefaultLifecycleProcessor.java:50)
	at org.springframework.context.support.DefaultLifecycleProcessor$LifecycleGroup.start(DefaultLifecycleProcessor.java:348)
	at org.springframework.context.support.DefaultLifecycleProcessor.startBeans(DefaultLifecycleProcessor.java:151)
	at org.springframework.context.support.DefaultLifecycleProcessor.onRefresh(DefaultLifecycleProcessor.java:114)
	at org.springframework.context.support.AbstractApplicationContext.finishRefresh(AbstractApplicationContext.java:880)
	at org.springframework.context.support.AbstractApplicationContext.refresh(AbstractApplicationContext.java:546)
	at org.springframework.boot.SpringApplication.refresh(SpringApplication.java:693)
	at org.springframework.boot.SpringApplication.refreshContext(SpringApplication.java:360)
	at org.springframework.boot.SpringApplication.run(SpringApplication.java:303)
	at org.springframework.boot.test.context.SpringBootContextLoader.loadContext(SpringBootContextLoader.java:120)
	at org.springframework.test.context.cache.DefaultCacheAwareContextLoaderDelegate.loadContextInternal(DefaultCacheAwareContextLoaderDelegate.java:98)
	at org.springframework.test.context.cache.DefaultCacheAwareContextLoaderDelegate.loadContext(DefaultCacheAwareContextLoaderDelegate.java:116)
	at org.springframework.test.context.support.DefaultTestContext.getApplicationContext(DefaultTestContext.java:83)
	at org.springframework.test.context.support.DependencyInjectionTestExecutionListener.injectDependencies(DependencyInjectionTestExecutionListener.java:117)
	at org.springframework.test.context.support.DependencyInjectionTestExecutionListener.prepareTestInstance(DependencyInjectionTestExecutionListener.java:83)
	at org.springframework.boot.test.autoconfigure.SpringBootDependencyInjectionTestExecutionListener.prepareTestInstance(SpringBootDependencyInjectionTestExecutionListener.java:44)
	at org.springframework.test.context.TestContextManager.prepareTestInstance(TestContextManager.java:230)
	at org.springframework.test.context.junit4.SpringJUnit4ClassRunner.createTest(SpringJUnit4ClassRunner.java:228)
	at org.springframework.test.context.junit4.SpringJUnit4ClassRunner$1.runReflectiveCall(SpringJUnit4ClassRunner.java:287)
	at org.junit.internal.runners.model.ReflectiveCallable.run(ReflectiveCallable.java:12)
	at org.springframework.test.context.junit4.SpringJUnit4ClassRunner.methodBlock(SpringJUnit4ClassRunner.java:289)
	at org.springframework.test.context.junit4.SpringJUnit4ClassRunner.runChild(SpringJUnit4ClassRunner.java:247)
	at org.springframework.test.context.junit4.SpringJUnit4ClassRunner.runChild(SpringJUnit4ClassRunner.java:94)
	at org.junit.runners.ParentRunner$3.run(ParentRunner.java:290)
	at org.junit.runners.ParentRunner$1.schedule(ParentRunner.java:71)
	at org.junit.runners.ParentRunner.runChildren(ParentRunner.java:288)
	at org.junit.runners.ParentRunner.access$000(ParentRunner.java:58)
	at org.junit.runners.ParentRunner$2.evaluate(ParentRunner.java:268)
	at org.springframework.test.context.junit4.statements.RunBeforeTestClassCallbacks.evaluate(RunBeforeTestClassCallbacks.java:61)
	at org.springframework.test.context.junit4.statements.RunAfterTestClassCallbacks.evaluate(RunAfterTestClassCallbacks.java:70)
	at org.junit.runners.ParentRunner.run(ParentRunner.java:363)
	at org.springframework.test.context.junit4.SpringJUnit4ClassRunner.run(SpringJUnit4ClassRunner.java:191)
	at org.apache.maven.surefire.junit4.JUnit4Provider.execute(JUnit4Provider.java:283)
	at org.apache.maven.surefire.junit4.JUnit4Provider.executeWithRerun(JUnit4Provider.java:173)
	at org.apache.maven.surefire.junit4.JUnit4Provider.executeTestSet(JUnit4Provider.java:153)
	at org.apache.maven.surefire.junit4.JUnit4Provider.invoke(JUnit4Provider.java:128)
	at org.apache.maven.surefire.booter.ForkedBooter.invokeProviderInSameClassLoader(ForkedBooter.java:203)
	at org.apache.maven.surefire.booter.ForkedBooter.runSuitesInProcess(ForkedBooter.java:155)
	at org.apache.maven.surefire.booter.ForkedBooter.main(ForkedBooter.java:103)
</error>
    <system-out><![CDATA[14:48:37.933 [main] DEBUG org.springframework.test.context.junit4.SpringJUnit4ClassRunner - SpringJUnit4ClassRunner constructor called with [class com.verizon.dd.fortifycollector.FortifyCollectorApplicationTests]
14:48:37.943 [main] DEBUG org.springframework.test.context.BootstrapUtils - Instantiating CacheAwareContextLoaderDelegate from class [org.springframework.test.context.cache.DefaultCacheAwareContextLoaderDelegate]
14:48:37.957 [main] DEBUG org.springframework.test.context.BootstrapUtils - Instantiating BootstrapContext using constructor [public org.springframework.test.context.support.DefaultBootstrapContext(java.lang.Class,org.springframework.test.context.CacheAwareContextLoaderDelegate)]
14:48:37.980 [main] DEBUG org.springframework.test.context.BootstrapUtils - Instantiating TestContextBootstrapper for test class [com.verizon.dd.fortifycollector.FortifyCollectorApplicationTests] from class [org.springframework.boot.test.context.SpringBootTestContextBootstrapper]
14:48:38.001 [main] INFO org.springframework.boot.test.context.SpringBootTestContextBootstrapper - Neither @ContextConfiguration nor @ContextHierarchy found for test class [com.verizon.dd.fortifycollector.FortifyCollectorApplicationTests], using SpringBootContextLoader
14:48:38.009 [main] DEBUG org.springframework.test.context.support.AbstractContextLoader - Did not detect default resource location for test class [com.verizon.dd.fortifycollector.FortifyCollectorApplicationTests]: class path resource [com/verizon/dd/fortifycollector/FortifyCollectorApplicationTests-context.xml] does not exist
14:48:38.010 [main] DEBUG org.springframework.test.context.support.AbstractContextLoader - Did not detect default resource location for test class [com.verizon.dd.fortifycollector.FortifyCollectorApplicationTests]: class path resource [com/verizon/dd/fortifycollector/FortifyCollectorApplicationTestsContext.groovy] does not exist
14:48:38.011 [main] INFO org.springframework.test.context.support.AbstractContextLoader - Could not detect default resource locations for test class [com.verizon.dd.fortifycollector.FortifyCollectorApplicationTests]: no resource found for suffixes {-context.xml, Context.groovy}.
14:48:38.012 [main] INFO org.springframework.test.context.support.AnnotationConfigContextLoaderUtils - Could not detect default configuration classes for test class [com.verizon.dd.fortifycollector.FortifyCollectorApplicationTests]: FortifyCollectorApplicationTests does not declare any static, non-private, non-final, nested classes annotated with @Configuration.
14:48:38.111 [main] DEBUG org.springframework.test.context.support.ActiveProfilesUtils - Could not find an 'annotation declaring class' for annotation type [org.springframework.test.context.ActiveProfiles] and class [com.verizon.dd.fortifycollector.FortifyCollectorApplicationTests]
14:48:38.126 [main] DEBUG org.springframework.core.env.StandardEnvironment - Adding PropertySource 'systemProperties' with lowest search precedence
14:48:38.126 [main] DEBUG org.springframework.core.env.StandardEnvironment - Adding PropertySource 'systemEnvironment' with lowest search precedence
14:48:38.127 [main] DEBUG org.springframework.core.env.StandardEnvironment - Initialized StandardEnvironment with PropertySources [MapPropertySource@110771485 {name='systemProperties', properties={java.runtime.name=Java(TM) SE Runtime Environment, sun.boot.library.path=C:\Program Files\Java\jdk1.8.0_131\jre\bin, java.vm.version=25.131-b11, java.vm.vendor=Oracle Corporation, java.vendor.url=http://java.oracle.com/, path.separator=;, java.vm.name=Java HotSpot(TM) 64-Bit Server VM, file.encoding.pkg=sun.io, user.country=US, user.script=, sun.java.launcher=SUN_STANDARD, sun.os.patch.level=, java.vm.specification.name=Java Virtual Machine Specification, user.dir=C:\Users\v160771\Documents\development\appsec\java\source\os4v_developerdashboard\collectors\fortify-collector, java.runtime.version=1.8.0_131-b11, basedir=C:\Users\v160771\Documents\development\appsec\java\source\os4v_developerdashboard\collectors\fortify-collector, java.awt.graphicsenv=sun.awt.Win32GraphicsEnvironment, java.endorsed.dirs=C:\Program Files\Java\jdk1.8.0_131\jre\lib\endorsed, os.arch=amd64, surefire.real.class.path=C:\Users\v160771\Documents\development\appsec\java\source\os4v_developerdashboard\collectors\fortify-collector\target\surefire\surefirebooter8426708201066107063.jar, java.io.tmpdir=C:\Users\v160771\AppData\Local\Temp\, line.separator=
, java.vm.specification.vendor=Oracle Corporation, user.variant=, os.name=Windows 10, sun.jnu.encoding=Cp1252, java.library.path=C:\Program Files\Java\jdk1.8.0_131\jre\bin;C:\windows\Sun\Java\bin;C:\windows\system32;C:\windows;C:\ProgramData\Oracle\Java\javapath;C:\Program Files (x86)\Intel\iCLS Client\;C:\Program Files\Intel\iCLS Client\;C:\windows\system32;C:\windows;C:\windows\System32\Wbem;C:\windows\System32\WindowsPowerShell\v1.0\;C:\Program Files (x86)\Intel\Intel(R) Management Engine Components\DAL;C:\Program Files\Intel\Intel(R) Management Engine Components\DAL;C:\Program Files (x86)\Intel\Intel(R) Management Engine Components\IPT;C:\Program Files\Intel\Intel(R) Management Engine Components\IPT;C:\Program Files (x86)\Microsoft SQL Server\Client SDK\ODBC\130\Tools\Binn\;C:\Program Files (x86)\Microsoft SQL Server\130\Tools\Binn\;C:\Program Files (x86)\Microsoft SQL Server\130\DTS\Binn\;C:\Program Files (x86)\Microsoft SQL Server\130\Tools\Binn\ManagementStudio\;C:\Program Files (x86)\AccuRev\bin;C:\Program Files\Java\jdk1.8.0_131\bin;C:\Program Files\Git\bin\git.exe;C:\Program Files\Git\cmd;C:\Program Files\apache-maven-3.3.3-bin\bin;C:\Program Files\Git\cmd;C:\Program Files\PuTTY\;C:\Program Files\nodejs\;C:\Program Files (x86)\Sennheiser\SoftphoneSDK\;C:\Users\v160771\AppData\Local\Microsoft\WindowsApps;., surefire.test.class.path=C:\Users\v160771\Documents\development\appsec\java\source\os4v_developerdashboard\collectors\fortify-collector\target\test-classes;C:\Users\v160771\Documents\development\appsec\java\source\os4v_developerdashboard\collectors\fortify-collector\target\classes;C:\Users\v160771\.m2\repository\org\springframework\cloud\spring-cloud-task-starter\1.0.3.RELEASE\spring-cloud-task-starter-1.0.3.RELEASE.jar;C:\Users\v160771\.m2\repository\org\springframework\cloud\spring-cloud-task-core\1.0.3.RELEASE\spring-cloud-task-core-1.0.3.RELEASE.jar;C:\Users\v160771\.m2\repository\org\springframework\cloud\spring-cloud-deployer-resource-support\1.0.2.RELEASE\spring-cloud-deployer-resource-support-1.0.2.RELEASE.jar;C:\Users\v160771\.m2\repository\org\springframework\batch\spring-batch-infrastructure\3.0.8.RELEASE\spring-batch-infrastructure-3.0.8.RELEASE.jar;C:\Users\v160771\.m2\repository\org\springframework\retry\spring-retry\1.2.2.RELEASE\spring-retry-1.2.2.RELEASE.jar;C:\Users\v160771\.m2\repository\org\springframework\data\spring-data-commons\1.13.10.RELEASE\spring-data-commons-1.13.10.RELEASE.jar;C:\Users\v160771\.m2\repository\org\springframework\cloud\spring-cloud-task-batch\1.0.3.RELEASE\spring-cloud-task-batch-1.0.3.RELEASE.jar;C:\Users\v160771\.m2\repository\org\springframework\cloud\spring-cloud-task-stream\1.0.3.RELEASE\spring-cloud-task-stream-1.0.3.RELEASE.jar;C:\Users\v160771\.m2\repository\org\springframework\boot\spring-boot-starter-batch\1.5.10.RELEASE\spring-boot-starter-batch-1.5.10.RELEASE.jar;C:\Users\v160771\.m2\repository\org\springframework\boot\spring-boot-starter\1.5.10.RELEASE\spring-boot-starter-1.5.10.RELEASE.jar;C:\Users\v160771\.m2\repository\org\springframework\boot\spring-boot-starter-logging\1.5.10.RELEASE\spring-boot-starter-logging-1.5.10.RELEASE.jar;C:\Users\v160771\.m2\repository\ch\qos\logback\logback-classic\1.1.11\logback-classic-1.1.11.jar;C:\Users\v160771\.m2\repository\ch\qos\logback\logback-core\1.1.11\logback-core-1.1.11.jar;C:\Users\v160771\.m2\repository\org\slf4j\jul-to-slf4j\1.7.25\jul-to-slf4j-1.7.25.jar;C:\Users\v160771\.m2\repository\org\slf4j\log4j-over-slf4j\1.7.25\log4j-over-slf4j-1.7.25.jar;C:\Users\v160771\.m2\repository\org\yaml\snakeyaml\1.17\snakeyaml-1.17.jar;C:\Users\v160771\.m2\repository\org\springframework\boot\spring-boot-starter-jdbc\1.5.10.RELEASE\spring-boot-starter-jdbc-1.5.10.RELEASE.jar;C:\Users\v160771\.m2\repository\org\apache\tomcat\tomcat-jdbc\8.5.27\tomcat-jdbc-8.5.27.jar;C:\Users\v160771\.m2\repository\org\apache\tomcat\tomcat-juli\8.5.27\tomcat-juli-8.5.27.jar;C:\Users\v160771\.m2\repository\org\springframework\batch\spring-batch-core\3.0.8.RELEASE\spring-batch-core-3.0.8.RELEASE.jar;C:\Users\v160771\.m2\repository\com\ibm\jbatch\com.ibm.jbatch-tck-spi\1.0\com.ibm.jbatch-tck-spi-1.0.jar;C:\Users\v160771\.m2\repository\javax\batch\javax.batch-api\1.0\javax.batch-api-1.0.jar;C:\Users\v160771\.m2\repository\com\thoughtworks\xstream\xstream\1.4.7\xstream-1.4.7.jar;C:\Users\v160771\.m2\repository\xmlpull\xmlpull\1.1.3.1\xmlpull-1.1.3.1.jar;C:\Users\v160771\.m2\repository\xpp3\xpp3_min\1.1.4c\xpp3_min-1.1.4c.jar;C:\Users\v160771\.m2\repository\org\codehaus\jettison\jettison\1.2\jettison-1.2.jar;C:\Users\v160771\.m2\repository\org\springframework\spring-aop\4.3.14.RELEASE\spring-aop-4.3.14.RELEASE.jar;C:\Users\v160771\.m2\repository\org\springframework\spring-beans\4.3.14.RELEASE\spring-beans-4.3.14.RELEASE.jar;C:\Users\v160771\.m2\repository\org\springframework\spring-context\4.3.14.RELEASE\spring-context-4.3.14.RELEASE.jar;C:\Users\v160771\.m2\repository\org\springframework\boot\spring-boot-starter-data-cassandra\1.5.10.RELEASE\spring-boot-starter-data-cassandra-1.5.10.RELEASE.jar;C:\Users\v160771\.m2\repository\org\springframework\spring-tx\4.3.14.RELEASE\spring-tx-4.3.14.RELEASE.jar;C:\Users\v160771\.m2\repository\org\springframework\data\spring-data-cassandra\1.5.10.RELEASE\spring-data-cassandra-1.5.10.RELEASE.jar;C:\Users\v160771\.m2\repository\org\springframework\data\spring-cql\1.5.10.RELEASE\spring-cql-1.5.10.RELEASE.jar;C:\Users\v160771\.m2\repository\com\google\guava\guava\19.0\guava-19.0.jar;C:\Users\v160771\.m2\repository\org\springframework\spring-expression\4.3.14.RELEASE\spring-expression-4.3.14.RELEASE.jar;C:\Users\v160771\.m2\repository\com\datastax\cassandra\cassandra-driver-core\3.1.4\cassandra-driver-core-3.1.4.jar;C:\Users\v160771\.m2\repository\io\netty\netty-handler\4.0.37.Final\netty-handler-4.0.37.Final.jar;C:\Users\v160771\.m2\repository\io\netty\netty-buffer\4.0.37.Final\netty-buffer-4.0.37.Final.jar;C:\Users\v160771\.m2\repository\io\netty\netty-common\4.0.37.Final\netty-common-4.0.37.Final.jar;C:\Users\v160771\.m2\repository\io\netty\netty-transport\4.0.37.Final\netty-transport-4.0.37.Final.jar;C:\Users\v160771\.m2\repository\io\netty\netty-codec\4.0.37.Final\netty-codec-4.0.37.Final.jar;C:\Users\v160771\.m2\repository\io\dropwizard\metrics\metrics-core\3.1.5\metrics-core-3.1.5.jar;C:\Users\v160771\.m2\repository\com\github\jnr\jnr-ffi\2.0.7\jnr-ffi-2.0.7.jar;C:\Users\v160771\.m2\repository\com\github\jnr\jffi\1.2.10\jffi-1.2.10.jar;C:\Users\v160771\.m2\repository\com\github\jnr\jffi\1.2.10\jffi-1.2.10-native.jar;C:\Users\v160771\.m2\repository\org\ow2\asm\asm\5.0.3\asm-5.0.3.jar;C:\Users\v160771\.m2\repository\org\ow2\asm\asm-commons\5.0.3\asm-commons-5.0.3.jar;C:\Users\v160771\.m2\repository\org\ow2\asm\asm-analysis\5.0.3\asm-analysis-5.0.3.jar;C:\Users\v160771\.m2\repository\org\ow2\asm\asm-tree\5.0.3\asm-tree-5.0.3.jar;C:\Users\v160771\.m2\repository\org\ow2\asm\asm-util\5.0.3\asm-util-5.0.3.jar;C:\Users\v160771\.m2\repository\com\github\jnr\jnr-x86asm\1.0.2\jnr-x86asm-1.0.2.jar;C:\Users\v160771\.m2\repository\com\github\jnr\jnr-posix\3.0.27\jnr-posix-3.0.27.jar;C:\Users\v160771\.m2\repository\com\github\jnr\jnr-constants\0.9.0\jnr-constants-0.9.0.jar;C:\Users\v160771\.m2\repository\org\slf4j\slf4j-api\1.7.25\slf4j-api-1.7.25.jar;C:\Users\v160771\.m2\repository\org\slf4j\jcl-over-slf4j\1.7.25\jcl-over-slf4j-1.7.25.jar;C:\Users\v160771\.m2\repository\org\springframework\boot\spring-boot-starter-data-jpa\1.5.10.RELEASE\spring-boot-starter-data-jpa-1.5.10.RELEASE.jar;C:\Users\v160771\.m2\repository\org\springframework\boot\spring-boot-starter-aop\1.5.10.RELEASE\spring-boot-starter-aop-1.5.10.RELEASE.jar;C:\Users\v160771\.m2\repository\org\aspectj\aspectjweaver\1.8.13\aspectjweaver-1.8.13.jar;C:\Users\v160771\.m2\repository\org\hibernate\hibernate-core\5.0.12.Final\hibernate-core-5.0.12.Final.jar;C:\Users\v160771\.m2\repository\org\jboss\logging\jboss-logging\3.3.1.Final\jboss-logging-3.3.1.Final.jar;C:\Users\v160771\.m2\repository\org\hibernate\javax\persistence\hibernate-jpa-2.1-api\1.0.0.Final\hibernate-jpa-2.1-api-1.0.0.Final.jar;C:\Users\v160771\.m2\repository\org\javassist\javassist\3.21.0-GA\javassist-3.21.0-GA.jar;C:\Users\v160771\.m2\repository\antlr\antlr\2.7.7\antlr-2.7.7.jar;C:\Users\v160771\.m2\repository\org\jboss\jandex\2.0.0.Final\jandex-2.0.0.Final.jar;C:\Users\v160771\.m2\repository\dom4j\dom4j\1.6.1\dom4j-1.6.1.jar;C:\Users\v160771\.m2\repository\org\hibernate\common\hibernate-commons-annotations\5.0.1.Final\hibernate-commons-annotations-5.0.1.Final.jar;C:\Users\v160771\.m2\repository\org\hibernate\hibernate-entitymanager\5.0.12.Final\hibernate-entitymanager-5.0.12.Final.jar;C:\Users\v160771\.m2\repository\javax\transaction\javax.transaction-api\1.2\javax.transaction-api-1.2.jar;C:\Users\v160771\.m2\repository\org\springframework\data\spring-data-jpa\1.11.10.RELEASE\spring-data-jpa-1.11.10.RELEASE.jar;C:\Users\v160771\.m2\repository\org\springframework\spring-orm\4.3.14.RELEASE\spring-orm-4.3.14.RELEASE.jar;C:\Users\v160771\.m2\repository\org\springframework\spring-aspects\4.3.14.RELEASE\spring-aspects-4.3.14.RELEASE.jar;C:\Users\v160771\.m2\repository\org\projectlombok\lombok\1.16.20\lombok-1.16.20.jar;C:\Users\v160771\.m2\repository\com\microsoft\sqlserver\mssql-jdbc\6.3.6.jre8-preview\mssql-jdbc-6.3.6.jre8-preview.jar;C:\Users\v160771\.m2\repository\org\springframework\boot\spring-boot-starter-test\1.5.10.RELEASE\spring-boot-starter-test-1.5.10.RELEASE.jar;C:\Users\v160771\.m2\repository\org\springframework\boot\spring-boot-test\1.5.10.RELEASE\spring-boot-test-1.5.10.RELEASE.jar;C:\Users\v160771\.m2\repository\org\springframework\boot\spring-boot-test-autoconfigure\1.5.10.RELEASE\spring-boot-test-autoconfigure-1.5.10.RELEASE.jar;C:\Users\v160771\.m2\repository\com\jayway\jsonpath\json-path\2.2.0\json-path-2.2.0.jar;C:\Users\v160771\.m2\repository\net\minidev\json-smart\2.2.1\json-smart-2.2.1.jar;C:\Users\v160771\.m2\repository\net\minidev\accessors-smart\1.1\accessors-smart-1.1.jar;C:\Users\v160771\.m2\repository\junit\junit\4.12\junit-4.12.jar;C:\Users\v160771\.m2\repository\org\assertj\assertj-core\2.6.0\assertj-core-2.6.0.jar;C:\Users\v160771\.m2\repository\org\mockito\mockito-core\1.10.19\mockito-core-1.10.19.jar;C:\Users\v160771\.m2\repository\org\objenesis\objenesis\2.1\objenesis-2.1.jar;C:\Users\v160771\.m2\repository\org\hamcrest\hamcrest-core\1.3\hamcrest-core-1.3.jar;C:\Users\v160771\.m2\repository\org\hamcrest\hamcrest-library\1.3\hamcrest-library-1.3.jar;C:\Users\v160771\.m2\repository\org\skyscreamer\jsonassert\1.4.0\jsonassert-1.4.0.jar;C:\Users\v160771\.m2\repository\com\vaadin\external\google\android-json\0.0.20131108.vaadin1\android-json-0.0.20131108.vaadin1.jar;C:\Users\v160771\.m2\repository\org\springframework\spring-core\4.3.14.RELEASE\spring-core-4.3.14.RELEASE.jar;C:\Users\v160771\.m2\repository\org\springframework\spring-test\4.3.14.RELEASE\spring-test-4.3.14.RELEASE.jar;C:\Users\v160771\.m2\repository\org\springframework\batch\spring-batch-test\3.0.8.RELEASE\spring-batch-test-3.0.8.RELEASE.jar;C:\Users\v160771\.m2\repository\commons-collections\commons-collections\3.2.2\commons-collections-3.2.2.jar;C:\Users\v160771\.m2\repository\commons-io\commons-io\2.4\commons-io-2.4.jar;C:\Users\v160771\.m2\repository\org\springframework\spring-jdbc\4.3.14.RELEASE\spring-jdbc-4.3.14.RELEASE.jar;C:\Users\v160771\.m2\repository\org\springframework\boot\spring-boot-devtools\1.5.10.RELEASE\spring-boot-devtools-1.5.10.RELEASE.jar;C:\Users\v160771\.m2\repository\org\springframework\boot\spring-boot\1.5.10.RELEASE\spring-boot-1.5.10.RELEASE.jar;C:\Users\v160771\.m2\repository\org\springframework\boot\spring-boot-autoconfigure\1.5.10.RELEASE\spring-boot-autoconfigure-1.5.10.RELEASE.jar;, java.specification.name=Java Platform API Specification, java.class.version=52.0, sun.management.compiler=HotSpot 64-Bit Tiered Compilers, os.version=10.0, user.home=C:\Users\v160771, user.timezone=America/Chicago, java.awt.printerjob=sun.awt.windows.WPrinterJob, file.encoding=Cp1252, java.specification.version=1.8, java.class.path=C:\Users\v160771\Documents\development\appsec\java\source\os4v_developerdashboard\collectors\fortify-collector\target\test-classes;C:\Users\v160771\Documents\development\appsec\java\source\os4v_developerdashboard\collectors\fortify-collector\target\classes;C:\Users\v160771\.m2\repository\org\springframework\cloud\spring-cloud-task-starter\1.0.3.RELEASE\spring-cloud-task-starter-1.0.3.RELEASE.jar;C:\Users\v160771\.m2\repository\org\springframework\cloud\spring-cloud-task-core\1.0.3.RELEASE\spring-cloud-task-core-1.0.3.RELEASE.jar;C:\Users\v160771\.m2\repository\org\springframework\cloud\spring-cloud-deployer-resource-support\1.0.2.RELEASE\spring-cloud-deployer-resource-support-1.0.2.RELEASE.jar;C:\Users\v160771\.m2\repository\org\springframework\batch\spring-batch-infrastructure\3.0.8.RELEASE\spring-batch-infrastructure-3.0.8.RELEASE.jar;C:\Users\v160771\.m2\repository\org\springframework\retry\spring-retry\1.2.2.RELEASE\spring-retry-1.2.2.RELEASE.jar;C:\Users\v160771\.m2\repository\org\springframework\data\spring-data-commons\1.13.10.RELEASE\spring-data-commons-1.13.10.RELEASE.jar;C:\Users\v160771\.m2\repository\org\springframework\cloud\spring-cloud-task-batch\1.0.3.RELEASE\spring-cloud-task-batch-1.0.3.RELEASE.jar;C:\Users\v160771\.m2\repository\org\springframework\cloud\spring-cloud-task-stream\1.0.3.RELEASE\spring-cloud-task-stream-1.0.3.RELEASE.jar;C:\Users\v160771\.m2\repository\org\springframework\boot\spring-boot-starter-batch\1.5.10.RELEASE\spring-boot-starter-batch-1.5.10.RELEASE.jar;C:\Users\v160771\.m2\repository\org\springframework\boot\spring-boot-starter\1.5.10.RELEASE\spring-boot-starter-1.5.10.RELEASE.jar;C:\Users\v160771\.m2\repository\org\springframework\boot\spring-boot-starter-logging\1.5.10.RELEASE\spring-boot-starter-logging-1.5.10.RELEASE.jar;C:\Users\v160771\.m2\repository\ch\qos\logback\logback-classic\1.1.11\logback-classic-1.1.11.jar;C:\Users\v160771\.m2\repository\ch\qos\logback\logback-core\1.1.11\logback-core-1.1.11.jar;C:\Users\v160771\.m2\repository\org\slf4j\jul-to-slf4j\1.7.25\jul-to-slf4j-1.7.25.jar;C:\Users\v160771\.m2\repository\org\slf4j\log4j-over-slf4j\1.7.25\log4j-over-slf4j-1.7.25.jar;C:\Users\v160771\.m2\repository\org\yaml\snakeyaml\1.17\snakeyaml-1.17.jar;C:\Users\v160771\.m2\repository\org\springframework\boot\spring-boot-starter-jdbc\1.5.10.RELEASE\spring-boot-starter-jdbc-1.5.10.RELEASE.jar;C:\Users\v160771\.m2\repository\org\apache\tomcat\tomcat-jdbc\8.5.27\tomcat-jdbc-8.5.27.jar;C:\Users\v160771\.m2\repository\org\apache\tomcat\tomcat-juli\8.5.27\tomcat-juli-8.5.27.jar;C:\Users\v160771\.m2\repository\org\springframework\batch\spring-batch-core\3.0.8.RELEASE\spring-batch-core-3.0.8.RELEASE.jar;C:\Users\v160771\.m2\repository\com\ibm\jbatch\com.ibm.jbatch-tck-spi\1.0\com.ibm.jbatch-tck-spi-1.0.jar;C:\Users\v160771\.m2\repository\javax\batch\javax.batch-api\1.0\javax.batch-api-1.0.jar;C:\Users\v160771\.m2\repository\com\thoughtworks\xstream\xstream\1.4.7\xstream-1.4.7.jar;C:\Users\v160771\.m2\repository\xmlpull\xmlpull\1.1.3.1\xmlpull-1.1.3.1.jar;C:\Users\v160771\.m2\repository\xpp3\xpp3_min\1.1.4c\xpp3_min-1.1.4c.jar;C:\Users\v160771\.m2\repository\org\codehaus\jettison\jettison\1.2\jettison-1.2.jar;C:\Users\v160771\.m2\repository\org\springframework\spring-aop\4.3.14.RELEASE\spring-aop-4.3.14.RELEASE.jar;C:\Users\v160771\.m2\repository\org\springframework\spring-beans\4.3.14.RELEASE\spring-beans-4.3.14.RELEASE.jar;C:\Users\v160771\.m2\repository\org\springframework\spring-context\4.3.14.RELEASE\spring-context-4.3.14.RELEASE.jar;C:\Users\v160771\.m2\repository\org\springframework\boot\spring-boot-starter-data-cassandra\1.5.10.RELEASE\spring-boot-starter-data-cassandra-1.5.10.RELEASE.jar;C:\Users\v160771\.m2\repository\org\springframework\spring-tx\4.3.14.RELEASE\spring-tx-4.3.14.RELEASE.jar;C:\Users\v160771\.m2\repository\org\springframework\data\spring-data-cassandra\1.5.10.RELEASE\spring-data-cassandra-1.5.10.RELEASE.jar;C:\Users\v160771\.m2\repository\org\springframework\data\spring-cql\1.5.10.RELEASE\spring-cql-1.5.10.RELEASE.jar;C:\Users\v160771\.m2\repository\com\google\guava\guava\19.0\guava-19.0.jar;C:\Users\v160771\.m2\repository\org\springframework\spring-expression\4.3.14.RELEASE\spring-expression-4.3.14.RELEASE.jar;C:\Users\v160771\.m2\repository\com\datastax\cassandra\cassandra-driver-core\3.1.4\cassandra-driver-core-3.1.4.jar;C:\Users\v160771\.m2\repository\io\netty\netty-handler\4.0.37.Final\netty-handler-4.0.37.Final.jar;C:\Users\v160771\.m2\repository\io\netty\netty-buffer\4.0.37.Final\netty-buffer-4.0.37.Final.jar;C:\Users\v160771\.m2\repository\io\netty\netty-common\4.0.37.Final\netty-common-4.0.37.Final.jar;C:\Users\v160771\.m2\repository\io\netty\netty-transport\4.0.37.Final\netty-transport-4.0.37.Final.jar;C:\Users\v160771\.m2\repository\io\netty\netty-codec\4.0.37.Final\netty-codec-4.0.37.Final.jar;C:\Users\v160771\.m2\repository\io\dropwizard\metrics\metrics-core\3.1.5\metrics-core-3.1.5.jar;C:\Users\v160771\.m2\repository\com\github\jnr\jnr-ffi\2.0.7\jnr-ffi-2.0.7.jar;C:\Users\v160771\.m2\repository\com\github\jnr\jffi\1.2.10\jffi-1.2.10.jar;C:\Users\v160771\.m2\repository\com\github\jnr\jffi\1.2.10\jffi-1.2.10-native.jar;C:\Users\v160771\.m2\repository\org\ow2\asm\asm\5.0.3\asm-5.0.3.jar;C:\Users\v160771\.m2\repository\org\ow2\asm\asm-commons\5.0.3\asm-commons-5.0.3.jar;C:\Users\v160771\.m2\repository\org\ow2\asm\asm-analysis\5.0.3\asm-analysis-5.0.3.jar;C:\Users\v160771\.m2\repository\org\ow2\asm\asm-tree\5.0.3\asm-tree-5.0.3.jar;C:\Users\v160771\.m2\repository\org\ow2\asm\asm-util\5.0.3\asm-util-5.0.3.jar;C:\Users\v160771\.m2\repository\com\github\jnr\jnr-x86asm\1.0.2\jnr-x86asm-1.0.2.jar;C:\Users\v160771\.m2\repository\com\github\jnr\jnr-posix\3.0.27\jnr-posix-3.0.27.jar;C:\Users\v160771\.m2\repository\com\github\jnr\jnr-constants\0.9.0\jnr-constants-0.9.0.jar;C:\Users\v160771\.m2\repository\org\slf4j\slf4j-api\1.7.25\slf4j-api-1.7.25.jar;C:\Users\v160771\.m2\repository\org\slf4j\jcl-over-slf4j\1.7.25\jcl-over-slf4j-1.7.25.jar;C:\Users\v160771\.m2\repository\org\springframework\boot\spring-boot-starter-data-jpa\1.5.10.RELEASE\spring-boot-starter-data-jpa-1.5.10.RELEASE.jar;C:\Users\v160771\.m2\repository\org\springframework\boot\spring-boot-starter-aop\1.5.10.RELEASE\spring-boot-starter-aop-1.5.10.RELEASE.jar;C:\Users\v160771\.m2\repository\org\aspectj\aspectjweaver\1.8.13\aspectjweaver-1.8.13.jar;C:\Users\v160771\.m2\repository\org\hibernate\hibernate-core\5.0.12.Final\hibernate-core-5.0.12.Final.jar;C:\Users\v160771\.m2\repository\org\jboss\logging\jboss-logging\3.3.1.Final\jboss-logging-3.3.1.Final.jar;C:\Users\v160771\.m2\repository\org\hibernate\javax\persistence\hibernate-jpa-2.1-api\1.0.0.Final\hibernate-jpa-2.1-api-1.0.0.Final.jar;C:\Users\v160771\.m2\repository\org\javassist\javassist\3.21.0-GA\javassist-3.21.0-GA.jar;C:\Users\v160771\.m2\repository\antlr\antlr\2.7.7\antlr-2.7.7.jar;C:\Users\v160771\.m2\repository\org\jboss\jandex\2.0.0.Final\jandex-2.0.0.Final.jar;C:\Users\v160771\.m2\repository\dom4j\dom4j\1.6.1\dom4j-1.6.1.jar;C:\Users\v160771\.m2\repository\org\hibernate\common\hibernate-commons-annotations\5.0.1.Final\hibernate-commons-annotations-5.0.1.Final.jar;C:\Users\v160771\.m2\repository\org\hibernate\hibernate-entitymanager\5.0.12.Final\hibernate-entitymanager-5.0.12.Final.jar;C:\Users\v160771\.m2\repository\javax\transaction\javax.transaction-api\1.2\javax.transaction-api-1.2.jar;C:\Users\v160771\.m2\repository\org\springframework\data\spring-data-jpa\1.11.10.RELEASE\spring-data-jpa-1.11.10.RELEASE.jar;C:\Users\v160771\.m2\repository\org\springframework\spring-orm\4.3.14.RELEASE\spring-orm-4.3.14.RELEASE.jar;C:\Users\v160771\.m2\repository\org\springframework\spring-aspects\4.3.14.RELEASE\spring-aspects-4.3.14.RELEASE.jar;C:\Users\v160771\.m2\repository\org\projectlombok\lombok\1.16.20\lombok-1.16.20.jar;C:\Users\v160771\.m2\repository\com\microsoft\sqlserver\mssql-jdbc\6.3.6.jre8-preview\mssql-jdbc-6.3.6.jre8-preview.jar;C:\Users\v160771\.m2\repository\org\springframework\boot\spring-boot-starter-test\1.5.10.RELEASE\spring-boot-starter-test-1.5.10.RELEASE.jar;C:\Users\v160771\.m2\repository\org\springframework\boot\spring-boot-test\1.5.10.RELEASE\spring-boot-test-1.5.10.RELEASE.jar;C:\Users\v160771\.m2\repository\org\springframework\boot\spring-boot-test-autoconfigure\1.5.10.RELEASE\spring-boot-test-autoconfigure-1.5.10.RELEASE.jar;C:\Users\v160771\.m2\repository\com\jayway\jsonpath\json-path\2.2.0\json-path-2.2.0.jar;C:\Users\v160771\.m2\repository\net\minidev\json-smart\2.2.1\json-smart-2.2.1.jar;C:\Users\v160771\.m2\repository\net\minidev\accessors-smart\1.1\accessors-smart-1.1.jar;C:\Users\v160771\.m2\repository\junit\junit\4.12\junit-4.12.jar;C:\Users\v160771\.m2\repository\org\assertj\assertj-core\2.6.0\assertj-core-2.6.0.jar;C:\Users\v160771\.m2\repository\org\mockito\mockito-core\1.10.19\mockito-core-1.10.19.jar;C:\Users\v160771\.m2\repository\org\objenesis\objenesis\2.1\objenesis-2.1.jar;C:\Users\v160771\.m2\repository\org\hamcrest\hamcrest-core\1.3\hamcrest-core-1.3.jar;C:\Users\v160771\.m2\repository\org\hamcrest\hamcrest-library\1.3\hamcrest-library-1.3.jar;C:\Users\v160771\.m2\repository\org\skyscreamer\jsonassert\1.4.0\jsonassert-1.4.0.jar;C:\Users\v160771\.m2\repository\com\vaadin\external\google\android-json\0.0.20131108.vaadin1\android-json-0.0.20131108.vaadin1.jar;C:\Users\v160771\.m2\repository\org\springframework\spring-core\4.3.14.RELEASE\spring-core-4.3.14.RELEASE.jar;C:\Users\v160771\.m2\repository\org\springframework\spring-test\4.3.14.RELEASE\spring-test-4.3.14.RELEASE.jar;C:\Users\v160771\.m2\repository\org\springframework\batch\spring-batch-test\3.0.8.RELEASE\spring-batch-test-3.0.8.RELEASE.jar;C:\Users\v160771\.m2\repository\commons-collections\commons-collections\3.2.2\commons-collections-3.2.2.jar;C:\Users\v160771\.m2\repository\commons-io\commons-io\2.4\commons-io-2.4.jar;C:\Users\v160771\.m2\repository\org\springframework\spring-jdbc\4.3.14.RELEASE\spring-jdbc-4.3.14.RELEASE.jar;C:\Users\v160771\.m2\repository\org\springframework\boot\spring-boot-devtools\1.5.10.RELEASE\spring-boot-devtools-1.5.10.RELEASE.jar;C:\Users\v160771\.m2\repository\org\springframework\boot\spring-boot\1.5.10.RELEASE\spring-boot-1.5.10.RELEASE.jar;C:\Users\v160771\.m2\repository\org\springframework\boot\spring-boot-autoconfigure\1.5.10.RELEASE\spring-boot-autoconfigure-1.5.10.RELEASE.jar;, user.name=v160771, java.vm.specification.version=1.8, sun.java.command=C:\Users\v160771\Documents\development\appsec\java\source\os4v_developerdashboard\collectors\fortify-collector\target\surefire\surefirebooter8426708201066107063.jar C:\Users\v160771\Documents\development\appsec\java\source\os4v_developerdashboard\collectors\fortify-collector\target\surefire\surefire3379949640095428841tmp C:\Users\v160771\Documents\development\appsec\java\source\os4v_developerdashboard\collectors\fortify-collector\target\surefire\surefire_05122711583014688071tmp, java.home=C:\Program Files\Java\jdk1.8.0_131\jre, sun.arch.data.model=64, user.language=en, java.specification.vendor=Oracle Corporation, awt.toolkit=sun.awt.windows.WToolkit, java.vm.info=mixed mode, java.version=1.8.0_131, java.ext.dirs=C:\Program Files\Java\jdk1.8.0_131\jre\lib\ext;C:\windows\Sun\Java\lib\ext, sun.boot.class.path=C:\Program Files\Java\jdk1.8.0_131\jre\lib\resources.jar;C:\Program Files\Java\jdk1.8.0_131\jre\lib\rt.jar;C:\Program Files\Java\jdk1.8.0_131\jre\lib\sunrsasign.jar;C:\Program Files\Java\jdk1.8.0_131\jre\lib\jsse.jar;C:\Program Files\Java\jdk1.8.0_131\jre\lib\jce.jar;C:\Program Files\Java\jdk1.8.0_131\jre\lib\charsets.jar;C:\Program Files\Java\jdk1.8.0_131\jre\lib\jfr.jar;C:\Program Files\Java\jdk1.8.0_131\jre\classes, java.vendor=Oracle Corporation, localRepository=C:\Users\v160771\.m2\repository, file.separator=\, java.vendor.url.bug=http://bugreport.sun.com/bugreport/, sun.io.unicode.encoding=UnicodeLittle, sun.cpu.endian=little, sun.desktop=windows, sun.cpu.isalist=amd64}}, SystemEnvironmentPropertySource@141289226 {name='systemEnvironment', properties={PATH=C:\ProgramData\Oracle\Java\javapath;C:\Program Files (x86)\Intel\iCLS Client\;C:\Program Files\Intel\iCLS Client\;C:\windows\system32;C:\windows;C:\windows\System32\Wbem;C:\windows\System32\WindowsPowerShell\v1.0\;C:\Program Files (x86)\Intel\Intel(R) Management Engine Components\DAL;C:\Program Files\Intel\Intel(R) Management Engine Components\DAL;C:\Program Files (x86)\Intel\Intel(R) Management Engine Components\IPT;C:\Program Files\Intel\Intel(R) Management Engine Components\IPT;C:\Program Files (x86)\Microsoft SQL Server\Client SDK\ODBC\130\Tools\Binn\;C:\Program Files (x86)\Microsoft SQL Server\130\Tools\Binn\;C:\Program Files (x86)\Microsoft SQL Server\130\DTS\Binn\;C:\Program Files (x86)\Microsoft SQL Server\130\Tools\Binn\ManagementStudio\;C:\Program Files (x86)\AccuRev\bin;C:\Program Files\Java\jdk1.8.0_131\bin;C:\Program Files\Git\bin\git.exe;C:\Program Files\Git\cmd;C:\Program Files\apache-maven-3.3.3-bin\bin;C:\Program Files\Git\cmd;C:\Program Files\PuTTY\;C:\Program Files\nodejs\;C:\Program Files (x86)\Sennheiser\SoftphoneSDK\;C:\Users\v160771\AppData\Local\Microsoft\WindowsApps, USERDOMAIN_ROAMINGPROFILE=USWIN, GIT_HOME=C:\Program Files\Git, PROCESSOR_LEVEL=6, SYSTEMDRIVE=C:, M2=C:\Program Files\apache-maven-3.3.3-bin\bin, ALLUSERSPROFILE=C:\ProgramData, PROCESSOR_ARCHITECTURE=AMD64, PROGRAMFILES=C:\Program Files, PSMODULEPATH=%ProgramFiles%\WindowsPowerShell\Modules;C:\windows\system32\WindowsPowerShell\v1.0\Modules;C:\Program Files (x86)\Microsoft SQL Server\130\Tools\PowerShell\Modules\, PROGRAMDATA=C:\ProgramData, USERNAME=v160771, USERDNSDOMAIN=USWIN.AD.VZWCORP.COM, WDIR=C:\Users\v160771\Documents\development\appsec\java\source\os4v_developerdashboard\collectors\fortify-collector, FPS_BROWSER_USER_PROFILE_STRING=Default, PATHEXT=.COM;.EXE;.BAT;.CMD;.VBS;.VBE;.JS;.JSE;.WSF;.WSH;.MSC, CLASSWORLDS_JAR="C:\Program Files\apache-maven-3.3.3-bin\boot\plexus-classworlds-2.5.2.jar", HOMESHARE=\\odksacvnx01c01.ent.verizon.com\homedrive_usr_fs001_sac$\V160771, WINDIR=C:\windows, HOMEPATH=\, PROCESSOR_IDENTIFIER=Intel64 Family 6 Model 94 Stepping 3, GenuineIntel, M2_HOME=C:\Program Files\apache-maven-3.3.3-bin, MAVEN_JAVA_EXE="C:\Program Files\Java\jdk1.8.0_131\bin\java.exe", PUBLIC=C:\Users\Public, LOCALAPPDATA=C:\Users\v160771\AppData\Local, COMMONPROGRAMFILES(X86)=C:\Program Files (x86)\Common Files, USERDOMAIN=USWIN, FPS_BROWSER_APP_PROFILE_STRING=Internet Explorer, LOGONSERVER=\\TPAP1CUADCW03, JAVA_HOME=C:\Program Files\Java\jdk1.8.0_131, PROMPT=$P$G, PROGRAMFILES(X86)=C:\Program Files (x86), ERROR_CODE=0, EXEC_DIR=C:\Users\v160771\Documents\development\appsec\java\source\os4v_developerdashboard\collectors\fortify-collector, =C:=C:\Users\v160771\Documents\development\appsec\java\source\os4v_developerdashboard\collectors\fortify-collector, APPDATA=C:\Users\v160771\AppData\Roaming, PROGRAMW6432=C:\Program Files, SYSTEMROOT=C:\windows, MAVEN_CMD_LINE_ARGS=package, OS=Windows_NT, COMMONPROGRAMW6432=C:\Program Files\Common Files, COMPUTERNAME=TTX0109ALKVTDZQ, COMMONPROGRAMFILES=C:\Program Files\Common Files, COMSPEC=C:\windows\system32\cmd.exe, MAVEN_PROJECTBASEDIR=C:\Users\v160771\Documents\development\appsec\java\source\os4v_developerdashboard\collectors\fortify-collector, PROCESSOR_REVISION=5e03, CLASSWORLDS_LAUNCHER=org.codehaus.plexus.classworlds.launcher.Launcher, TEMP=C:\Users\v160771\AppData\Local\Temp, HOMEDRIVE=H:, USERPROFILE=C:\Users\v160771, TMP=C:\Users\v160771\AppData\Local\Temp, NUMBER_OF_PROCESSORS=8, HOME=H:\}}]
14:48:38.153 [main] DEBUG org.springframework.core.io.support.PathMatchingResourcePatternResolver - Resolved classpath location [com/verizon/dd/fortifycollector/] to resources [URL [file:/C:/Users/v160771/Documents/development/appsec/java/source/os4v_developerdashboard/collectors/fortify-collector/target/test-classes/com/verizon/dd/fortifycollector/], URL [file:/C:/Users/v160771/Documents/development/appsec/java/source/os4v_developerdashboard/collectors/fortify-collector/target/classes/com/verizon/dd/fortifycollector/]]
14:48:38.154 [main] DEBUG org.springframework.core.io.support.PathMatchingResourcePatternResolver - Looking for matching resources in directory tree [C:\Users\v160771\Documents\development\appsec\java\source\os4v_developerdashboard\collectors\fortify-collector\target\test-classes\com\verizon\dd\fortifycollector]
14:48:38.154 [main] DEBUG org.springframework.core.io.support.PathMatchingResourcePatternResolver - Searching directory [C:\Users\v160771\Documents\development\appsec\java\source\os4v_developerdashboard\collectors\fortify-collector\target\test-classes\com\verizon\dd\fortifycollector] for files matching pattern [C:/Users/v160771/Documents/development/appsec/java/source/os4v_developerdashboard/collectors/fortify-collector/target/test-classes/com/verizon/dd/fortifycollector/*.class]
14:48:38.160 [main] DEBUG org.springframework.core.io.support.PathMatchingResourcePatternResolver - Looking for matching resources in directory tree [C:\Users\v160771\Documents\development\appsec\java\source\os4v_developerdashboard\collectors\fortify-collector\target\classes\com\verizon\dd\fortifycollector]
14:48:38.161 [main] DEBUG org.springframework.core.io.support.PathMatchingResourcePatternResolver - Searching directory [C:\Users\v160771\Documents\development\appsec\java\source\os4v_developerdashboard\collectors\fortify-collector\target\classes\com\verizon\dd\fortifycollector] for files matching pattern [C:/Users/v160771/Documents/development/appsec/java/source/os4v_developerdashboard/collectors/fortify-collector/target/classes/com/verizon/dd/fortifycollector/*.class]
14:48:38.164 [main] DEBUG org.springframework.core.io.support.PathMatchingResourcePatternResolver - Resolved location pattern [classpath*:com/verizon/dd/fortifycollector/*.class] to resources [file [C:\Users\v160771\Documents\development\appsec\java\source\os4v_developerdashboard\collectors\fortify-collector\target\test-classes\com\verizon\dd\fortifycollector\FortifyCollectorApplicationTests.class], file [C:\Users\v160771\Documents\development\appsec\java\source\os4v_developerdashboard\collectors\fortify-collector\target\classes\com\verizon\dd\fortifycollector\FortifyCollectorApplication.class]]
14:48:38.247 [main] DEBUG org.springframework.context.annotation.ClassPathScanningCandidateComponentProvider - Identified candidate component class: file [C:\Users\v160771\Documents\development\appsec\java\source\os4v_developerdashboard\collectors\fortify-collector\target\classes\com\verizon\dd\fortifycollector\FortifyCollectorApplication.class]
14:48:38.257 [main] INFO org.springframework.boot.test.context.SpringBootTestContextBootstrapper - Found @SpringBootConfiguration com.verizon.dd.fortifycollector.FortifyCollectorApplication for test class com.verizon.dd.fortifycollector.FortifyCollectorApplicationTests
14:48:38.260 [main] DEBUG org.springframework.boot.test.context.SpringBootTestContextBootstrapper - @TestExecutionListeners is not present for class [com.verizon.dd.fortifycollector.FortifyCollectorApplicationTests]: using defaults.
14:48:38.279 [main] INFO org.springframework.boot.test.context.SpringBootTestContextBootstrapper - Loaded default TestExecutionListener class names from location [META-INF/spring.factories]: [org.springframework.boot.test.mock.mockito.MockitoTestExecutionListener, org.springframework.boot.test.mock.mockito.ResetMocksTestExecutionListener, org.springframework.boot.test.autoconfigure.restdocs.RestDocsTestExecutionListener, org.springframework.boot.test.autoconfigure.web.client.MockRestServiceServerResetTestExecutionListener, org.springframework.boot.test.autoconfigure.web.servlet.MockMvcPrintOnlyOnFailureTestExecutionListener, org.springframework.boot.test.autoconfigure.web.servlet.WebDriverTestExecutionListener, org.springframework.test.context.web.ServletTestExecutionListener, org.springframework.test.context.support.DirtiesContextBeforeModesTestExecutionListener, org.springframework.test.context.support.DependencyInjectionTestExecutionListener, org.springframework.test.context.support.DirtiesContextTestExecutionListener, org.springframework.test.context.transaction.TransactionalTestExecutionListener, org.springframework.test.context.jdbc.SqlScriptsTestExecutionListener]
14:48:38.308 [main] DEBUG org.springframework.boot.test.context.SpringBootTestContextBootstrapper - Could not instantiate TestExecutionListener [org.springframework.test.context.web.ServletTestExecutionListener]. Specify custom listener classes or make the default listener classes (and their required dependencies) available. Offending class: [javax/servlet/ServletContext]
14:48:38.327 [main] INFO org.springframework.boot.test.context.SpringBootTestContextBootstrapper - Using TestExecutionListeners: [org.springframework.test.context.support.DirtiesContextBeforeModesTestExecutionListener@ba8d91c, org.springframework.boot.test.autoconfigure.SpringBootDependencyInjectionTestExecutionListener@7364985f, org.springframework.test.context.support.DirtiesContextTestExecutionListener@5d20e46, org.springframework.test.context.transaction.TransactionalTestExecutionListener@709ba3fb, org.springframework.test.context.jdbc.SqlScriptsTestExecutionListener@3d36e4cd, org.springframework.boot.test.mock.mockito.MockitoTestExecutionListener@6a472554, org.springframework.boot.test.mock.mockito.ResetMocksTestExecutionListener@7ff2a664, org.springframework.boot.test.autoconfigure.restdocs.RestDocsTestExecutionListener@525b461a, org.springframework.boot.test.autoconfigure.web.client.MockRestServiceServerResetTestExecutionListener@58c1c010, org.springframework.boot.test.autoconfigure.web.servlet.MockMvcPrintOnlyOnFailureTestExecutionListener@b7f23d9, org.springframework.boot.test.autoconfigure.web.servlet.WebDriverTestExecutionListener@61d47554]
14:48:38.331 [main] DEBUG org.springframework.test.annotation.ProfileValueUtils - Retrieved @ProfileValueSourceConfiguration [null] for test class [com.verizon.dd.fortifycollector.FortifyCollectorApplicationTests]
14:48:38.332 [main] DEBUG org.springframework.test.annotation.ProfileValueUtils - Retrieved ProfileValueSource type [class org.springframework.test.annotation.SystemProfileValueSource] for class [com.verizon.dd.fortifycollector.FortifyCollectorApplicationTests]
14:48:38.335 [main] DEBUG org.springframework.test.context.junit4.SpringJUnit4ClassRunner - SpringJUnit4ClassRunner constructor called with [class com.verizon.dd.fortifycollector.FortifyCollectorApplicationTests]
14:48:38.336 [main] DEBUG org.springframework.test.context.BootstrapUtils - Instantiating CacheAwareContextLoaderDelegate from class [org.springframework.test.context.cache.DefaultCacheAwareContextLoaderDelegate]
14:48:38.336 [main] DEBUG org.springframework.test.context.BootstrapUtils - Instantiating BootstrapContext using constructor [public org.springframework.test.context.support.DefaultBootstrapContext(java.lang.Class,org.springframework.test.context.CacheAwareContextLoaderDelegate)]
14:48:38.336 [main] DEBUG org.springframework.test.context.BootstrapUtils - Instantiating TestContextBootstrapper for test class [com.verizon.dd.fortifycollector.FortifyCollectorApplicationTests] from class [org.springframework.boot.test.context.SpringBootTestContextBootstrapper]
14:48:38.337 [main] INFO org.springframework.boot.test.context.SpringBootTestContextBootstrapper - Neither @ContextConfiguration nor @ContextHierarchy found for test class [com.verizon.dd.fortifycollector.FortifyCollectorApplicationTests], using SpringBootContextLoader
14:48:38.338 [main] DEBUG org.springframework.test.context.support.AbstractContextLoader - Did not detect default resource location for test class [com.verizon.dd.fortifycollector.FortifyCollectorApplicationTests]: class path resource [com/verizon/dd/fortifycollector/FortifyCollectorApplicationTests-context.xml] does not exist
14:48:38.338 [main] DEBUG org.springframework.test.context.support.AbstractContextLoader - Did not detect default resource location for test class [com.verizon.dd.fortifycollector.FortifyCollectorApplicationTests]: class path resource [com/verizon/dd/fortifycollector/FortifyCollectorApplicationTestsContext.groovy] does not exist
14:48:38.338 [main] INFO org.springframework.test.context.support.AbstractContextLoader - Could not detect default resource locations for test class [com.verizon.dd.fortifycollector.FortifyCollectorApplicationTests]: no resource found for suffixes {-context.xml, Context.groovy}.
14:48:38.339 [main] INFO org.springframework.test.context.support.AnnotationConfigContextLoaderUtils - Could not detect default configuration classes for test class [com.verizon.dd.fortifycollector.FortifyCollectorApplicationTests]: FortifyCollectorApplicationTests does not declare any static, non-private, non-final, nested classes annotated with @Configuration.
14:48:38.365 [main] DEBUG org.springframework.test.context.support.ActiveProfilesUtils - Could not find an 'annotation declaring class' for annotation type [org.springframework.test.context.ActiveProfiles] and class [com.verizon.dd.fortifycollector.FortifyCollectorApplicationTests]
14:48:38.365 [main] DEBUG org.springframework.core.env.StandardEnvironment - Adding PropertySource 'systemProperties' with lowest search precedence
14:48:38.365 [main] DEBUG org.springframework.core.env.StandardEnvironment - Adding PropertySource 'systemEnvironment' with lowest search precedence
14:48:38.366 [main] DEBUG org.springframework.core.env.StandardEnvironment - Initialized StandardEnvironment with PropertySources [MapPropertySource@48914743 {name='systemProperties', properties={java.runtime.name=Java(TM) SE Runtime Environment, sun.boot.library.path=C:\Program Files\Java\jdk1.8.0_131\jre\bin, java.vm.version=25.131-b11, java.vm.vendor=Oracle Corporation, java.vendor.url=http://java.oracle.com/, path.separator=;, java.vm.name=Java HotSpot(TM) 64-Bit Server VM, file.encoding.pkg=sun.io, user.country=US, user.script=, sun.java.launcher=SUN_STANDARD, sun.os.patch.level=, java.vm.specification.name=Java Virtual Machine Specification, user.dir=C:\Users\v160771\Documents\development\appsec\java\source\os4v_developerdashboard\collectors\fortify-collector, java.runtime.version=1.8.0_131-b11, basedir=C:\Users\v160771\Documents\development\appsec\java\source\os4v_developerdashboard\collectors\fortify-collector, java.awt.graphicsenv=sun.awt.Win32GraphicsEnvironment, java.endorsed.dirs=C:\Program Files\Java\jdk1.8.0_131\jre\lib\endorsed, os.arch=amd64, surefire.real.class.path=C:\Users\v160771\Documents\development\appsec\java\source\os4v_developerdashboard\collectors\fortify-collector\target\surefire\surefirebooter8426708201066107063.jar, java.io.tmpdir=C:\Users\v160771\AppData\Local\Temp\, line.separator=
, java.vm.specification.vendor=Oracle Corporation, user.variant=, os.name=Windows 10, sun.jnu.encoding=Cp1252, java.library.path=C:\Program Files\Java\jdk1.8.0_131\jre\bin;C:\windows\Sun\Java\bin;C:\windows\system32;C:\windows;C:\ProgramData\Oracle\Java\javapath;C:\Program Files (x86)\Intel\iCLS Client\;C:\Program Files\Intel\iCLS Client\;C:\windows\system32;C:\windows;C:\windows\System32\Wbem;C:\windows\System32\WindowsPowerShell\v1.0\;C:\Program Files (x86)\Intel\Intel(R) Management Engine Components\DAL;C:\Program Files\Intel\Intel(R) Management Engine Components\DAL;C:\Program Files (x86)\Intel\Intel(R) Management Engine Components\IPT;C:\Program Files\Intel\Intel(R) Management Engine Components\IPT;C:\Program Files (x86)\Microsoft SQL Server\Client SDK\ODBC\130\Tools\Binn\;C:\Program Files (x86)\Microsoft SQL Server\130\Tools\Binn\;C:\Program Files (x86)\Microsoft SQL Server\130\DTS\Binn\;C:\Program Files (x86)\Microsoft SQL Server\130\Tools\Binn\ManagementStudio\;C:\Program Files (x86)\AccuRev\bin;C:\Program Files\Java\jdk1.8.0_131\bin;C:\Program Files\Git\bin\git.exe;C:\Program Files\Git\cmd;C:\Program Files\apache-maven-3.3.3-bin\bin;C:\Program Files\Git\cmd;C:\Program Files\PuTTY\;C:\Program Files\nodejs\;C:\Program Files (x86)\Sennheiser\SoftphoneSDK\;C:\Users\v160771\AppData\Local\Microsoft\WindowsApps;., surefire.test.class.path=C:\Users\v160771\Documents\development\appsec\java\source\os4v_developerdashboard\collectors\fortify-collector\target\test-classes;C:\Users\v160771\Documents\development\appsec\java\source\os4v_developerdashboard\collectors\fortify-collector\target\classes;C:\Users\v160771\.m2\repository\org\springframework\cloud\spring-cloud-task-starter\1.0.3.RELEASE\spring-cloud-task-starter-1.0.3.RELEASE.jar;C:\Users\v160771\.m2\repository\org\springframework\cloud\spring-cloud-task-core\1.0.3.RELEASE\spring-cloud-task-core-1.0.3.RELEASE.jar;C:\Users\v160771\.m2\repository\org\springframework\cloud\spring-cloud-deployer-resource-support\1.0.2.RELEASE\spring-cloud-deployer-resource-support-1.0.2.RELEASE.jar;C:\Users\v160771\.m2\repository\org\springframework\batch\spring-batch-infrastructure\3.0.8.RELEASE\spring-batch-infrastructure-3.0.8.RELEASE.jar;C:\Users\v160771\.m2\repository\org\springframework\retry\spring-retry\1.2.2.RELEASE\spring-retry-1.2.2.RELEASE.jar;C:\Users\v160771\.m2\repository\org\springframework\data\spring-data-commons\1.13.10.RELEASE\spring-data-commons-1.13.10.RELEASE.jar;C:\Users\v160771\.m2\repository\org\springframework\cloud\spring-cloud-task-batch\1.0.3.RELEASE\spring-cloud-task-batch-1.0.3.RELEASE.jar;C:\Users\v160771\.m2\repository\org\springframework\cloud\spring-cloud-task-stream\1.0.3.RELEASE\spring-cloud-task-stream-1.0.3.RELEASE.jar;C:\Users\v160771\.m2\repository\org\springframework\boot\spring-boot-starter-batch\1.5.10.RELEASE\spring-boot-starter-batch-1.5.10.RELEASE.jar;C:\Users\v160771\.m2\repository\org\springframework\boot\spring-boot-starter\1.5.10.RELEASE\spring-boot-starter-1.5.10.RELEASE.jar;C:\Users\v160771\.m2\repository\org\springframework\boot\spring-boot-starter-logging\1.5.10.RELEASE\spring-boot-starter-logging-1.5.10.RELEASE.jar;C:\Users\v160771\.m2\repository\ch\qos\logback\logback-classic\1.1.11\logback-classic-1.1.11.jar;C:\Users\v160771\.m2\repository\ch\qos\logback\logback-core\1.1.11\logback-core-1.1.11.jar;C:\Users\v160771\.m2\repository\org\slf4j\jul-to-slf4j\1.7.25\jul-to-slf4j-1.7.25.jar;C:\Users\v160771\.m2\repository\org\slf4j\log4j-over-slf4j\1.7.25\log4j-over-slf4j-1.7.25.jar;C:\Users\v160771\.m2\repository\org\yaml\snakeyaml\1.17\snakeyaml-1.17.jar;C:\Users\v160771\.m2\repository\org\springframework\boot\spring-boot-starter-jdbc\1.5.10.RELEASE\spring-boot-starter-jdbc-1.5.10.RELEASE.jar;C:\Users\v160771\.m2\repository\org\apache\tomcat\tomcat-jdbc\8.5.27\tomcat-jdbc-8.5.27.jar;C:\Users\v160771\.m2\repository\org\apache\tomcat\tomcat-juli\8.5.27\tomcat-juli-8.5.27.jar;C:\Users\v160771\.m2\repository\org\springframework\batch\spring-batch-core\3.0.8.RELEASE\spring-batch-core-3.0.8.RELEASE.jar;C:\Users\v160771\.m2\repository\com\ibm\jbatch\com.ibm.jbatch-tck-spi\1.0\com.ibm.jbatch-tck-spi-1.0.jar;C:\Users\v160771\.m2\repository\javax\batch\javax.batch-api\1.0\javax.batch-api-1.0.jar;C:\Users\v160771\.m2\repository\com\thoughtworks\xstream\xstream\1.4.7\xstream-1.4.7.jar;C:\Users\v160771\.m2\repository\xmlpull\xmlpull\1.1.3.1\xmlpull-1.1.3.1.jar;C:\Users\v160771\.m2\repository\xpp3\xpp3_min\1.1.4c\xpp3_min-1.1.4c.jar;C:\Users\v160771\.m2\repository\org\codehaus\jettison\jettison\1.2\jettison-1.2.jar;C:\Users\v160771\.m2\repository\org\springframework\spring-aop\4.3.14.RELEASE\spring-aop-4.3.14.RELEASE.jar;C:\Users\v160771\.m2\repository\org\springframework\spring-beans\4.3.14.RELEASE\spring-beans-4.3.14.RELEASE.jar;C:\Users\v160771\.m2\repository\org\springframework\spring-context\4.3.14.RELEASE\spring-context-4.3.14.RELEASE.jar;C:\Users\v160771\.m2\repository\org\springframework\boot\spring-boot-starter-data-cassandra\1.5.10.RELEASE\spring-boot-starter-data-cassandra-1.5.10.RELEASE.jar;C:\Users\v160771\.m2\repository\org\springframework\spring-tx\4.3.14.RELEASE\spring-tx-4.3.14.RELEASE.jar;C:\Users\v160771\.m2\repository\org\springframework\data\spring-data-cassandra\1.5.10.RELEASE\spring-data-cassandra-1.5.10.RELEASE.jar;C:\Users\v160771\.m2\repository\org\springframework\data\spring-cql\1.5.10.RELEASE\spring-cql-1.5.10.RELEASE.jar;C:\Users\v160771\.m2\repository\com\google\guava\guava\19.0\guava-19.0.jar;C:\Users\v160771\.m2\repository\org\springframework\spring-expression\4.3.14.RELEASE\spring-expression-4.3.14.RELEASE.jar;C:\Users\v160771\.m2\repository\com\datastax\cassandra\cassandra-driver-core\3.1.4\cassandra-driver-core-3.1.4.jar;C:\Users\v160771\.m2\repository\io\netty\netty-handler\4.0.37.Final\netty-handler-4.0.37.Final.jar;C:\Users\v160771\.m2\repository\io\netty\netty-buffer\4.0.37.Final\netty-buffer-4.0.37.Final.jar;C:\Users\v160771\.m2\repository\io\netty\netty-common\4.0.37.Final\netty-common-4.0.37.Final.jar;C:\Users\v160771\.m2\repository\io\netty\netty-transport\4.0.37.Final\netty-transport-4.0.37.Final.jar;C:\Users\v160771\.m2\repository\io\netty\netty-codec\4.0.37.Final\netty-codec-4.0.37.Final.jar;C:\Users\v160771\.m2\repository\io\dropwizard\metrics\metrics-core\3.1.5\metrics-core-3.1.5.jar;C:\Users\v160771\.m2\repository\com\github\jnr\jnr-ffi\2.0.7\jnr-ffi-2.0.7.jar;C:\Users\v160771\.m2\repository\com\github\jnr\jffi\1.2.10\jffi-1.2.10.jar;C:\Users\v160771\.m2\repository\com\github\jnr\jffi\1.2.10\jffi-1.2.10-native.jar;C:\Users\v160771\.m2\repository\org\ow2\asm\asm\5.0.3\asm-5.0.3.jar;C:\Users\v160771\.m2\repository\org\ow2\asm\asm-commons\5.0.3\asm-commons-5.0.3.jar;C:\Users\v160771\.m2\repository\org\ow2\asm\asm-analysis\5.0.3\asm-analysis-5.0.3.jar;C:\Users\v160771\.m2\repository\org\ow2\asm\asm-tree\5.0.3\asm-tree-5.0.3.jar;C:\Users\v160771\.m2\repository\org\ow2\asm\asm-util\5.0.3\asm-util-5.0.3.jar;C:\Users\v160771\.m2\repository\com\github\jnr\jnr-x86asm\1.0.2\jnr-x86asm-1.0.2.jar;C:\Users\v160771\.m2\repository\com\github\jnr\jnr-posix\3.0.27\jnr-posix-3.0.27.jar;C:\Users\v160771\.m2\repository\com\github\jnr\jnr-constants\0.9.0\jnr-constants-0.9.0.jar;C:\Users\v160771\.m2\repository\org\slf4j\slf4j-api\1.7.25\slf4j-api-1.7.25.jar;C:\Users\v160771\.m2\repository\org\slf4j\jcl-over-slf4j\1.7.25\jcl-over-slf4j-1.7.25.jar;C:\Users\v160771\.m2\repository\org\springframework\boot\spring-boot-starter-data-jpa\1.5.10.RELEASE\spring-boot-starter-data-jpa-1.5.10.RELEASE.jar;C:\Users\v160771\.m2\repository\org\springframework\boot\spring-boot-starter-aop\1.5.10.RELEASE\spring-boot-starter-aop-1.5.10.RELEASE.jar;C:\Users\v160771\.m2\repository\org\aspectj\aspectjweaver\1.8.13\aspectjweaver-1.8.13.jar;C:\Users\v160771\.m2\repository\org\hibernate\hibernate-core\5.0.12.Final\hibernate-core-5.0.12.Final.jar;C:\Users\v160771\.m2\repository\org\jboss\logging\jboss-logging\3.3.1.Final\jboss-logging-3.3.1.Final.jar;C:\Users\v160771\.m2\repository\org\hibernate\javax\persistence\hibernate-jpa-2.1-api\1.0.0.Final\hibernate-jpa-2.1-api-1.0.0.Final.jar;C:\Users\v160771\.m2\repository\org\javassist\javassist\3.21.0-GA\javassist-3.21.0-GA.jar;C:\Users\v160771\.m2\repository\antlr\antlr\2.7.7\antlr-2.7.7.jar;C:\Users\v160771\.m2\repository\org\jboss\jandex\2.0.0.Final\jandex-2.0.0.Final.jar;C:\Users\v160771\.m2\repository\dom4j\dom4j\1.6.1\dom4j-1.6.1.jar;C:\Users\v160771\.m2\repository\org\hibernate\common\hibernate-commons-annotations\5.0.1.Final\hibernate-commons-annotations-5.0.1.Final.jar;C:\Users\v160771\.m2\repository\org\hibernate\hibernate-entitymanager\5.0.12.Final\hibernate-entitymanager-5.0.12.Final.jar;C:\Users\v160771\.m2\repository\javax\transaction\javax.transaction-api\1.2\javax.transaction-api-1.2.jar;C:\Users\v160771\.m2\repository\org\springframework\data\spring-data-jpa\1.11.10.RELEASE\spring-data-jpa-1.11.10.RELEASE.jar;C:\Users\v160771\.m2\repository\org\springframework\spring-orm\4.3.14.RELEASE\spring-orm-4.3.14.RELEASE.jar;C:\Users\v160771\.m2\repository\org\springframework\spring-aspects\4.3.14.RELEASE\spring-aspects-4.3.14.RELEASE.jar;C:\Users\v160771\.m2\repository\org\projectlombok\lombok\1.16.20\lombok-1.16.20.jar;C:\Users\v160771\.m2\repository\com\microsoft\sqlserver\mssql-jdbc\6.3.6.jre8-preview\mssql-jdbc-6.3.6.jre8-preview.jar;C:\Users\v160771\.m2\repository\org\springframework\boot\spring-boot-starter-test\1.5.10.RELEASE\spring-boot-starter-test-1.5.10.RELEASE.jar;C:\Users\v160771\.m2\repository\org\springframework\boot\spring-boot-test\1.5.10.RELEASE\spring-boot-test-1.5.10.RELEASE.jar;C:\Users\v160771\.m2\repository\org\springframework\boot\spring-boot-test-autoconfigure\1.5.10.RELEASE\spring-boot-test-autoconfigure-1.5.10.RELEASE.jar;C:\Users\v160771\.m2\repository\com\jayway\jsonpath\json-path\2.2.0\json-path-2.2.0.jar;C:\Users\v160771\.m2\repository\net\minidev\json-smart\2.2.1\json-smart-2.2.1.jar;C:\Users\v160771\.m2\repository\net\minidev\accessors-smart\1.1\accessors-smart-1.1.jar;C:\Users\v160771\.m2\repository\junit\junit\4.12\junit-4.12.jar;C:\Users\v160771\.m2\repository\org\assertj\assertj-core\2.6.0\assertj-core-2.6.0.jar;C:\Users\v160771\.m2\repository\org\mockito\mockito-core\1.10.19\mockito-core-1.10.19.jar;C:\Users\v160771\.m2\repository\org\objenesis\objenesis\2.1\objenesis-2.1.jar;C:\Users\v160771\.m2\repository\org\hamcrest\hamcrest-core\1.3\hamcrest-core-1.3.jar;C:\Users\v160771\.m2\repository\org\hamcrest\hamcrest-library\1.3\hamcrest-library-1.3.jar;C:\Users\v160771\.m2\repository\org\skyscreamer\jsonassert\1.4.0\jsonassert-1.4.0.jar;C:\Users\v160771\.m2\repository\com\vaadin\external\google\android-json\0.0.20131108.vaadin1\android-json-0.0.20131108.vaadin1.jar;C:\Users\v160771\.m2\repository\org\springframework\spring-core\4.3.14.RELEASE\spring-core-4.3.14.RELEASE.jar;C:\Users\v160771\.m2\repository\org\springframework\spring-test\4.3.14.RELEASE\spring-test-4.3.14.RELEASE.jar;C:\Users\v160771\.m2\repository\org\springframework\batch\spring-batch-test\3.0.8.RELEASE\spring-batch-test-3.0.8.RELEASE.jar;C:\Users\v160771\.m2\repository\commons-collections\commons-collections\3.2.2\commons-collections-3.2.2.jar;C:\Users\v160771\.m2\repository\commons-io\commons-io\2.4\commons-io-2.4.jar;C:\Users\v160771\.m2\repository\org\springframework\spring-jdbc\4.3.14.RELEASE\spring-jdbc-4.3.14.RELEASE.jar;C:\Users\v160771\.m2\repository\org\springframework\boot\spring-boot-devtools\1.5.10.RELEASE\spring-boot-devtools-1.5.10.RELEASE.jar;C:\Users\v160771\.m2\repository\org\springframework\boot\spring-boot\1.5.10.RELEASE\spring-boot-1.5.10.RELEASE.jar;C:\Users\v160771\.m2\repository\org\springframework\boot\spring-boot-autoconfigure\1.5.10.RELEASE\spring-boot-autoconfigure-1.5.10.RELEASE.jar;, java.specification.name=Java Platform API Specification, java.class.version=52.0, sun.management.compiler=HotSpot 64-Bit Tiered Compilers, os.version=10.0, user.home=C:\Users\v160771, user.timezone=America/Chicago, java.awt.printerjob=sun.awt.windows.WPrinterJob, file.encoding=Cp1252, java.specification.version=1.8, java.class.path=C:\Users\v160771\Documents\development\appsec\java\source\os4v_developerdashboard\collectors\fortify-collector\target\test-classes;C:\Users\v160771\Documents\development\appsec\java\source\os4v_developerdashboard\collectors\fortify-collector\target\classes;C:\Users\v160771\.m2\repository\org\springframework\cloud\spring-cloud-task-starter\1.0.3.RELEASE\spring-cloud-task-starter-1.0.3.RELEASE.jar;C:\Users\v160771\.m2\repository\org\springframework\cloud\spring-cloud-task-core\1.0.3.RELEASE\spring-cloud-task-core-1.0.3.RELEASE.jar;C:\Users\v160771\.m2\repository\org\springframework\cloud\spring-cloud-deployer-resource-support\1.0.2.RELEASE\spring-cloud-deployer-resource-support-1.0.2.RELEASE.jar;C:\Users\v160771\.m2\repository\org\springframework\batch\spring-batch-infrastructure\3.0.8.RELEASE\spring-batch-infrastructure-3.0.8.RELEASE.jar;C:\Users\v160771\.m2\repository\org\springframework\retry\spring-retry\1.2.2.RELEASE\spring-retry-1.2.2.RELEASE.jar;C:\Users\v160771\.m2\repository\org\springframework\data\spring-data-commons\1.13.10.RELEASE\spring-data-commons-1.13.10.RELEASE.jar;C:\Users\v160771\.m2\repository\org\springframework\cloud\spring-cloud-task-batch\1.0.3.RELEASE\spring-cloud-task-batch-1.0.3.RELEASE.jar;C:\Users\v160771\.m2\repository\org\springframework\cloud\spring-cloud-task-stream\1.0.3.RELEASE\spring-cloud-task-stream-1.0.3.RELEASE.jar;C:\Users\v160771\.m2\repository\org\springframework\boot\spring-boot-starter-batch\1.5.10.RELEASE\spring-boot-starter-batch-1.5.10.RELEASE.jar;C:\Users\v160771\.m2\repository\org\springframework\boot\spring-boot-starter\1.5.10.RELEASE\spring-boot-starter-1.5.10.RELEASE.jar;C:\Users\v160771\.m2\repository\org\springframework\boot\spring-boot-starter-logging\1.5.10.RELEASE\spring-boot-starter-logging-1.5.10.RELEASE.jar;C:\Users\v160771\.m2\repository\ch\qos\logback\logback-classic\1.1.11\logback-classic-1.1.11.jar;C:\Users\v160771\.m2\repository\ch\qos\logback\logback-core\1.1.11\logback-core-1.1.11.jar;C:\Users\v160771\.m2\repository\org\slf4j\jul-to-slf4j\1.7.25\jul-to-slf4j-1.7.25.jar;C:\Users\v160771\.m2\repository\org\slf4j\log4j-over-slf4j\1.7.25\log4j-over-slf4j-1.7.25.jar;C:\Users\v160771\.m2\repository\org\yaml\snakeyaml\1.17\snakeyaml-1.17.jar;C:\Users\v160771\.m2\repository\org\springframework\boot\spring-boot-starter-jdbc\1.5.10.RELEASE\spring-boot-starter-jdbc-1.5.10.RELEASE.jar;C:\Users\v160771\.m2\repository\org\apache\tomcat\tomcat-jdbc\8.5.27\tomcat-jdbc-8.5.27.jar;C:\Users\v160771\.m2\repository\org\apache\tomcat\tomcat-juli\8.5.27\tomcat-juli-8.5.27.jar;C:\Users\v160771\.m2\repository\org\springframework\batch\spring-batch-core\3.0.8.RELEASE\spring-batch-core-3.0.8.RELEASE.jar;C:\Users\v160771\.m2\repository\com\ibm\jbatch\com.ibm.jbatch-tck-spi\1.0\com.ibm.jbatch-tck-spi-1.0.jar;C:\Users\v160771\.m2\repository\javax\batch\javax.batch-api\1.0\javax.batch-api-1.0.jar;C:\Users\v160771\.m2\repository\com\thoughtworks\xstream\xstream\1.4.7\xstream-1.4.7.jar;C:\Users\v160771\.m2\repository\xmlpull\xmlpull\1.1.3.1\xmlpull-1.1.3.1.jar;C:\Users\v160771\.m2\repository\xpp3\xpp3_min\1.1.4c\xpp3_min-1.1.4c.jar;C:\Users\v160771\.m2\repository\org\codehaus\jettison\jettison\1.2\jettison-1.2.jar;C:\Users\v160771\.m2\repository\org\springframework\spring-aop\4.3.14.RELEASE\spring-aop-4.3.14.RELEASE.jar;C:\Users\v160771\.m2\repository\org\springframework\spring-beans\4.3.14.RELEASE\spring-beans-4.3.14.RELEASE.jar;C:\Users\v160771\.m2\repository\org\springframework\spring-context\4.3.14.RELEASE\spring-context-4.3.14.RELEASE.jar;C:\Users\v160771\.m2\repository\org\springframework\boot\spring-boot-starter-data-cassandra\1.5.10.RELEASE\spring-boot-starter-data-cassandra-1.5.10.RELEASE.jar;C:\Users\v160771\.m2\repository\org\springframework\spring-tx\4.3.14.RELEASE\spring-tx-4.3.14.RELEASE.jar;C:\Users\v160771\.m2\repository\org\springframework\data\spring-data-cassandra\1.5.10.RELEASE\spring-data-cassandra-1.5.10.RELEASE.jar;C:\Users\v160771\.m2\repository\org\springframework\data\spring-cql\1.5.10.RELEASE\spring-cql-1.5.10.RELEASE.jar;C:\Users\v160771\.m2\repository\com\google\guava\guava\19.0\guava-19.0.jar;C:\Users\v160771\.m2\repository\org\springframework\spring-expression\4.3.14.RELEASE\spring-expression-4.3.14.RELEASE.jar;C:\Users\v160771\.m2\repository\com\datastax\cassandra\cassandra-driver-core\3.1.4\cassandra-driver-core-3.1.4.jar;C:\Users\v160771\.m2\repository\io\netty\netty-handler\4.0.37.Final\netty-handler-4.0.37.Final.jar;C:\Users\v160771\.m2\repository\io\netty\netty-buffer\4.0.37.Final\netty-buffer-4.0.37.Final.jar;C:\Users\v160771\.m2\repository\io\netty\netty-common\4.0.37.Final\netty-common-4.0.37.Final.jar;C:\Users\v160771\.m2\repository\io\netty\netty-transport\4.0.37.Final\netty-transport-4.0.37.Final.jar;C:\Users\v160771\.m2\repository\io\netty\netty-codec\4.0.37.Final\netty-codec-4.0.37.Final.jar;C:\Users\v160771\.m2\repository\io\dropwizard\metrics\metrics-core\3.1.5\metrics-core-3.1.5.jar;C:\Users\v160771\.m2\repository\com\github\jnr\jnr-ffi\2.0.7\jnr-ffi-2.0.7.jar;C:\Users\v160771\.m2\repository\com\github\jnr\jffi\1.2.10\jffi-1.2.10.jar;C:\Users\v160771\.m2\repository\com\github\jnr\jffi\1.2.10\jffi-1.2.10-native.jar;C:\Users\v160771\.m2\repository\org\ow2\asm\asm\5.0.3\asm-5.0.3.jar;C:\Users\v160771\.m2\repository\org\ow2\asm\asm-commons\5.0.3\asm-commons-5.0.3.jar;C:\Users\v160771\.m2\repository\org\ow2\asm\asm-analysis\5.0.3\asm-analysis-5.0.3.jar;C:\Users\v160771\.m2\repository\org\ow2\asm\asm-tree\5.0.3\asm-tree-5.0.3.jar;C:\Users\v160771\.m2\repository\org\ow2\asm\asm-util\5.0.3\asm-util-5.0.3.jar;C:\Users\v160771\.m2\repository\com\github\jnr\jnr-x86asm\1.0.2\jnr-x86asm-1.0.2.jar;C:\Users\v160771\.m2\repository\com\github\jnr\jnr-posix\3.0.27\jnr-posix-3.0.27.jar;C:\Users\v160771\.m2\repository\com\github\jnr\jnr-constants\0.9.0\jnr-constants-0.9.0.jar;C:\Users\v160771\.m2\repository\org\slf4j\slf4j-api\1.7.25\slf4j-api-1.7.25.jar;C:\Users\v160771\.m2\repository\org\slf4j\jcl-over-slf4j\1.7.25\jcl-over-slf4j-1.7.25.jar;C:\Users\v160771\.m2\repository\org\springframework\boot\spring-boot-starter-data-jpa\1.5.10.RELEASE\spring-boot-starter-data-jpa-1.5.10.RELEASE.jar;C:\Users\v160771\.m2\repository\org\springframework\boot\spring-boot-starter-aop\1.5.10.RELEASE\spring-boot-starter-aop-1.5.10.RELEASE.jar;C:\Users\v160771\.m2\repository\org\aspectj\aspectjweaver\1.8.13\aspectjweaver-1.8.13.jar;C:\Users\v160771\.m2\repository\org\hibernate\hibernate-core\5.0.12.Final\hibernate-core-5.0.12.Final.jar;C:\Users\v160771\.m2\repository\org\jboss\logging\jboss-logging\3.3.1.Final\jboss-logging-3.3.1.Final.jar;C:\Users\v160771\.m2\repository\org\hibernate\javax\persistence\hibernate-jpa-2.1-api\1.0.0.Final\hibernate-jpa-2.1-api-1.0.0.Final.jar;C:\Users\v160771\.m2\repository\org\javassist\javassist\3.21.0-GA\javassist-3.21.0-GA.jar;C:\Users\v160771\.m2\repository\antlr\antlr\2.7.7\antlr-2.7.7.jar;C:\Users\v160771\.m2\repository\org\jboss\jandex\2.0.0.Final\jandex-2.0.0.Final.jar;C:\Users\v160771\.m2\repository\dom4j\dom4j\1.6.1\dom4j-1.6.1.jar;C:\Users\v160771\.m2\repository\org\hibernate\common\hibernate-commons-annotations\5.0.1.Final\hibernate-commons-annotations-5.0.1.Final.jar;C:\Users\v160771\.m2\repository\org\hibernate\hibernate-entitymanager\5.0.12.Final\hibernate-entitymanager-5.0.12.Final.jar;C:\Users\v160771\.m2\repository\javax\transaction\javax.transaction-api\1.2\javax.transaction-api-1.2.jar;C:\Users\v160771\.m2\repository\org\springframework\data\spring-data-jpa\1.11.10.RELEASE\spring-data-jpa-1.11.10.RELEASE.jar;C:\Users\v160771\.m2\repository\org\springframework\spring-orm\4.3.14.RELEASE\spring-orm-4.3.14.RELEASE.jar;C:\Users\v160771\.m2\repository\org\springframework\spring-aspects\4.3.14.RELEASE\spring-aspects-4.3.14.RELEASE.jar;C:\Users\v160771\.m2\repository\org\projectlombok\lombok\1.16.20\lombok-1.16.20.jar;C:\Users\v160771\.m2\repository\com\microsoft\sqlserver\mssql-jdbc\6.3.6.jre8-preview\mssql-jdbc-6.3.6.jre8-preview.jar;C:\Users\v160771\.m2\repository\org\springframework\boot\spring-boot-starter-test\1.5.10.RELEASE\spring-boot-starter-test-1.5.10.RELEASE.jar;C:\Users\v160771\.m2\repository\org\springframework\boot\spring-boot-test\1.5.10.RELEASE\spring-boot-test-1.5.10.RELEASE.jar;C:\Users\v160771\.m2\repository\org\springframework\boot\spring-boot-test-autoconfigure\1.5.10.RELEASE\spring-boot-test-autoconfigure-1.5.10.RELEASE.jar;C:\Users\v160771\.m2\repository\com\jayway\jsonpath\json-path\2.2.0\json-path-2.2.0.jar;C:\Users\v160771\.m2\repository\net\minidev\json-smart\2.2.1\json-smart-2.2.1.jar;C:\Users\v160771\.m2\repository\net\minidev\accessors-smart\1.1\accessors-smart-1.1.jar;C:\Users\v160771\.m2\repository\junit\junit\4.12\junit-4.12.jar;C:\Users\v160771\.m2\repository\org\assertj\assertj-core\2.6.0\assertj-core-2.6.0.jar;C:\Users\v160771\.m2\repository\org\mockito\mockito-core\1.10.19\mockito-core-1.10.19.jar;C:\Users\v160771\.m2\repository\org\objenesis\objenesis\2.1\objenesis-2.1.jar;C:\Users\v160771\.m2\repository\org\hamcrest\hamcrest-core\1.3\hamcrest-core-1.3.jar;C:\Users\v160771\.m2\repository\org\hamcrest\hamcrest-library\1.3\hamcrest-library-1.3.jar;C:\Users\v160771\.m2\repository\org\skyscreamer\jsonassert\1.4.0\jsonassert-1.4.0.jar;C:\Users\v160771\.m2\repository\com\vaadin\external\google\android-json\0.0.20131108.vaadin1\android-json-0.0.20131108.vaadin1.jar;C:\Users\v160771\.m2\repository\org\springframework\spring-core\4.3.14.RELEASE\spring-core-4.3.14.RELEASE.jar;C:\Users\v160771\.m2\repository\org\springframework\spring-test\4.3.14.RELEASE\spring-test-4.3.14.RELEASE.jar;C:\Users\v160771\.m2\repository\org\springframework\batch\spring-batch-test\3.0.8.RELEASE\spring-batch-test-3.0.8.RELEASE.jar;C:\Users\v160771\.m2\repository\commons-collections\commons-collections\3.2.2\commons-collections-3.2.2.jar;C:\Users\v160771\.m2\repository\commons-io\commons-io\2.4\commons-io-2.4.jar;C:\Users\v160771\.m2\repository\org\springframework\spring-jdbc\4.3.14.RELEASE\spring-jdbc-4.3.14.RELEASE.jar;C:\Users\v160771\.m2\repository\org\springframework\boot\spring-boot-devtools\1.5.10.RELEASE\spring-boot-devtools-1.5.10.RELEASE.jar;C:\Users\v160771\.m2\repository\org\springframework\boot\spring-boot\1.5.10.RELEASE\spring-boot-1.5.10.RELEASE.jar;C:\Users\v160771\.m2\repository\org\springframework\boot\spring-boot-autoconfigure\1.5.10.RELEASE\spring-boot-autoconfigure-1.5.10.RELEASE.jar;, user.name=v160771, java.vm.specification.version=1.8, sun.java.command=C:\Users\v160771\Documents\development\appsec\java\source\os4v_developerdashboard\collectors\fortify-collector\target\surefire\surefirebooter8426708201066107063.jar C:\Users\v160771\Documents\development\appsec\java\source\os4v_developerdashboard\collectors\fortify-collector\target\surefire\surefire3379949640095428841tmp C:\Users\v160771\Documents\development\appsec\java\source\os4v_developerdashboard\collectors\fortify-collector\target\surefire\surefire_05122711583014688071tmp, java.home=C:\Program Files\Java\jdk1.8.0_131\jre, sun.arch.data.model=64, user.language=en, java.specification.vendor=Oracle Corporation, awt.toolkit=sun.awt.windows.WToolkit, java.vm.info=mixed mode, java.version=1.8.0_131, java.ext.dirs=C:\Program Files\Java\jdk1.8.0_131\jre\lib\ext;C:\windows\Sun\Java\lib\ext, sun.boot.class.path=C:\Program Files\Java\jdk1.8.0_131\jre\lib\resources.jar;C:\Program Files\Java\jdk1.8.0_131\jre\lib\rt.jar;C:\Program Files\Java\jdk1.8.0_131\jre\lib\sunrsasign.jar;C:\Program Files\Java\jdk1.8.0_131\jre\lib\jsse.jar;C:\Program Files\Java\jdk1.8.0_131\jre\lib\jce.jar;C:\Program Files\Java\jdk1.8.0_131\jre\lib\charsets.jar;C:\Program Files\Java\jdk1.8.0_131\jre\lib\jfr.jar;C:\Program Files\Java\jdk1.8.0_131\jre\classes, java.vendor=Oracle Corporation, localRepository=C:\Users\v160771\.m2\repository, file.separator=\, java.vendor.url.bug=http://bugreport.sun.com/bugreport/, sun.io.unicode.encoding=UnicodeLittle, sun.cpu.endian=little, sun.desktop=windows, sun.cpu.isalist=amd64}}, SystemEnvironmentPropertySource@1106131243 {name='systemEnvironment', properties={PATH=C:\ProgramData\Oracle\Java\javapath;C:\Program Files (x86)\Intel\iCLS Client\;C:\Program Files\Intel\iCLS Client\;C:\windows\system32;C:\windows;C:\windows\System32\Wbem;C:\windows\System32\WindowsPowerShell\v1.0\;C:\Program Files (x86)\Intel\Intel(R) Management Engine Components\DAL;C:\Program Files\Intel\Intel(R) Management Engine Components\DAL;C:\Program Files (x86)\Intel\Intel(R) Management Engine Components\IPT;C:\Program Files\Intel\Intel(R) Management Engine Components\IPT;C:\Program Files (x86)\Microsoft SQL Server\Client SDK\ODBC\130\Tools\Binn\;C:\Program Files (x86)\Microsoft SQL Server\130\Tools\Binn\;C:\Program Files (x86)\Microsoft SQL Server\130\DTS\Binn\;C:\Program Files (x86)\Microsoft SQL Server\130\Tools\Binn\ManagementStudio\;C:\Program Files (x86)\AccuRev\bin;C:\Program Files\Java\jdk1.8.0_131\bin;C:\Program Files\Git\bin\git.exe;C:\Program Files\Git\cmd;C:\Program Files\apache-maven-3.3.3-bin\bin;C:\Program Files\Git\cmd;C:\Program Files\PuTTY\;C:\Program Files\nodejs\;C:\Program Files (x86)\Sennheiser\SoftphoneSDK\;C:\Users\v160771\AppData\Local\Microsoft\WindowsApps, USERDOMAIN_ROAMINGPROFILE=USWIN, GIT_HOME=C:\Program Files\Git, PROCESSOR_LEVEL=6, SYSTEMDRIVE=C:, M2=C:\Program Files\apache-maven-3.3.3-bin\bin, ALLUSERSPROFILE=C:\ProgramData, PROCESSOR_ARCHITECTURE=AMD64, PROGRAMFILES=C:\Program Files, PSMODULEPATH=%ProgramFiles%\WindowsPowerShell\Modules;C:\windows\system32\WindowsPowerShell\v1.0\Modules;C:\Program Files (x86)\Microsoft SQL Server\130\Tools\PowerShell\Modules\, PROGRAMDATA=C:\ProgramData, USERNAME=v160771, USERDNSDOMAIN=USWIN.AD.VZWCORP.COM, WDIR=C:\Users\v160771\Documents\development\appsec\java\source\os4v_developerdashboard\collectors\fortify-collector, FPS_BROWSER_USER_PROFILE_STRING=Default, PATHEXT=.COM;.EXE;.BAT;.CMD;.VBS;.VBE;.JS;.JSE;.WSF;.WSH;.MSC, CLASSWORLDS_JAR="C:\Program Files\apache-maven-3.3.3-bin\boot\plexus-classworlds-2.5.2.jar", HOMESHARE=\\odksacvnx01c01.ent.verizon.com\homedrive_usr_fs001_sac$\V160771, WINDIR=C:\windows, HOMEPATH=\, PROCESSOR_IDENTIFIER=Intel64 Family 6 Model 94 Stepping 3, GenuineIntel, M2_HOME=C:\Program Files\apache-maven-3.3.3-bin, MAVEN_JAVA_EXE="C:\Program Files\Java\jdk1.8.0_131\bin\java.exe", PUBLIC=C:\Users\Public, LOCALAPPDATA=C:\Users\v160771\AppData\Local, COMMONPROGRAMFILES(X86)=C:\Program Files (x86)\Common Files, USERDOMAIN=USWIN, FPS_BROWSER_APP_PROFILE_STRING=Internet Explorer, LOGONSERVER=\\TPAP1CUADCW03, JAVA_HOME=C:\Program Files\Java\jdk1.8.0_131, PROMPT=$P$G, PROGRAMFILES(X86)=C:\Program Files (x86), ERROR_CODE=0, EXEC_DIR=C:\Users\v160771\Documents\development\appsec\java\source\os4v_developerdashboard\collectors\fortify-collector, =C:=C:\Users\v160771\Documents\development\appsec\java\source\os4v_developerdashboard\collectors\fortify-collector, APPDATA=C:\Users\v160771\AppData\Roaming, PROGRAMW6432=C:\Program Files, SYSTEMROOT=C:\windows, MAVEN_CMD_LINE_ARGS=package, OS=Windows_NT, COMMONPROGRAMW6432=C:\Program Files\Common Files, COMPUTERNAME=TTX0109ALKVTDZQ, COMMONPROGRAMFILES=C:\Program Files\Common Files, COMSPEC=C:\windows\system32\cmd.exe, MAVEN_PROJECTBASEDIR=C:\Users\v160771\Documents\development\appsec\java\source\os4v_developerdashboard\collectors\fortify-collector, PROCESSOR_REVISION=5e03, CLASSWORLDS_LAUNCHER=org.codehaus.plexus.classworlds.launcher.Launcher, TEMP=C:\Users\v160771\AppData\Local\Temp, HOMEDRIVE=H:, USERPROFILE=C:\Users\v160771, TMP=C:\Users\v160771\AppData\Local\Temp, NUMBER_OF_PROCESSORS=8, HOME=H:\}}]
14:48:38.369 [main] INFO org.springframework.boot.test.context.SpringBootTestContextBootstrapper - Found @SpringBootConfiguration com.verizon.dd.fortifycollector.FortifyCollectorApplication for test class com.verizon.dd.fortifycollector.FortifyCollectorApplicationTests
14:48:38.373 [main] DEBUG org.springframework.boot.test.context.SpringBootTestContextBootstrapper - @TestExecutionListeners is not present for class [com.verizon.dd.fortifycollector.FortifyCollectorApplicationTests]: using defaults.
14:48:38.400 [main] INFO org.springframework.boot.test.context.SpringBootTestContextBootstrapper - Loaded default TestExecutionListener class names from location [META-INF/spring.factories]: [org.springframework.boot.test.mock.mockito.MockitoTestExecutionListener, org.springframework.boot.test.mock.mockito.ResetMocksTestExecutionListener, org.springframework.boot.test.autoconfigure.restdocs.RestDocsTestExecutionListener, org.springframework.boot.test.autoconfigure.web.client.MockRestServiceServerResetTestExecutionListener, org.springframework.boot.test.autoconfigure.web.servlet.MockMvcPrintOnlyOnFailureTestExecutionListener, org.springframework.boot.test.autoconfigure.web.servlet.WebDriverTestExecutionListener, org.springframework.test.context.web.ServletTestExecutionListener, org.springframework.test.context.support.DirtiesContextBeforeModesTestExecutionListener, org.springframework.test.context.support.DependencyInjectionTestExecutionListener, org.springframework.test.context.support.DirtiesContextTestExecutionListener, org.springframework.test.context.transaction.TransactionalTestExecutionListener, org.springframework.test.context.jdbc.SqlScriptsTestExecutionListener]
14:48:38.422 [main] DEBUG org.springframework.boot.test.context.SpringBootTestContextBootstrapper - Could not instantiate TestExecutionListener [org.springframework.test.context.web.ServletTestExecutionListener]. Specify custom listener classes or make the default listener classes (and their required dependencies) available. Offending class: [javax/servlet/ServletContext]
14:48:38.422 [main] INFO org.springframework.boot.test.context.SpringBootTestContextBootstrapper - Using TestExecutionListeners: [org.springframework.test.context.support.DirtiesContextBeforeModesTestExecutionListener@7920ba90, org.springframework.boot.test.autoconfigure.SpringBootDependencyInjectionTestExecutionListener@6b419da, org.springframework.test.context.support.DirtiesContextTestExecutionListener@3b2da18f, org.springframework.test.context.transaction.TransactionalTestExecutionListener@5906ebcb, org.springframework.test.context.jdbc.SqlScriptsTestExecutionListener@258e2e41, org.springframework.boot.test.mock.mockito.MockitoTestExecutionListener@3d299e3, org.springframework.boot.test.mock.mockito.ResetMocksTestExecutionListener@55a561cf, org.springframework.boot.test.autoconfigure.restdocs.RestDocsTestExecutionListener@3b938003, org.springframework.boot.test.autoconfigure.web.client.MockRestServiceServerResetTestExecutionListener@6f3b5d16, org.springframework.boot.test.autoconfigure.web.servlet.MockMvcPrintOnlyOnFailureTestExecutionListener@78b1cc93, org.springframework.boot.test.autoconfigure.web.servlet.WebDriverTestExecutionListener@6646153]
14:48:38.423 [main] DEBUG org.springframework.test.annotation.ProfileValueUtils - Retrieved @ProfileValueSourceConfiguration [null] for test class [com.verizon.dd.fortifycollector.FortifyCollectorApplicationTests]
14:48:38.423 [main] DEBUG org.springframework.test.annotation.ProfileValueUtils - Retrieved ProfileValueSource type [class org.springframework.test.annotation.SystemProfileValueSource] for class [com.verizon.dd.fortifycollector.FortifyCollectorApplicationTests]
14:48:38.424 [main] DEBUG org.springframework.test.annotation.ProfileValueUtils - Retrieved @ProfileValueSourceConfiguration [null] for test class [com.verizon.dd.fortifycollector.FortifyCollectorApplicationTests]
14:48:38.424 [main] DEBUG org.springframework.test.annotation.ProfileValueUtils - Retrieved ProfileValueSource type [class org.springframework.test.annotation.SystemProfileValueSource] for class [com.verizon.dd.fortifycollector.FortifyCollectorApplicationTests]
14:48:38.431 [main] DEBUG org.springframework.test.context.support.AbstractDirtiesContextTestExecutionListener - Before test class: context [DefaultTestContext@6107227e testClass = FortifyCollectorApplicationTests, testInstance = [null], testMethod = [null], testException = [null], mergedContextConfiguration = [MergedContextConfiguration@7c417213 testClass = FortifyCollectorApplicationTests, locations = '{}', classes = '{class com.verizon.dd.fortifycollector.FortifyCollectorApplication}', contextInitializerClasses = '[]', activeProfiles = '{}', propertySourceLocations = '{}', propertySourceProperties = '{org.springframework.boot.test.context.SpringBootTestContextBootstrapper=true}', contextCustomizers = set[org.springframework.boot.test.context.SpringBootTestContextCustomizer@3d99d22e, org.springframework.boot.test.context.filter.ExcludeFilterContextCustomizer@3a883ce7, org.springframework.boot.test.json.DuplicateJsonObjectContextCustomizerFactory$DuplicateJsonObjectContextCustomizer@79be0360, org.springframework.boot.test.mock.mockito.MockitoContextCustomizer@0, org.springframework.boot.test.autoconfigure.properties.PropertyMappingContextCustomizer@0, org.springframework.boot.test.autoconfigure.web.servlet.WebDriverContextCustomizerFactory$Customizer@184f6be2], contextLoader = 'org.springframework.boot.test.context.SpringBootContextLoader', parent = [null]]], class annotated with @DirtiesContext [false] with mode [null].
14:48:38.432 [main] DEBUG org.springframework.test.annotation.ProfileValueUtils - Retrieved @ProfileValueSourceConfiguration [null] for test class [com.verizon.dd.fortifycollector.FortifyCollectorApplicationTests]
14:48:38.432 [main] DEBUG org.springframework.test.annotation.ProfileValueUtils - Retrieved ProfileValueSource type [class org.springframework.test.annotation.SystemProfileValueSource] for class [com.verizon.dd.fortifycollector.FortifyCollectorApplicationTests]
14:48:38.434 [main] DEBUG org.springframework.test.context.support.DependencyInjectionTestExecutionListener - Performing dependency injection for test context [[DefaultTestContext@6107227e testClass = FortifyCollectorApplicationTests, testInstance = com.verizon.dd.fortifycollector.FortifyCollectorApplicationTests@71c8becc, testMethod = [null], testException = [null], mergedContextConfiguration = [MergedContextConfiguration@7c417213 testClass = FortifyCollectorApplicationTests, locations = '{}', classes = '{class com.verizon.dd.fortifycollector.FortifyCollectorApplication}', contextInitializerClasses = '[]', activeProfiles = '{}', propertySourceLocations = '{}', propertySourceProperties = '{org.springframework.boot.test.context.SpringBootTestContextBootstrapper=true}', contextCustomizers = set[org.springframework.boot.test.context.SpringBootTestContextCustomizer@3d99d22e, org.springframework.boot.test.context.filter.ExcludeFilterContextCustomizer@3a883ce7, org.springframework.boot.test.json.DuplicateJsonObjectContextCustomizerFactory$DuplicateJsonObjectContextCustomizer@79be0360, org.springframework.boot.test.mock.mockito.MockitoContextCustomizer@0, org.springframework.boot.test.autoconfigure.properties.PropertyMappingContextCustomizer@0, org.springframework.boot.test.autoconfigure.web.servlet.WebDriverContextCustomizerFactory$Customizer@184f6be2], contextLoader = 'org.springframework.boot.test.context.SpringBootContextLoader', parent = [null]]]].
14:48:38.580 [main] DEBUG org.springframework.core.env.StandardEnvironment - Adding PropertySource 'systemProperties' with lowest search precedence
14:48:38.580 [main] DEBUG org.springframework.core.env.StandardEnvironment - Adding PropertySource 'systemEnvironment' with lowest search precedence
14:48:38.581 [main] DEBUG org.springframework.core.env.StandardEnvironment - Initialized StandardEnvironment with PropertySources [MapPropertySource@1841396611 {name='systemProperties', properties={java.runtime.name=Java(TM) SE Runtime Environment, sun.boot.library.path=C:\Program Files\Java\jdk1.8.0_131\jre\bin, java.vm.version=25.131-b11, java.vm.vendor=Oracle Corporation, java.vendor.url=http://java.oracle.com/, path.separator=;, java.vm.name=Java HotSpot(TM) 64-Bit Server VM, file.encoding.pkg=sun.io, user.country=US, user.script=, sun.java.launcher=SUN_STANDARD, sun.os.patch.level=, java.vm.specification.name=Java Virtual Machine Specification, user.dir=C:\Users\v160771\Documents\development\appsec\java\source\os4v_developerdashboard\collectors\fortify-collector, java.runtime.version=1.8.0_131-b11, basedir=C:\Users\v160771\Documents\development\appsec\java\source\os4v_developerdashboard\collectors\fortify-collector, java.awt.graphicsenv=sun.awt.Win32GraphicsEnvironment, java.endorsed.dirs=C:\Program Files\Java\jdk1.8.0_131\jre\lib\endorsed, os.arch=amd64, surefire.real.class.path=C:\Users\v160771\Documents\development\appsec\java\source\os4v_developerdashboard\collectors\fortify-collector\target\surefire\surefirebooter8426708201066107063.jar, java.io.tmpdir=C:\Users\v160771\AppData\Local\Temp\, line.separator=
, java.vm.specification.vendor=Oracle Corporation, user.variant=, os.name=Windows 10, sun.jnu.encoding=Cp1252, java.library.path=C:\Program Files\Java\jdk1.8.0_131\jre\bin;C:\windows\Sun\Java\bin;C:\windows\system32;C:\windows;C:\ProgramData\Oracle\Java\javapath;C:\Program Files (x86)\Intel\iCLS Client\;C:\Program Files\Intel\iCLS Client\;C:\windows\system32;C:\windows;C:\windows\System32\Wbem;C:\windows\System32\WindowsPowerShell\v1.0\;C:\Program Files (x86)\Intel\Intel(R) Management Engine Components\DAL;C:\Program Files\Intel\Intel(R) Management Engine Components\DAL;C:\Program Files (x86)\Intel\Intel(R) Management Engine Components\IPT;C:\Program Files\Intel\Intel(R) Management Engine Components\IPT;C:\Program Files (x86)\Microsoft SQL Server\Client SDK\ODBC\130\Tools\Binn\;C:\Program Files (x86)\Microsoft SQL Server\130\Tools\Binn\;C:\Program Files (x86)\Microsoft SQL Server\130\DTS\Binn\;C:\Program Files (x86)\Microsoft SQL Server\130\Tools\Binn\ManagementStudio\;C:\Program Files (x86)\AccuRev\bin;C:\Program Files\Java\jdk1.8.0_131\bin;C:\Program Files\Git\bin\git.exe;C:\Program Files\Git\cmd;C:\Program Files\apache-maven-3.3.3-bin\bin;C:\Program Files\Git\cmd;C:\Program Files\PuTTY\;C:\Program Files\nodejs\;C:\Program Files (x86)\Sennheiser\SoftphoneSDK\;C:\Users\v160771\AppData\Local\Microsoft\WindowsApps;., surefire.test.class.path=C:\Users\v160771\Documents\development\appsec\java\source\os4v_developerdashboard\collectors\fortify-collector\target\test-classes;C:\Users\v160771\Documents\development\appsec\java\source\os4v_developerdashboard\collectors\fortify-collector\target\classes;C:\Users\v160771\.m2\repository\org\springframework\cloud\spring-cloud-task-starter\1.0.3.RELEASE\spring-cloud-task-starter-1.0.3.RELEASE.jar;C:\Users\v160771\.m2\repository\org\springframework\cloud\spring-cloud-task-core\1.0.3.RELEASE\spring-cloud-task-core-1.0.3.RELEASE.jar;C:\Users\v160771\.m2\repository\org\springframework\cloud\spring-cloud-deployer-resource-support\1.0.2.RELEASE\spring-cloud-deployer-resource-support-1.0.2.RELEASE.jar;C:\Users\v160771\.m2\repository\org\springframework\batch\spring-batch-infrastructure\3.0.8.RELEASE\spring-batch-infrastructure-3.0.8.RELEASE.jar;C:\Users\v160771\.m2\repository\org\springframework\retry\spring-retry\1.2.2.RELEASE\spring-retry-1.2.2.RELEASE.jar;C:\Users\v160771\.m2\repository\org\springframework\data\spring-data-commons\1.13.10.RELEASE\spring-data-commons-1.13.10.RELEASE.jar;C:\Users\v160771\.m2\repository\org\springframework\cloud\spring-cloud-task-batch\1.0.3.RELEASE\spring-cloud-task-batch-1.0.3.RELEASE.jar;C:\Users\v160771\.m2\repository\org\springframework\cloud\spring-cloud-task-stream\1.0.3.RELEASE\spring-cloud-task-stream-1.0.3.RELEASE.jar;C:\Users\v160771\.m2\repository\org\springframework\boot\spring-boot-starter-batch\1.5.10.RELEASE\spring-boot-starter-batch-1.5.10.RELEASE.jar;C:\Users\v160771\.m2\repository\org\springframework\boot\spring-boot-starter\1.5.10.RELEASE\spring-boot-starter-1.5.10.RELEASE.jar;C:\Users\v160771\.m2\repository\org\springframework\boot\spring-boot-starter-logging\1.5.10.RELEASE\spring-boot-starter-logging-1.5.10.RELEASE.jar;C:\Users\v160771\.m2\repository\ch\qos\logback\logback-classic\1.1.11\logback-classic-1.1.11.jar;C:\Users\v160771\.m2\repository\ch\qos\logback\logback-core\1.1.11\logback-core-1.1.11.jar;C:\Users\v160771\.m2\repository\org\slf4j\jul-to-slf4j\1.7.25\jul-to-slf4j-1.7.25.jar;C:\Users\v160771\.m2\repository\org\slf4j\log4j-over-slf4j\1.7.25\log4j-over-slf4j-1.7.25.jar;C:\Users\v160771\.m2\repository\org\yaml\snakeyaml\1.17\snakeyaml-1.17.jar;C:\Users\v160771\.m2\repository\org\springframework\boot\spring-boot-starter-jdbc\1.5.10.RELEASE\spring-boot-starter-jdbc-1.5.10.RELEASE.jar;C:\Users\v160771\.m2\repository\org\apache\tomcat\tomcat-jdbc\8.5.27\tomcat-jdbc-8.5.27.jar;C:\Users\v160771\.m2\repository\org\apache\tomcat\tomcat-juli\8.5.27\tomcat-juli-8.5.27.jar;C:\Users\v160771\.m2\repository\org\springframework\batch\spring-batch-core\3.0.8.RELEASE\spring-batch-core-3.0.8.RELEASE.jar;C:\Users\v160771\.m2\repository\com\ibm\jbatch\com.ibm.jbatch-tck-spi\1.0\com.ibm.jbatch-tck-spi-1.0.jar;C:\Users\v160771\.m2\repository\javax\batch\javax.batch-api\1.0\javax.batch-api-1.0.jar;C:\Users\v160771\.m2\repository\com\thoughtworks\xstream\xstream\1.4.7\xstream-1.4.7.jar;C:\Users\v160771\.m2\repository\xmlpull\xmlpull\1.1.3.1\xmlpull-1.1.3.1.jar;C:\Users\v160771\.m2\repository\xpp3\xpp3_min\1.1.4c\xpp3_min-1.1.4c.jar;C:\Users\v160771\.m2\repository\org\codehaus\jettison\jettison\1.2\jettison-1.2.jar;C:\Users\v160771\.m2\repository\org\springframework\spring-aop\4.3.14.RELEASE\spring-aop-4.3.14.RELEASE.jar;C:\Users\v160771\.m2\repository\org\springframework\spring-beans\4.3.14.RELEASE\spring-beans-4.3.14.RELEASE.jar;C:\Users\v160771\.m2\repository\org\springframework\spring-context\4.3.14.RELEASE\spring-context-4.3.14.RELEASE.jar;C:\Users\v160771\.m2\repository\org\springframework\boot\spring-boot-starter-data-cassandra\1.5.10.RELEASE\spring-boot-starter-data-cassandra-1.5.10.RELEASE.jar;C:\Users\v160771\.m2\repository\org\springframework\spring-tx\4.3.14.RELEASE\spring-tx-4.3.14.RELEASE.jar;C:\Users\v160771\.m2\repository\org\springframework\data\spring-data-cassandra\1.5.10.RELEASE\spring-data-cassandra-1.5.10.RELEASE.jar;C:\Users\v160771\.m2\repository\org\springframework\data\spring-cql\1.5.10.RELEASE\spring-cql-1.5.10.RELEASE.jar;C:\Users\v160771\.m2\repository\com\google\guava\guava\19.0\guava-19.0.jar;C:\Users\v160771\.m2\repository\org\springframework\spring-expression\4.3.14.RELEASE\spring-expression-4.3.14.RELEASE.jar;C:\Users\v160771\.m2\repository\com\datastax\cassandra\cassandra-driver-core\3.1.4\cassandra-driver-core-3.1.4.jar;C:\Users\v160771\.m2\repository\io\netty\netty-handler\4.0.37.Final\netty-handler-4.0.37.Final.jar;C:\Users\v160771\.m2\repository\io\netty\netty-buffer\4.0.37.Final\netty-buffer-4.0.37.Final.jar;C:\Users\v160771\.m2\repository\io\netty\netty-common\4.0.37.Final\netty-common-4.0.37.Final.jar;C:\Users\v160771\.m2\repository\io\netty\netty-transport\4.0.37.Final\netty-transport-4.0.37.Final.jar;C:\Users\v160771\.m2\repository\io\netty\netty-codec\4.0.37.Final\netty-codec-4.0.37.Final.jar;C:\Users\v160771\.m2\repository\io\dropwizard\metrics\metrics-core\3.1.5\metrics-core-3.1.5.jar;C:\Users\v160771\.m2\repository\com\github\jnr\jnr-ffi\2.0.7\jnr-ffi-2.0.7.jar;C:\Users\v160771\.m2\repository\com\github\jnr\jffi\1.2.10\jffi-1.2.10.jar;C:\Users\v160771\.m2\repository\com\github\jnr\jffi\1.2.10\jffi-1.2.10-native.jar;C:\Users\v160771\.m2\repository\org\ow2\asm\asm\5.0.3\asm-5.0.3.jar;C:\Users\v160771\.m2\repository\org\ow2\asm\asm-commons\5.0.3\asm-commons-5.0.3.jar;C:\Users\v160771\.m2\repository\org\ow2\asm\asm-analysis\5.0.3\asm-analysis-5.0.3.jar;C:\Users\v160771\.m2\repository\org\ow2\asm\asm-tree\5.0.3\asm-tree-5.0.3.jar;C:\Users\v160771\.m2\repository\org\ow2\asm\asm-util\5.0.3\asm-util-5.0.3.jar;C:\Users\v160771\.m2\repository\com\github\jnr\jnr-x86asm\1.0.2\jnr-x86asm-1.0.2.jar;C:\Users\v160771\.m2\repository\com\github\jnr\jnr-posix\3.0.27\jnr-posix-3.0.27.jar;C:\Users\v160771\.m2\repository\com\github\jnr\jnr-constants\0.9.0\jnr-constants-0.9.0.jar;C:\Users\v160771\.m2\repository\org\slf4j\slf4j-api\1.7.25\slf4j-api-1.7.25.jar;C:\Users\v160771\.m2\repository\org\slf4j\jcl-over-slf4j\1.7.25\jcl-over-slf4j-1.7.25.jar;C:\Users\v160771\.m2\repository\org\springframework\boot\spring-boot-starter-data-jpa\1.5.10.RELEASE\spring-boot-starter-data-jpa-1.5.10.RELEASE.jar;C:\Users\v160771\.m2\repository\org\springframework\boot\spring-boot-starter-aop\1.5.10.RELEASE\spring-boot-starter-aop-1.5.10.RELEASE.jar;C:\Users\v160771\.m2\repository\org\aspectj\aspectjweaver\1.8.13\aspectjweaver-1.8.13.jar;C:\Users\v160771\.m2\repository\org\hibernate\hibernate-core\5.0.12.Final\hibernate-core-5.0.12.Final.jar;C:\Users\v160771\.m2\repository\org\jboss\logging\jboss-logging\3.3.1.Final\jboss-logging-3.3.1.Final.jar;C:\Users\v160771\.m2\repository\org\hibernate\javax\persistence\hibernate-jpa-2.1-api\1.0.0.Final\hibernate-jpa-2.1-api-1.0.0.Final.jar;C:\Users\v160771\.m2\repository\org\javassist\javassist\3.21.0-GA\javassist-3.21.0-GA.jar;C:\Users\v160771\.m2\repository\antlr\antlr\2.7.7\antlr-2.7.7.jar;C:\Users\v160771\.m2\repository\org\jboss\jandex\2.0.0.Final\jandex-2.0.0.Final.jar;C:\Users\v160771\.m2\repository\dom4j\dom4j\1.6.1\dom4j-1.6.1.jar;C:\Users\v160771\.m2\repository\org\hibernate\common\hibernate-commons-annotations\5.0.1.Final\hibernate-commons-annotations-5.0.1.Final.jar;C:\Users\v160771\.m2\repository\org\hibernate\hibernate-entitymanager\5.0.12.Final\hibernate-entitymanager-5.0.12.Final.jar;C:\Users\v160771\.m2\repository\javax\transaction\javax.transaction-api\1.2\javax.transaction-api-1.2.jar;C:\Users\v160771\.m2\repository\org\springframework\data\spring-data-jpa\1.11.10.RELEASE\spring-data-jpa-1.11.10.RELEASE.jar;C:\Users\v160771\.m2\repository\org\springframework\spring-orm\4.3.14.RELEASE\spring-orm-4.3.14.RELEASE.jar;C:\Users\v160771\.m2\repository\org\springframework\spring-aspects\4.3.14.RELEASE\spring-aspects-4.3.14.RELEASE.jar;C:\Users\v160771\.m2\repository\org\projectlombok\lombok\1.16.20\lombok-1.16.20.jar;C:\Users\v160771\.m2\repository\com\microsoft\sqlserver\mssql-jdbc\6.3.6.jre8-preview\mssql-jdbc-6.3.6.jre8-preview.jar;C:\Users\v160771\.m2\repository\org\springframework\boot\spring-boot-starter-test\1.5.10.RELEASE\spring-boot-starter-test-1.5.10.RELEASE.jar;C:\Users\v160771\.m2\repository\org\springframework\boot\spring-boot-test\1.5.10.RELEASE\spring-boot-test-1.5.10.RELEASE.jar;C:\Users\v160771\.m2\repository\org\springframework\boot\spring-boot-test-autoconfigure\1.5.10.RELEASE\spring-boot-test-autoconfigure-1.5.10.RELEASE.jar;C:\Users\v160771\.m2\repository\com\jayway\jsonpath\json-path\2.2.0\json-path-2.2.0.jar;C:\Users\v160771\.m2\repository\net\minidev\json-smart\2.2.1\json-smart-2.2.1.jar;C:\Users\v160771\.m2\repository\net\minidev\accessors-smart\1.1\accessors-smart-1.1.jar;C:\Users\v160771\.m2\repository\junit\junit\4.12\junit-4.12.jar;C:\Users\v160771\.m2\repository\org\assertj\assertj-core\2.6.0\assertj-core-2.6.0.jar;C:\Users\v160771\.m2\repository\org\mockito\mockito-core\1.10.19\mockito-core-1.10.19.jar;C:\Users\v160771\.m2\repository\org\objenesis\objenesis\2.1\objenesis-2.1.jar;C:\Users\v160771\.m2\repository\org\hamcrest\hamcrest-core\1.3\hamcrest-core-1.3.jar;C:\Users\v160771\.m2\repository\org\hamcrest\hamcrest-library\1.3\hamcrest-library-1.3.jar;C:\Users\v160771\.m2\repository\org\skyscreamer\jsonassert\1.4.0\jsonassert-1.4.0.jar;C:\Users\v160771\.m2\repository\com\vaadin\external\google\android-json\0.0.20131108.vaadin1\android-json-0.0.20131108.vaadin1.jar;C:\Users\v160771\.m2\repository\org\springframework\spring-core\4.3.14.RELEASE\spring-core-4.3.14.RELEASE.jar;C:\Users\v160771\.m2\repository\org\springframework\spring-test\4.3.14.RELEASE\spring-test-4.3.14.RELEASE.jar;C:\Users\v160771\.m2\repository\org\springframework\batch\spring-batch-test\3.0.8.RELEASE\spring-batch-test-3.0.8.RELEASE.jar;C:\Users\v160771\.m2\repository\commons-collections\commons-collections\3.2.2\commons-collections-3.2.2.jar;C:\Users\v160771\.m2\repository\commons-io\commons-io\2.4\commons-io-2.4.jar;C:\Users\v160771\.m2\repository\org\springframework\spring-jdbc\4.3.14.RELEASE\spring-jdbc-4.3.14.RELEASE.jar;C:\Users\v160771\.m2\repository\org\springframework\boot\spring-boot-devtools\1.5.10.RELEASE\spring-boot-devtools-1.5.10.RELEASE.jar;C:\Users\v160771\.m2\repository\org\springframework\boot\spring-boot\1.5.10.RELEASE\spring-boot-1.5.10.RELEASE.jar;C:\Users\v160771\.m2\repository\org\springframework\boot\spring-boot-autoconfigure\1.5.10.RELEASE\spring-boot-autoconfigure-1.5.10.RELEASE.jar;, java.specification.name=Java Platform API Specification, java.class.version=52.0, sun.management.compiler=HotSpot 64-Bit Tiered Compilers, os.version=10.0, user.home=C:\Users\v160771, user.timezone=America/Chicago, java.awt.printerjob=sun.awt.windows.WPrinterJob, file.encoding=Cp1252, java.specification.version=1.8, java.class.path=C:\Users\v160771\Documents\development\appsec\java\source\os4v_developerdashboard\collectors\fortify-collector\target\test-classes;C:\Users\v160771\Documents\development\appsec\java\source\os4v_developerdashboard\collectors\fortify-collector\target\classes;C:\Users\v160771\.m2\repository\org\springframework\cloud\spring-cloud-task-starter\1.0.3.RELEASE\spring-cloud-task-starter-1.0.3.RELEASE.jar;C:\Users\v160771\.m2\repository\org\springframework\cloud\spring-cloud-task-core\1.0.3.RELEASE\spring-cloud-task-core-1.0.3.RELEASE.jar;C:\Users\v160771\.m2\repository\org\springframework\cloud\spring-cloud-deployer-resource-support\1.0.2.RELEASE\spring-cloud-deployer-resource-support-1.0.2.RELEASE.jar;C:\Users\v160771\.m2\repository\org\springframework\batch\spring-batch-infrastructure\3.0.8.RELEASE\spring-batch-infrastructure-3.0.8.RELEASE.jar;C:\Users\v160771\.m2\repository\org\springframework\retry\spring-retry\1.2.2.RELEASE\spring-retry-1.2.2.RELEASE.jar;C:\Users\v160771\.m2\repository\org\springframework\data\spring-data-commons\1.13.10.RELEASE\spring-data-commons-1.13.10.RELEASE.jar;C:\Users\v160771\.m2\repository\org\springframework\cloud\spring-cloud-task-batch\1.0.3.RELEASE\spring-cloud-task-batch-1.0.3.RELEASE.jar;C:\Users\v160771\.m2\repository\org\springframework\cloud\spring-cloud-task-stream\1.0.3.RELEASE\spring-cloud-task-stream-1.0.3.RELEASE.jar;C:\Users\v160771\.m2\repository\org\springframework\boot\spring-boot-starter-batch\1.5.10.RELEASE\spring-boot-starter-batch-1.5.10.RELEASE.jar;C:\Users\v160771\.m2\repository\org\springframework\boot\spring-boot-starter\1.5.10.RELEASE\spring-boot-starter-1.5.10.RELEASE.jar;C:\Users\v160771\.m2\repository\org\springframework\boot\spring-boot-starter-logging\1.5.10.RELEASE\spring-boot-starter-logging-1.5.10.RELEASE.jar;C:\Users\v160771\.m2\repository\ch\qos\logback\logback-classic\1.1.11\logback-classic-1.1.11.jar;C:\Users\v160771\.m2\repository\ch\qos\logback\logback-core\1.1.11\logback-core-1.1.11.jar;C:\Users\v160771\.m2\repository\org\slf4j\jul-to-slf4j\1.7.25\jul-to-slf4j-1.7.25.jar;C:\Users\v160771\.m2\repository\org\slf4j\log4j-over-slf4j\1.7.25\log4j-over-slf4j-1.7.25.jar;C:\Users\v160771\.m2\repository\org\yaml\snakeyaml\1.17\snakeyaml-1.17.jar;C:\Users\v160771\.m2\repository\org\springframework\boot\spring-boot-starter-jdbc\1.5.10.RELEASE\spring-boot-starter-jdbc-1.5.10.RELEASE.jar;C:\Users\v160771\.m2\repository\org\apache\tomcat\tomcat-jdbc\8.5.27\tomcat-jdbc-8.5.27.jar;C:\Users\v160771\.m2\repository\org\apache\tomcat\tomcat-juli\8.5.27\tomcat-juli-8.5.27.jar;C:\Users\v160771\.m2\repository\org\springframework\batch\spring-batch-core\3.0.8.RELEASE\spring-batch-core-3.0.8.RELEASE.jar;C:\Users\v160771\.m2\repository\com\ibm\jbatch\com.ibm.jbatch-tck-spi\1.0\com.ibm.jbatch-tck-spi-1.0.jar;C:\Users\v160771\.m2\repository\javax\batch\javax.batch-api\1.0\javax.batch-api-1.0.jar;C:\Users\v160771\.m2\repository\com\thoughtworks\xstream\xstream\1.4.7\xstream-1.4.7.jar;C:\Users\v160771\.m2\repository\xmlpull\xmlpull\1.1.3.1\xmlpull-1.1.3.1.jar;C:\Users\v160771\.m2\repository\xpp3\xpp3_min\1.1.4c\xpp3_min-1.1.4c.jar;C:\Users\v160771\.m2\repository\org\codehaus\jettison\jettison\1.2\jettison-1.2.jar;C:\Users\v160771\.m2\repository\org\springframework\spring-aop\4.3.14.RELEASE\spring-aop-4.3.14.RELEASE.jar;C:\Users\v160771\.m2\repository\org\springframework\spring-beans\4.3.14.RELEASE\spring-beans-4.3.14.RELEASE.jar;C:\Users\v160771\.m2\repository\org\springframework\spring-context\4.3.14.RELEASE\spring-context-4.3.14.RELEASE.jar;C:\Users\v160771\.m2\repository\org\springframework\boot\spring-boot-starter-data-cassandra\1.5.10.RELEASE\spring-boot-starter-data-cassandra-1.5.10.RELEASE.jar;C:\Users\v160771\.m2\repository\org\springframework\spring-tx\4.3.14.RELEASE\spring-tx-4.3.14.RELEASE.jar;C:\Users\v160771\.m2\repository\org\springframework\data\spring-data-cassandra\1.5.10.RELEASE\spring-data-cassandra-1.5.10.RELEASE.jar;C:\Users\v160771\.m2\repository\org\springframework\data\spring-cql\1.5.10.RELEASE\spring-cql-1.5.10.RELEASE.jar;C:\Users\v160771\.m2\repository\com\google\guava\guava\19.0\guava-19.0.jar;C:\Users\v160771\.m2\repository\org\springframework\spring-expression\4.3.14.RELEASE\spring-expression-4.3.14.RELEASE.jar;C:\Users\v160771\.m2\repository\com\datastax\cassandra\cassandra-driver-core\3.1.4\cassandra-driver-core-3.1.4.jar;C:\Users\v160771\.m2\repository\io\netty\netty-handler\4.0.37.Final\netty-handler-4.0.37.Final.jar;C:\Users\v160771\.m2\repository\io\netty\netty-buffer\4.0.37.Final\netty-buffer-4.0.37.Final.jar;C:\Users\v160771\.m2\repository\io\netty\netty-common\4.0.37.Final\netty-common-4.0.37.Final.jar;C:\Users\v160771\.m2\repository\io\netty\netty-transport\4.0.37.Final\netty-transport-4.0.37.Final.jar;C:\Users\v160771\.m2\repository\io\netty\netty-codec\4.0.37.Final\netty-codec-4.0.37.Final.jar;C:\Users\v160771\.m2\repository\io\dropwizard\metrics\metrics-core\3.1.5\metrics-core-3.1.5.jar;C:\Users\v160771\.m2\repository\com\github\jnr\jnr-ffi\2.0.7\jnr-ffi-2.0.7.jar;C:\Users\v160771\.m2\repository\com\github\jnr\jffi\1.2.10\jffi-1.2.10.jar;C:\Users\v160771\.m2\repository\com\github\jnr\jffi\1.2.10\jffi-1.2.10-native.jar;C:\Users\v160771\.m2\repository\org\ow2\asm\asm\5.0.3\asm-5.0.3.jar;C:\Users\v160771\.m2\repository\org\ow2\asm\asm-commons\5.0.3\asm-commons-5.0.3.jar;C:\Users\v160771\.m2\repository\org\ow2\asm\asm-analysis\5.0.3\asm-analysis-5.0.3.jar;C:\Users\v160771\.m2\repository\org\ow2\asm\asm-tree\5.0.3\asm-tree-5.0.3.jar;C:\Users\v160771\.m2\repository\org\ow2\asm\asm-util\5.0.3\asm-util-5.0.3.jar;C:\Users\v160771\.m2\repository\com\github\jnr\jnr-x86asm\1.0.2\jnr-x86asm-1.0.2.jar;C:\Users\v160771\.m2\repository\com\github\jnr\jnr-posix\3.0.27\jnr-posix-3.0.27.jar;C:\Users\v160771\.m2\repository\com\github\jnr\jnr-constants\0.9.0\jnr-constants-0.9.0.jar;C:\Users\v160771\.m2\repository\org\slf4j\slf4j-api\1.7.25\slf4j-api-1.7.25.jar;C:\Users\v160771\.m2\repository\org\slf4j\jcl-over-slf4j\1.7.25\jcl-over-slf4j-1.7.25.jar;C:\Users\v160771\.m2\repository\org\springframework\boot\spring-boot-starter-data-jpa\1.5.10.RELEASE\spring-boot-starter-data-jpa-1.5.10.RELEASE.jar;C:\Users\v160771\.m2\repository\org\springframework\boot\spring-boot-starter-aop\1.5.10.RELEASE\spring-boot-starter-aop-1.5.10.RELEASE.jar;C:\Users\v160771\.m2\repository\org\aspectj\aspectjweaver\1.8.13\aspectjweaver-1.8.13.jar;C:\Users\v160771\.m2\repository\org\hibernate\hibernate-core\5.0.12.Final\hibernate-core-5.0.12.Final.jar;C:\Users\v160771\.m2\repository\org\jboss\logging\jboss-logging\3.3.1.Final\jboss-logging-3.3.1.Final.jar;C:\Users\v160771\.m2\repository\org\hibernate\javax\persistence\hibernate-jpa-2.1-api\1.0.0.Final\hibernate-jpa-2.1-api-1.0.0.Final.jar;C:\Users\v160771\.m2\repository\org\javassist\javassist\3.21.0-GA\javassist-3.21.0-GA.jar;C:\Users\v160771\.m2\repository\antlr\antlr\2.7.7\antlr-2.7.7.jar;C:\Users\v160771\.m2\repository\org\jboss\jandex\2.0.0.Final\jandex-2.0.0.Final.jar;C:\Users\v160771\.m2\repository\dom4j\dom4j\1.6.1\dom4j-1.6.1.jar;C:\Users\v160771\.m2\repository\org\hibernate\common\hibernate-commons-annotations\5.0.1.Final\hibernate-commons-annotations-5.0.1.Final.jar;C:\Users\v160771\.m2\repository\org\hibernate\hibernate-entitymanager\5.0.12.Final\hibernate-entitymanager-5.0.12.Final.jar;C:\Users\v160771\.m2\repository\javax\transaction\javax.transaction-api\1.2\javax.transaction-api-1.2.jar;C:\Users\v160771\.m2\repository\org\springframework\data\spring-data-jpa\1.11.10.RELEASE\spring-data-jpa-1.11.10.RELEASE.jar;C:\Users\v160771\.m2\repository\org\springframework\spring-orm\4.3.14.RELEASE\spring-orm-4.3.14.RELEASE.jar;C:\Users\v160771\.m2\repository\org\springframework\spring-aspects\4.3.14.RELEASE\spring-aspects-4.3.14.RELEASE.jar;C:\Users\v160771\.m2\repository\org\projectlombok\lombok\1.16.20\lombok-1.16.20.jar;C:\Users\v160771\.m2\repository\com\microsoft\sqlserver\mssql-jdbc\6.3.6.jre8-preview\mssql-jdbc-6.3.6.jre8-preview.jar;C:\Users\v160771\.m2\repository\org\springframework\boot\spring-boot-starter-test\1.5.10.RELEASE\spring-boot-starter-test-1.5.10.RELEASE.jar;C:\Users\v160771\.m2\repository\org\springframework\boot\spring-boot-test\1.5.10.RELEASE\spring-boot-test-1.5.10.RELEASE.jar;C:\Users\v160771\.m2\repository\org\springframework\boot\spring-boot-test-autoconfigure\1.5.10.RELEASE\spring-boot-test-autoconfigure-1.5.10.RELEASE.jar;C:\Users\v160771\.m2\repository\com\jayway\jsonpath\json-path\2.2.0\json-path-2.2.0.jar;C:\Users\v160771\.m2\repository\net\minidev\json-smart\2.2.1\json-smart-2.2.1.jar;C:\Users\v160771\.m2\repository\net\minidev\accessors-smart\1.1\accessors-smart-1.1.jar;C:\Users\v160771\.m2\repository\junit\junit\4.12\junit-4.12.jar;C:\Users\v160771\.m2\repository\org\assertj\assertj-core\2.6.0\assertj-core-2.6.0.jar;C:\Users\v160771\.m2\repository\org\mockito\mockito-core\1.10.19\mockito-core-1.10.19.jar;C:\Users\v160771\.m2\repository\org\objenesis\objenesis\2.1\objenesis-2.1.jar;C:\Users\v160771\.m2\repository\org\hamcrest\hamcrest-core\1.3\hamcrest-core-1.3.jar;C:\Users\v160771\.m2\repository\org\hamcrest\hamcrest-library\1.3\hamcrest-library-1.3.jar;C:\Users\v160771\.m2\repository\org\skyscreamer\jsonassert\1.4.0\jsonassert-1.4.0.jar;C:\Users\v160771\.m2\repository\com\vaadin\external\google\android-json\0.0.20131108.vaadin1\android-json-0.0.20131108.vaadin1.jar;C:\Users\v160771\.m2\repository\org\springframework\spring-core\4.3.14.RELEASE\spring-core-4.3.14.RELEASE.jar;C:\Users\v160771\.m2\repository\org\springframework\spring-test\4.3.14.RELEASE\spring-test-4.3.14.RELEASE.jar;C:\Users\v160771\.m2\repository\org\springframework\batch\spring-batch-test\3.0.8.RELEASE\spring-batch-test-3.0.8.RELEASE.jar;C:\Users\v160771\.m2\repository\commons-collections\commons-collections\3.2.2\commons-collections-3.2.2.jar;C:\Users\v160771\.m2\repository\commons-io\commons-io\2.4\commons-io-2.4.jar;C:\Users\v160771\.m2\repository\org\springframework\spring-jdbc\4.3.14.RELEASE\spring-jdbc-4.3.14.RELEASE.jar;C:\Users\v160771\.m2\repository\org\springframework\boot\spring-boot-devtools\1.5.10.RELEASE\spring-boot-devtools-1.5.10.RELEASE.jar;C:\Users\v160771\.m2\repository\org\springframework\boot\spring-boot\1.5.10.RELEASE\spring-boot-1.5.10.RELEASE.jar;C:\Users\v160771\.m2\repository\org\springframework\boot\spring-boot-autoconfigure\1.5.10.RELEASE\spring-boot-autoconfigure-1.5.10.RELEASE.jar;, user.name=v160771, java.vm.specification.version=1.8, sun.java.command=C:\Users\v160771\Documents\development\appsec\java\source\os4v_developerdashboard\collectors\fortify-collector\target\surefire\surefirebooter8426708201066107063.jar C:\Users\v160771\Documents\development\appsec\java\source\os4v_developerdashboard\collectors\fortify-collector\target\surefire\surefire3379949640095428841tmp C:\Users\v160771\Documents\development\appsec\java\source\os4v_developerdashboard\collectors\fortify-collector\target\surefire\surefire_05122711583014688071tmp, java.home=C:\Program Files\Java\jdk1.8.0_131\jre, sun.arch.data.model=64, user.language=en, java.specification.vendor=Oracle Corporation, awt.toolkit=sun.awt.windows.WToolkit, java.vm.info=mixed mode, java.version=1.8.0_131, java.ext.dirs=C:\Program Files\Java\jdk1.8.0_131\jre\lib\ext;C:\windows\Sun\Java\lib\ext, sun.boot.class.path=C:\Program Files\Java\jdk1.8.0_131\jre\lib\resources.jar;C:\Program Files\Java\jdk1.8.0_131\jre\lib\rt.jar;C:\Program Files\Java\jdk1.8.0_131\jre\lib\sunrsasign.jar;C:\Program Files\Java\jdk1.8.0_131\jre\lib\jsse.jar;C:\Program Files\Java\jdk1.8.0_131\jre\lib\jce.jar;C:\Program Files\Java\jdk1.8.0_131\jre\lib\charsets.jar;C:\Program Files\Java\jdk1.8.0_131\jre\lib\jfr.jar;C:\Program Files\Java\jdk1.8.0_131\jre\classes, java.vendor=Oracle Corporation, localRepository=C:\Users\v160771\.m2\repository, file.separator=\, java.vendor.url.bug=http://bugreport.sun.com/bugreport/, sun.io.unicode.encoding=UnicodeLittle, sun.cpu.endian=little, sun.desktop=windows, sun.cpu.isalist=amd64}}, SystemEnvironmentPropertySource@1577592551 {name='systemEnvironment', properties={PATH=C:\ProgramData\Oracle\Java\javapath;C:\Program Files (x86)\Intel\iCLS Client\;C:\Program Files\Intel\iCLS Client\;C:\windows\system32;C:\windows;C:\windows\System32\Wbem;C:\windows\System32\WindowsPowerShell\v1.0\;C:\Program Files (x86)\Intel\Intel(R) Management Engine Components\DAL;C:\Program Files\Intel\Intel(R) Management Engine Components\DAL;C:\Program Files (x86)\Intel\Intel(R) Management Engine Components\IPT;C:\Program Files\Intel\Intel(R) Management Engine Components\IPT;C:\Program Files (x86)\Microsoft SQL Server\Client SDK\ODBC\130\Tools\Binn\;C:\Program Files (x86)\Microsoft SQL Server\130\Tools\Binn\;C:\Program Files (x86)\Microsoft SQL Server\130\DTS\Binn\;C:\Program Files (x86)\Microsoft SQL Server\130\Tools\Binn\ManagementStudio\;C:\Program Files (x86)\AccuRev\bin;C:\Program Files\Java\jdk1.8.0_131\bin;C:\Program Files\Git\bin\git.exe;C:\Program Files\Git\cmd;C:\Program Files\apache-maven-3.3.3-bin\bin;C:\Program Files\Git\cmd;C:\Program Files\PuTTY\;C:\Program Files\nodejs\;C:\Program Files (x86)\Sennheiser\SoftphoneSDK\;C:\Users\v160771\AppData\Local\Microsoft\WindowsApps, USERDOMAIN_ROAMINGPROFILE=USWIN, GIT_HOME=C:\Program Files\Git, PROCESSOR_LEVEL=6, SYSTEMDRIVE=C:, M2=C:\Program Files\apache-maven-3.3.3-bin\bin, ALLUSERSPROFILE=C:\ProgramData, PROCESSOR_ARCHITECTURE=AMD64, PROGRAMFILES=C:\Program Files, PSMODULEPATH=%ProgramFiles%\WindowsPowerShell\Modules;C:\windows\system32\WindowsPowerShell\v1.0\Modules;C:\Program Files (x86)\Microsoft SQL Server\130\Tools\PowerShell\Modules\, PROGRAMDATA=C:\ProgramData, USERNAME=v160771, USERDNSDOMAIN=USWIN.AD.VZWCORP.COM, WDIR=C:\Users\v160771\Documents\development\appsec\java\source\os4v_developerdashboard\collectors\fortify-collector, FPS_BROWSER_USER_PROFILE_STRING=Default, PATHEXT=.COM;.EXE;.BAT;.CMD;.VBS;.VBE;.JS;.JSE;.WSF;.WSH;.MSC, CLASSWORLDS_JAR="C:\Program Files\apache-maven-3.3.3-bin\boot\plexus-classworlds-2.5.2.jar", HOMESHARE=\\odksacvnx01c01.ent.verizon.com\homedrive_usr_fs001_sac$\V160771, WINDIR=C:\windows, HOMEPATH=\, PROCESSOR_IDENTIFIER=Intel64 Family 6 Model 94 Stepping 3, GenuineIntel, M2_HOME=C:\Program Files\apache-maven-3.3.3-bin, MAVEN_JAVA_EXE="C:\Program Files\Java\jdk1.8.0_131\bin\java.exe", PUBLIC=C:\Users\Public, LOCALAPPDATA=C:\Users\v160771\AppData\Local, COMMONPROGRAMFILES(X86)=C:\Program Files (x86)\Common Files, USERDOMAIN=USWIN, FPS_BROWSER_APP_PROFILE_STRING=Internet Explorer, LOGONSERVER=\\TPAP1CUADCW03, JAVA_HOME=C:\Program Files\Java\jdk1.8.0_131, PROMPT=$P$G, PROGRAMFILES(X86)=C:\Program Files (x86), ERROR_CODE=0, EXEC_DIR=C:\Users\v160771\Documents\development\appsec\java\source\os4v_developerdashboard\collectors\fortify-collector, =C:=C:\Users\v160771\Documents\development\appsec\java\source\os4v_developerdashboard\collectors\fortify-collector, APPDATA=C:\Users\v160771\AppData\Roaming, PROGRAMW6432=C:\Program Files, SYSTEMROOT=C:\windows, MAVEN_CMD_LINE_ARGS=package, OS=Windows_NT, COMMONPROGRAMW6432=C:\Program Files\Common Files, COMPUTERNAME=TTX0109ALKVTDZQ, COMMONPROGRAMFILES=C:\Program Files\Common Files, COMSPEC=C:\windows\system32\cmd.exe, MAVEN_PROJECTBASEDIR=C:\Users\v160771\Documents\development\appsec\java\source\os4v_developerdashboard\collectors\fortify-collector, PROCESSOR_REVISION=5e03, CLASSWORLDS_LAUNCHER=org.codehaus.plexus.classworlds.launcher.Launcher, TEMP=C:\Users\v160771\AppData\Local\Temp, HOMEDRIVE=H:, USERPROFILE=C:\Users\v160771, TMP=C:\Users\v160771\AppData\Local\Temp, NUMBER_OF_PROCESSORS=8, HOME=H:\}}]
14:48:38.585 [main] DEBUG org.springframework.core.env.MutablePropertySources - Adding PropertySource 'inline' with highest search precedence
14:48:38.597 [main] DEBUG org.springframework.test.context.support.TestPropertySourceUtils - Adding inlined properties to environment: {spring.jmx.enabled=false, org.springframework.boot.test.context.SpringBootTestContextBootstrapper=true, server.port=-1}
14:48:38.597 [main] DEBUG org.springframework.core.env.StandardEnvironment - Adding PropertySource 'Inlined Test Properties' with highest search precedence

  .   ____          _            __ _ _
 /\\ / ___'_ __ _ _(_)_ __  __ _ \ \ \ \
( ( )\___ | '_ | '_| | '_ \/ _` | \ \ \ \
 \\/  ___)| |_)| | | | | || (_| |  ) ) ) )
  '  |____| .__|_| |_|_| |_\__, | / / / /
 =========|_|==============|___/=/_/_/_/
 :: Spring Boot ::       (v1.5.10.RELEASE)

2018-02-07 14:48:39.175  INFO 4636 --- [           main] c.v.d.f.FortifyCollectorApplicationTests : Starting FortifyCollectorApplicationTests on TTX0109ALKVTDZQ with PID 4636 (started by v160771 in C:\Users\v160771\Documents\development\appsec\java\source\os4v_developerdashboard\collectors\fortify-collector)
2018-02-07 14:48:39.176  INFO 4636 --- [           main] c.v.d.f.FortifyCollectorApplicationTests : No active profile set, falling back to default profiles: default
2018-02-07 14:48:39.213  INFO 4636 --- [           main] s.c.a.AnnotationConfigApplicationContext : Refreshing org.springframework.context.annotation.AnnotationConfigApplicationContext@49049a04: startup date [Wed Feb 07 14:48:39 CST 2018]; root of context hierarchy
2018-02-07 14:48:39.811  INFO 4636 --- [           main] o.s.b.f.s.DefaultListableBeanFactory     : Overriding bean definition for bean 'transactionManager' with a different definition: replacing [Root bean: class [null]; scope=; abstract=false; lazyInit=false; autowireMode=3; dependencyCheck=0; autowireCandidate=true; primary=false; factoryBeanName=org.springframework.batch.core.configuration.annotation.SimpleBatchConfiguration; factoryMethodName=transactionManager; initMethodName=null; destroyMethodName=(inferred); defined in class path resource [org/springframework/batch/core/configuration/annotation/SimpleBatchConfiguration.class]] with [Root bean: class [null]; scope=; abstract=false; lazyInit=false; autowireMode=3; dependencyCheck=0; autowireCandidate=true; primary=false; factoryBeanName=fortifySSCBatchConfigurationCassandra; factoryMethodName=transactionManager; initMethodName=null; destroyMethodName=(inferred); defined in class path resource [com/verizon/dd/fortifycollector/batch/FortifySSCBatchConfigurationCassandra.class]]
2018-02-07 14:48:39.812  INFO 4636 --- [           main] o.s.b.f.s.DefaultListableBeanFactory     : Overriding bean definition for bean 'jobExplorer' with a different definition: replacing [Root bean: class [null]; scope=; abstract=false; lazyInit=false; autowireMode=3; dependencyCheck=0; autowireCandidate=true; primary=false; factoryBeanName=org.springframework.batch.core.configuration.annotation.SimpleBatchConfiguration; factoryMethodName=jobExplorer; initMethodName=null; destroyMethodName=(inferred); defined in class path resource [org/springframework/batch/core/configuration/annotation/SimpleBatchConfiguration.class]] with [Root bean: class [null]; scope=; abstract=false; lazyInit=false; autowireMode=3; dependencyCheck=0; autowireCandidate=true; primary=false; factoryBeanName=fortifySSCBatchConfigurationCassandra; factoryMethodName=jobExplorer; initMethodName=null; destroyMethodName=(inferred); defined in class path resource [com/verizon/dd/fortifycollector/batch/FortifySSCBatchConfigurationCassandra.class]]
2018-02-07 14:48:39.812  INFO 4636 --- [           main] o.s.b.f.s.DefaultListableBeanFactory     : Overriding bean definition for bean 'jobRepository' with a different definition: replacing [Root bean: class [null]; scope=; abstract=false; lazyInit=false; autowireMode=3; dependencyCheck=0; autowireCandidate=true; primary=false; factoryBeanName=org.springframework.batch.core.configuration.annotation.SimpleBatchConfiguration; factoryMethodName=jobRepository; initMethodName=null; destroyMethodName=(inferred); defined in class path resource [org/springframework/batch/core/configuration/annotation/SimpleBatchConfiguration.class]] with [Root bean: class [null]; scope=; abstract=false; lazyInit=false; autowireMode=3; dependencyCheck=0; autowireCandidate=true; primary=false; factoryBeanName=fortifySSCBatchConfigurationCassandra; factoryMethodName=jobRepository; initMethodName=null; destroyMethodName=(inferred); defined in class path resource [com/verizon/dd/fortifycollector/batch/FortifySSCBatchConfigurationCassandra.class]]
2018-02-07 14:48:39.813  INFO 4636 --- [           main] o.s.b.f.s.DefaultListableBeanFactory     : Overriding bean definition for bean 'jobLauncher' with a different definition: replacing [Root bean: class [null]; scope=; abstract=false; lazyInit=false; autowireMode=3; dependencyCheck=0; autowireCandidate=true; primary=false; factoryBeanName=org.springframework.batch.core.configuration.annotation.SimpleBatchConfiguration; factoryMethodName=jobLauncher; initMethodName=null; destroyMethodName=(inferred); defined in class path resource [org/springframework/batch/core/configuration/annotation/SimpleBatchConfiguration.class]] with [Root bean: class [null]; scope=; abstract=false; lazyInit=false; autowireMode=3; dependencyCheck=0; autowireCandidate=true; primary=false; factoryBeanName=fortifySSCBatchConfigurationCassandra; factoryMethodName=jobLauncher; initMethodName=null; destroyMethodName=(inferred); defined in class path resource [com/verizon/dd/fortifycollector/batch/FortifySSCBatchConfigurationCassandra.class]]
2018-02-07 14:48:39.816  INFO 4636 --- [           main] o.s.b.f.s.DefaultListableBeanFactory     : Overriding bean definition for bean 'transactionManager' with a different definition: replacing [Root bean: class [null]; scope=; abstract=false; lazyInit=false; autowireMode=3; dependencyCheck=0; autowireCandidate=true; primary=false; factoryBeanName=fortifySSCBatchConfigurationCassandra; factoryMethodName=transactionManager; initMethodName=null; destroyMethodName=(inferred); defined in class path resource [com/verizon/dd/fortifycollector/batch/FortifySSCBatchConfigurationCassandra.class]] with [Root bean: class [null]; scope=; abstract=false; lazyInit=false; autowireMode=3; dependencyCheck=0; autowireCandidate=true; primary=false; factoryBeanName=org.springframework.cloud.task.configuration.SimpleTaskConfiguration; factoryMethodName=transactionManager; initMethodName=null; destroyMethodName=(inferred); defined in org.springframework.cloud.task.configuration.SimpleTaskConfiguration]
2018-02-07 14:48:39.964  INFO 4636 --- [           main] .s.d.r.c.RepositoryConfigurationDelegate : Multiple Spring Data modules found, entering strict repository configuration mode!
2018-02-07 14:48:40.046  INFO 4636 --- [           main] .RepositoryConfigurationExtensionSupport : Spring Data Cassandra - Could not safely identify store assignment for repository candidate interface com.verizon.dd.fortifycollector.fortify.rdbms.repository.FortifyPVRepository.
2018-02-07 14:48:40.051  INFO 4636 --- [           main] .RepositoryConfigurationExtensionSupport : Spring Data Cassandra - Could not safely identify store assignment for repository candidate interface com.verizon.dd.fortifycollector.fortify.rdbms.repository.FortifyScanRepository.
2018-02-07 14:48:40.072  INFO 4636 --- [           main] .s.d.r.c.RepositoryConfigurationDelegate : Multiple Spring Data modules found, entering strict repository configuration mode!
2018-02-07 14:48:40.376  WARN 4636 --- [           main] o.s.c.a.ConfigurationClassEnhancer       : @Bean method ScopeConfiguration.stepScope is non-static and returns an object assignable to Spring's BeanFactoryPostProcessor interface. This will result in a failure to process annotations such as @Autowired, @Resource and @PostConstruct within the method's declaring @Configuration class. Add the 'static' modifier to this method to avoid these container lifecycle issues; see @Bean javadoc for complete details.
2018-02-07 14:48:40.394  WARN 4636 --- [           main] o.s.c.a.ConfigurationClassEnhancer       : @Bean method ScopeConfiguration.jobScope is non-static and returns an object assignable to Spring's BeanFactoryPostProcessor interface. This will result in a failure to process annotations such as @Autowired, @Resource and @PostConstruct within the method's declaring @Configuration class. Add the 'static' modifier to this method to avoid these container lifecycle issues; see @Bean javadoc for complete details.
2018-02-07 14:48:40.557  INFO 4636 --- [           main] trationDelegate$BeanPostProcessorChecker : Bean 'org.springframework.transaction.annotation.ProxyTransactionManagementConfiguration' of type [org.springframework.transaction.annotation.ProxyTransactionManagementConfiguration$$EnhancerBySpringCGLIB$$d4a84f33] is not eligible for getting processed by all BeanPostProcessors (for example: not eligible for auto-proxying)
2018-02-07 14:48:40.593  INFO 4636 --- [           main] trationDelegate$BeanPostProcessorChecker : Bean 'org.springframework.cloud.task.batch.configuration.TaskBatchAutoConfiguration' of type [org.springframework.cloud.task.batch.configuration.TaskBatchAutoConfiguration$$EnhancerBySpringCGLIB$$5a17fabf] is not eligible for getting processed by all BeanPostProcessors (for example: not eligible for auto-proxying)
2018-02-07 14:48:40.607  INFO 4636 --- [           main] trationDelegate$BeanPostProcessorChecker : Bean 'org.springframework.cloud.task.batch.listener.BatchEventAutoConfiguration' of type [org.springframework.cloud.task.batch.listener.BatchEventAutoConfiguration$$EnhancerBySpringCGLIB$$a26e04c2] is not eligible for getting processed by all BeanPostProcessors (for example: not eligible for auto-proxying)
2018-02-07 14:48:43.198  INFO 4636 --- [           main] j.LocalContainerEntityManagerFactoryBean : Building JPA container EntityManagerFactory for persistence unit 'default'
2018-02-07 14:48:43.231  INFO 4636 --- [           main] o.hibernate.jpa.internal.util.LogHelper  : HHH000204: Processing PersistenceUnitInfo [
	name: default
	...]
2018-02-07 14:48:43.346  INFO 4636 --- [           main] org.hibernate.Version                    : HHH000412: Hibernate Core {5.0.12.Final}
2018-02-07 14:48:43.349  INFO 4636 --- [           main] org.hibernate.cfg.Environment            : HHH000206: hibernate.properties not found
2018-02-07 14:48:43.351  INFO 4636 --- [           main] org.hibernate.cfg.Environment            : HHH000021: Bytecode provider name : javassist
2018-02-07 14:48:43.430  INFO 4636 --- [           main] o.hibernate.annotations.common.Version   : HCANN000001: Hibernate Commons Annotations {5.0.1.Final}
2018-02-07 14:48:43.622  INFO 4636 --- [           main] org.hibernate.dialect.Dialect            : HHH000400: Using dialect: org.hibernate.dialect.SQLServer2008Dialect
2018-02-07 14:48:44.445  INFO 4636 --- [           main] j.LocalContainerEntityManagerFactoryBean : Initialized JPA EntityManagerFactory for persistence unit 'default'
2018-02-07 14:48:44.676  INFO 4636 --- [           main] o.s.b.c.l.support.SimpleJobLauncher      : No TaskExecutor has been set, defaulting to synchronous executor.
2018-02-07 14:48:45.242  INFO 4636 --- [           main] com.datastax.driver.core.Native          : Could not load JNR C Library, native system calls through this library will not be available (set this logger level to DEBUG to see the full stack trace).
2018-02-07 14:48:45.242  INFO 4636 --- [           main] com.datastax.driver.core.ClockFactory    : Using java.lang.System clock to generate timestamps.
2018-02-07 14:48:45.642  INFO 4636 --- [           main] com.datastax.driver.core.NettyUtil       : Did not find Netty's native epoll transport in the classpath, defaulting to NIO.
2018-02-07 14:48:46.715  INFO 4636 --- [           main] c.d.d.c.p.DCAwareRoundRobinPolicy        : Using data-center name 'DC1' for DCAwareRoundRobinPolicy (if this is incorrect, please provide the correct datacenter name with DCAwareRoundRobinPolicy constructor)
2018-02-07 14:48:46.718  INFO 4636 --- [           main] com.datastax.driver.core.Cluster         : New Cassandra host tdcldos4vd001.ebiz.verizon.com/10.144.8.190:9042 added
2018-02-07 14:48:47.571  INFO 4636 --- [           main] o.s.jdbc.datasource.init.ScriptUtils     : Executing SQL script from class path resource [org/springframework/cloud/task/schema-sqlserver.sql]
2018-02-07 14:48:47.681  INFO 4636 --- [           main] o.s.jdbc.datasource.init.ScriptUtils     : Executed SQL script from class path resource [org/springframework/cloud/task/schema-sqlserver.sql] in 110 ms.
2018-02-07 14:48:47.726  WARN 4636 --- [           main] o.s.b.a.batch.BasicBatchConfigurer       : JPA does not support custom isolation levels, so locks may not be taken when launching Jobs
2018-02-07 14:48:47.727  INFO 4636 --- [           main] o.s.b.c.r.s.JobRepositoryFactoryBean     : No database type set, using meta data indicating: SQLSERVER
2018-02-07 14:48:47.876  INFO 4636 --- [           main] o.s.b.c.l.support.SimpleJobLauncher      : No TaskExecutor has been set, defaulting to synchronous executor.
2018-02-07 14:48:47.889  INFO 4636 --- [           main] o.s.jdbc.datasource.init.ScriptUtils     : Executing SQL script from class path resource [org/springframework/batch/core/schema-sqlserver.sql]
2018-02-07 14:48:48.111  INFO 4636 --- [           main] o.s.jdbc.datasource.init.ScriptUtils     : Executed SQL script from class path resource [org/springframework/batch/core/schema-sqlserver.sql] in 222 ms.
2018-02-07 14:48:48.449  INFO 4636 --- [           main] o.h.h.i.QueryTranslatorFactoryInitiator  : HHH000397: Using ASTQueryTranslatorFactory
2018-02-07 14:48:48.579  WARN 4636 --- [           main] o.h.hql.internal.ast.HqlSqlWalker        : [DEPRECATION] Encountered positional parameter near line 1, column 114 in HQL: [select s from com.verizon.dd.fortifycollector.fortify.rdbms.model.Scan s left join s.projectVersion where s.id > ?].  Positional parameter are considered deprecated; use named parameters or JPA-style positional parameters instead.
2018-02-07 14:48:48.624  WARN 4636 --- [           main] o.h.hql.internal.ast.HqlSqlWalker        : [DEPRECATION] Encountered positional parameter near line 1, column 121 in HQL: [select count(s) from com.verizon.dd.fortifycollector.fortify.rdbms.model.Scan s left join s.projectVersion where s.id > ?].  Positional parameter are considered deprecated; use named parameters or JPA-style positional parameters instead.
2018-02-07 14:48:48.815  INFO 4636 --- [           main] o.s.c.support.DefaultLifecycleProcessor  : Starting beans in phase 0
2018-02-07 14:48:48.841  WARN 4636 --- [           main] s.c.a.AnnotationConfigApplicationContext : Exception encountered during context initialization - cancelling refresh attempt: org.springframework.context.ApplicationContextException: Failed to start bean 'taskLifecycleListener'; nested exception is org.springframework.dao.DataAccessResourceFailureException: Could not increment identity; nested exception is com.microsoft.sqlserver.jdbc.SQLServerException: Invalid object name 'TASK_SEQ'.
2018-02-07 14:48:48.842 ERROR 4636 --- [           main] o.s.c.t.listener.TaskLifecycleListener   : An event to end a task has been received for a task that has not yet started.
2018-02-07 14:48:51.170  INFO 4636 --- [           main] j.LocalContainerEntityManagerFactoryBean : Closing JPA EntityManagerFactory for persistence unit 'default'
2018-02-07 14:48:51.181  INFO 4636 --- [           main] utoConfigurationReportLoggingInitializer : 

Error starting ApplicationContext. To display the auto-configuration report re-run your application with 'debug' enabled.
2018-02-07 14:48:51.253 ERROR 4636 --- [           main] o.s.boot.SpringApplication               : Application startup failed

org.springframework.context.ApplicationContextException: Failed to start bean 'taskLifecycleListener'; nested exception is org.springframework.dao.DataAccessResourceFailureException: Could not increment identity; nested exception is com.microsoft.sqlserver.jdbc.SQLServerException: Invalid object name 'TASK_SEQ'.
	at org.springframework.context.support.DefaultLifecycleProcessor.doStart(DefaultLifecycleProcessor.java:178) ~[spring-context-4.3.14.RELEASE.jar:4.3.14.RELEASE]
	at org.springframework.context.support.DefaultLifecycleProcessor.access$200(DefaultLifecycleProcessor.java:50) ~[spring-context-4.3.14.RELEASE.jar:4.3.14.RELEASE]
	at org.springframework.context.support.DefaultLifecycleProcessor$LifecycleGroup.start(DefaultLifecycleProcessor.java:348) ~[spring-context-4.3.14.RELEASE.jar:4.3.14.RELEASE]
	at org.springframework.context.support.DefaultLifecycleProcessor.startBeans(DefaultLifecycleProcessor.java:151) ~[spring-context-4.3.14.RELEASE.jar:4.3.14.RELEASE]
	at org.springframework.context.support.DefaultLifecycleProcessor.onRefresh(DefaultLifecycleProcessor.java:114) ~[spring-context-4.3.14.RELEASE.jar:4.3.14.RELEASE]
	at org.springframework.context.support.AbstractApplicationContext.finishRefresh(AbstractApplicationContext.java:880) ~[spring-context-4.3.14.RELEASE.jar:4.3.14.RELEASE]
	at org.springframework.context.support.AbstractApplicationContext.refresh(AbstractApplicationContext.java:546) ~[spring-context-4.3.14.RELEASE.jar:4.3.14.RELEASE]
	at org.springframework.boot.SpringApplication.refresh(SpringApplication.java:693) ~[spring-boot-1.5.10.RELEASE.jar:1.5.10.RELEASE]
	at org.springframework.boot.SpringApplication.refreshContext(SpringApplication.java:360) ~[spring-boot-1.5.10.RELEASE.jar:1.5.10.RELEASE]
	at org.springframework.boot.SpringApplication.run(SpringApplication.java:303) ~[spring-boot-1.5.10.RELEASE.jar:1.5.10.RELEASE]
	at org.springframework.boot.test.context.SpringBootContextLoader.loadContext(SpringBootContextLoader.java:120) [spring-boot-test-1.5.10.RELEASE.jar:1.5.10.RELEASE]
	at org.springframework.test.context.cache.DefaultCacheAwareContextLoaderDelegate.loadContextInternal(DefaultCacheAwareContextLoaderDelegate.java:98) [spring-test-4.3.14.RELEASE.jar:4.3.14.RELEASE]
	at org.springframework.test.context.cache.DefaultCacheAwareContextLoaderDelegate.loadContext(DefaultCacheAwareContextLoaderDelegate.java:116) [spring-test-4.3.14.RELEASE.jar:4.3.14.RELEASE]
	at org.springframework.test.context.support.DefaultTestContext.getApplicationContext(DefaultTestContext.java:83) [spring-test-4.3.14.RELEASE.jar:4.3.14.RELEASE]
	at org.springframework.test.context.support.DependencyInjectionTestExecutionListener.injectDependencies(DependencyInjectionTestExecutionListener.java:117) [spring-test-4.3.14.RELEASE.jar:4.3.14.RELEASE]
	at org.springframework.test.context.support.DependencyInjectionTestExecutionListener.prepareTestInstance(DependencyInjectionTestExecutionListener.java:83) [spring-test-4.3.14.RELEASE.jar:4.3.14.RELEASE]
	at org.springframework.boot.test.autoconfigure.SpringBootDependencyInjectionTestExecutionListener.prepareTestInstance(SpringBootDependencyInjectionTestExecutionListener.java:44) [spring-boot-test-autoconfigure-1.5.10.RELEASE.jar:1.5.10.RELEASE]
	at org.springframework.test.context.TestContextManager.prepareTestInstance(TestContextManager.java:230) [spring-test-4.3.14.RELEASE.jar:4.3.14.RELEASE]
	at org.springframework.test.context.junit4.SpringJUnit4ClassRunner.createTest(SpringJUnit4ClassRunner.java:228) [spring-test-4.3.14.RELEASE.jar:4.3.14.RELEASE]
	at org.springframework.test.context.junit4.SpringJUnit4ClassRunner$1.runReflectiveCall(SpringJUnit4ClassRunner.java:287) [spring-test-4.3.14.RELEASE.jar:4.3.14.RELEASE]
	at org.junit.internal.runners.model.ReflectiveCallable.run(ReflectiveCallable.java:12) [junit-4.12.jar:4.12]
	at org.springframework.test.context.junit4.SpringJUnit4ClassRunner.methodBlock(SpringJUnit4ClassRunner.java:289) [spring-test-4.3.14.RELEASE.jar:4.3.14.RELEASE]
	at org.springframework.test.context.junit4.SpringJUnit4ClassRunner.runChild(SpringJUnit4ClassRunner.java:247) [spring-test-4.3.14.RELEASE.jar:4.3.14.RELEASE]
	at org.springframework.test.context.junit4.SpringJUnit4ClassRunner.runChild(SpringJUnit4ClassRunner.java:94) [spring-test-4.3.14.RELEASE.jar:4.3.14.RELEASE]
	at org.junit.runners.ParentRunner$3.run(ParentRunner.java:290) [junit-4.12.jar:4.12]
	at org.junit.runners.ParentRunner$1.schedule(ParentRunner.java:71) [junit-4.12.jar:4.12]
	at org.junit.runners.ParentRunner.runChildren(ParentRunner.java:288) [junit-4.12.jar:4.12]
	at org.junit.runners.ParentRunner.access$000(ParentRunner.java:58) [junit-4.12.jar:4.12]
	at org.junit.runners.ParentRunner$2.evaluate(ParentRunner.java:268) [junit-4.12.jar:4.12]
	at org.springframework.test.context.junit4.statements.RunBeforeTestClassCallbacks.evaluate(RunBeforeTestClassCallbacks.java:61) [spring-test-4.3.14.RELEASE.jar:4.3.14.RELEASE]
	at org.springframework.test.context.junit4.statements.RunAfterTestClassCallbacks.evaluate(RunAfterTestClassCallbacks.java:70) [spring-test-4.3.14.RELEASE.jar:4.3.14.RELEASE]
	at org.junit.runners.ParentRunner.run(ParentRunner.java:363) [junit-4.12.jar:4.12]
	at org.springframework.test.context.junit4.SpringJUnit4ClassRunner.run(SpringJUnit4ClassRunner.java:191) [spring-test-4.3.14.RELEASE.jar:4.3.14.RELEASE]
	at org.apache.maven.surefire.junit4.JUnit4Provider.execute(JUnit4Provider.java:283) [surefire-junit4-2.18.1.jar:2.18.1]
	at org.apache.maven.surefire.junit4.JUnit4Provider.executeWithRerun(JUnit4Provider.java:173) [surefire-junit4-2.18.1.jar:2.18.1]
	at org.apache.maven.surefire.junit4.JUnit4Provider.executeTestSet(JUnit4Provider.java:153) [surefire-junit4-2.18.1.jar:2.18.1]
	at org.apache.maven.surefire.junit4.JUnit4Provider.invoke(JUnit4Provider.java:128) [surefire-junit4-2.18.1.jar:2.18.1]
	at org.apache.maven.surefire.booter.ForkedBooter.invokeProviderInSameClassLoader(ForkedBooter.java:203) [surefire-booter-2.18.1.jar:2.18.1]
	at org.apache.maven.surefire.booter.ForkedBooter.runSuitesInProcess(ForkedBooter.java:155) [surefire-booter-2.18.1.jar:2.18.1]
	at org.apache.maven.surefire.booter.ForkedBooter.main(ForkedBooter.java:103) [surefire-booter-2.18.1.jar:2.18.1]
Caused by: org.springframework.dao.DataAccessResourceFailureException: Could not increment identity; nested exception is com.microsoft.sqlserver.jdbc.SQLServerException: Invalid object name 'TASK_SEQ'.
	at org.springframework.jdbc.support.incrementer.AbstractIdentityColumnMaxValueIncrementer.getNextKey(AbstractIdentityColumnMaxValueIncrementer.java:113) ~[spring-jdbc-4.3.14.RELEASE.jar:4.3.14.RELEASE]
	at org.springframework.jdbc.support.incrementer.AbstractDataFieldMaxValueIncrementer.nextLongValue(AbstractDataFieldMaxValueIncrementer.java:128) ~[spring-jdbc-4.3.14.RELEASE.jar:4.3.14.RELEASE]
	at org.springframework.cloud.task.repository.dao.JdbcTaskExecutionDao.getNextExecutionId(JdbcTaskExecutionDao.java:249) ~[spring-cloud-task-core-1.0.3.RELEASE.jar:1.0.3.RELEASE]
	at org.springframework.cloud.task.repository.dao.JdbcTaskExecutionDao.createTaskExecution(JdbcTaskExecutionDao.java:130) ~[spring-cloud-task-core-1.0.3.RELEASE.jar:1.0.3.RELEASE]
	at org.springframework.cloud.task.repository.support.SimpleTaskRepository.createTaskExecution(SimpleTaskRepository.java:78) ~[spring-cloud-task-core-1.0.3.RELEASE.jar:1.0.3.RELEASE]
	at org.springframework.cloud.task.listener.TaskLifecycleListener.doTaskStart(TaskLifecycleListener.java:192) ~[spring-cloud-task-core-1.0.3.RELEASE.jar:1.0.3.RELEASE]
	at org.springframework.cloud.task.listener.TaskLifecycleListener.start(TaskLifecycleListener.java:257) ~[spring-cloud-task-core-1.0.3.RELEASE.jar:1.0.3.RELEASE]
	at org.springframework.context.support.DefaultLifecycleProcessor.doStart(DefaultLifecycleProcessor.java:175) ~[spring-context-4.3.14.RELEASE.jar:4.3.14.RELEASE]
	... 39 common frames omitted
Caused by: com.microsoft.sqlserver.jdbc.SQLServerException: Invalid object name 'TASK_SEQ'.
	at com.microsoft.sqlserver.jdbc.SQLServerException.makeFromDatabaseError(SQLServerException.java:259) ~[mssql-jdbc-6.3.6.jre8-preview.jar:na]
	at com.microsoft.sqlserver.jdbc.SQLServerStatement.getNextResult(SQLServerStatement.java:1566) ~[mssql-jdbc-6.3.6.jre8-preview.jar:na]
	at com.microsoft.sqlserver.jdbc.SQLServerStatement.doExecuteStatement(SQLServerStatement.java:874) ~[mssql-jdbc-6.3.6.jre8-preview.jar:na]
	at com.microsoft.sqlserver.jdbc.SQLServerStatement$StmtExecCmd.doExecute(SQLServerStatement.java:757) ~[mssql-jdbc-6.3.6.jre8-preview.jar:na]
	at com.microsoft.sqlserver.jdbc.TDSCommand.execute(IOBuffer.java:7352) ~[mssql-jdbc-6.3.6.jre8-preview.jar:na]
	at com.microsoft.sqlserver.jdbc.SQLServerConnection.executeCommand(SQLServerConnection.java:2724) ~[mssql-jdbc-6.3.6.jre8-preview.jar:na]
	at com.microsoft.sqlserver.jdbc.SQLServerStatement.executeCommand(SQLServerStatement.java:224) ~[mssql-jdbc-6.3.6.jre8-preview.jar:na]
	at com.microsoft.sqlserver.jdbc.SQLServerStatement.executeStatement(SQLServerStatement.java:204) ~[mssql-jdbc-6.3.6.jre8-preview.jar:na]
	at com.microsoft.sqlserver.jdbc.SQLServerStatement.executeUpdate(SQLServerStatement.java:685) ~[mssql-jdbc-6.3.6.jre8-preview.jar:na]
	at sun.reflect.NativeMethodAccessorImpl.invoke0(Native Method) ~[na:1.8.0_131]
	at sun.reflect.NativeMethodAccessorImpl.invoke(NativeMethodAccessorImpl.java:62) ~[na:1.8.0_131]
	at sun.reflect.DelegatingMethodAccessorImpl.invoke(DelegatingMethodAccessorImpl.java:43) ~[na:1.8.0_131]
	at java.lang.reflect.Method.invoke(Method.java:498) ~[na:1.8.0_131]
	at org.apache.tomcat.jdbc.pool.StatementFacade$StatementProxy.invoke(StatementFacade.java:114) ~[tomcat-jdbc-8.5.27.jar:na]
	at com.sun.proxy.$Proxy92.executeUpdate(Unknown Source) ~[na:na]
	at org.springframework.jdbc.support.incrementer.AbstractIdentityColumnMaxValueIncrementer.getNextKey(AbstractIdentityColumnMaxValueIncrementer.java:98) ~[spring-jdbc-4.3.14.RELEASE.jar:4.3.14.RELEASE]
	... 46 common frames omitted


  .   ____          _            __ _ _
 /\\ / ___'_ __ _ _(_)_ __  __ _ \ \ \ \
( ( )\___ | '_ | '_| | '_ \/ _` | \ \ \ \
 \\/  ___)| |_)| | | | | || (_| |  ) ) ) )
  '  |____| .__|_| |_|_| |_\__, | / / / /
 =========|_|==============|___/=/_/_/_/
 :: Spring Boot ::       (v1.5.10.RELEASE)

2018-02-07 14:48:51.431  INFO 4636 --- [           main] c.v.d.f.FortifyCollectorApplicationTests : Starting FortifyCollectorApplicationTests on TTX0109ALKVTDZQ with PID 4636 (started by v160771 in C:\Users\v160771\Documents\development\appsec\java\source\os4v_developerdashboard\collectors\fortify-collector)
2018-02-07 14:48:51.432  INFO 4636 --- [           main] c.v.d.f.FortifyCollectorApplicationTests : No active profile set, falling back to default profiles: default
2018-02-07 14:48:51.437  INFO 4636 --- [           main] s.c.a.AnnotationConfigApplicationContext : Refreshing org.springframework.context.annotation.AnnotationConfigApplicationContext@31940704: startup date [Wed Feb 07 14:48:51 CST 2018]; root of context hierarchy
2018-02-07 14:48:51.780  INFO 4636 --- [           main] o.s.b.f.s.DefaultListableBeanFactory     : Overriding bean definition for bean 'transactionManager' with a different definition: replacing [Root bean: class [null]; scope=; abstract=false; lazyInit=false; autowireMode=3; dependencyCheck=0; autowireCandidate=true; primary=false; factoryBeanName=org.springframework.batch.core.configuration.annotation.SimpleBatchConfiguration; factoryMethodName=transactionManager; initMethodName=null; destroyMethodName=(inferred); defined in class path resource [org/springframework/batch/core/configuration/annotation/SimpleBatchConfiguration.class]] with [Root bean: class [null]; scope=; abstract=false; lazyInit=false; autowireMode=3; dependencyCheck=0; autowireCandidate=true; primary=false; factoryBeanName=fortifySSCBatchConfigurationCassandra; factoryMethodName=transactionManager; initMethodName=null; destroyMethodName=(inferred); defined in class path resource [com/verizon/dd/fortifycollector/batch/FortifySSCBatchConfigurationCassandra.class]]
2018-02-07 14:48:51.780  INFO 4636 --- [           main] o.s.b.f.s.DefaultListableBeanFactory     : Overriding bean definition for bean 'jobExplorer' with a different definition: replacing [Root bean: class [null]; scope=; abstract=false; lazyInit=false; autowireMode=3; dependencyCheck=0; autowireCandidate=true; primary=false; factoryBeanName=org.springframework.batch.core.configuration.annotation.SimpleBatchConfiguration; factoryMethodName=jobExplorer; initMethodName=null; destroyMethodName=(inferred); defined in class path resource [org/springframework/batch/core/configuration/annotation/SimpleBatchConfiguration.class]] with [Root bean: class [null]; scope=; abstract=false; lazyInit=false; autowireMode=3; dependencyCheck=0; autowireCandidate=true; primary=false; factoryBeanName=fortifySSCBatchConfigurationCassandra; factoryMethodName=jobExplorer; initMethodName=null; destroyMethodName=(inferred); defined in class path resource [com/verizon/dd/fortifycollector/batch/FortifySSCBatchConfigurationCassandra.class]]
2018-02-07 14:48:51.780  INFO 4636 --- [           main] o.s.b.f.s.DefaultListableBeanFactory     : Overriding bean definition for bean 'jobRepository' with a different definition: replacing [Root bean: class [null]; scope=; abstract=false; lazyInit=false; autowireMode=3; dependencyCheck=0; autowireCandidate=true; primary=false; factoryBeanName=org.springframework.batch.core.configuration.annotation.SimpleBatchConfiguration; factoryMethodName=jobRepository; initMethodName=null; destroyMethodName=(inferred); defined in class path resource [org/springframework/batch/core/configuration/annotation/SimpleBatchConfiguration.class]] with [Root bean: class [null]; scope=; abstract=false; lazyInit=false; autowireMode=3; dependencyCheck=0; autowireCandidate=true; primary=false; factoryBeanName=fortifySSCBatchConfigurationCassandra; factoryMethodName=jobRepository; initMethodName=null; destroyMethodName=(inferred); defined in class path resource [com/verizon/dd/fortifycollector/batch/FortifySSCBatchConfigurationCassandra.class]]
2018-02-07 14:48:51.780  INFO 4636 --- [           main] o.s.b.f.s.DefaultListableBeanFactory     : Overriding bean definition for bean 'jobLauncher' with a different definition: replacing [Root bean: class [null]; scope=; abstract=false; lazyInit=false; autowireMode=3; dependencyCheck=0; autowireCandidate=true; primary=false; factoryBeanName=org.springframework.batch.core.configuration.annotation.SimpleBatchConfiguration; factoryMethodName=jobLauncher; initMethodName=null; destroyMethodName=(inferred); defined in class path resource [org/springframework/batch/core/configuration/annotation/SimpleBatchConfiguration.class]] with [Root bean: class [null]; scope=; abstract=false; lazyInit=false; autowireMode=3; dependencyCheck=0; autowireCandidate=true; primary=false; factoryBeanName=fortifySSCBatchConfigurationCassandra; factoryMethodName=jobLauncher; initMethodName=null; destroyMethodName=(inferred); defined in class path resource [com/verizon/dd/fortifycollector/batch/FortifySSCBatchConfigurationCassandra.class]]
2018-02-07 14:48:51.781  INFO 4636 --- [           main] o.s.b.f.s.DefaultListableBeanFactory     : Overriding bean definition for bean 'transactionManager' with a different definition: replacing [Root bean: class [null]; scope=; abstract=false; lazyInit=false; autowireMode=3; dependencyCheck=0; autowireCandidate=true; primary=false; factoryBeanName=fortifySSCBatchConfigurationCassandra; factoryMethodName=transactionManager; initMethodName=null; destroyMethodName=(inferred); defined in class path resource [com/verizon/dd/fortifycollector/batch/FortifySSCBatchConfigurationCassandra.class]] with [Root bean: class [null]; scope=; abstract=false; lazyInit=false; autowireMode=3; dependencyCheck=0; autowireCandidate=true; primary=false; factoryBeanName=org.springframework.cloud.task.configuration.SimpleTaskConfiguration; factoryMethodName=transactionManager; initMethodName=null; destroyMethodName=(inferred); defined in org.springframework.cloud.task.configuration.SimpleTaskConfiguration]
2018-02-07 14:48:51.820  INFO 4636 --- [           main] .s.d.r.c.RepositoryConfigurationDelegate : Multiple Spring Data modules found, entering strict repository configuration mode!
2018-02-07 14:48:51.878  INFO 4636 --- [           main] .RepositoryConfigurationExtensionSupport : Spring Data Cassandra - Could not safely identify store assignment for repository candidate interface com.verizon.dd.fortifycollector.fortify.rdbms.repository.FortifyPVRepository.
2018-02-07 14:48:51.878  INFO 4636 --- [           main] .RepositoryConfigurationExtensionSupport : Spring Data Cassandra - Could not safely identify store assignment for repository candidate interface com.verizon.dd.fortifycollector.fortify.rdbms.repository.FortifyScanRepository.
2018-02-07 14:48:51.903  INFO 4636 --- [           main] .s.d.r.c.RepositoryConfigurationDelegate : Multiple Spring Data modules found, entering strict repository configuration mode!
2018-02-07 14:48:51.999  WARN 4636 --- [           main] o.s.c.a.ConfigurationClassEnhancer       : @Bean method ScopeConfiguration.stepScope is non-static and returns an object assignable to Spring's BeanFactoryPostProcessor interface. This will result in a failure to process annotations such as @Autowired, @Resource and @PostConstruct within the method's declaring @Configuration class. Add the 'static' modifier to this method to avoid these container lifecycle issues; see @Bean javadoc for complete details.
2018-02-07 14:48:52.004  WARN 4636 --- [           main] o.s.c.a.ConfigurationClassEnhancer       : @Bean method ScopeConfiguration.jobScope is non-static and returns an object assignable to Spring's BeanFactoryPostProcessor interface. This will result in a failure to process annotations such as @Autowired, @Resource and @PostConstruct within the method's declaring @Configuration class. Add the 'static' modifier to this method to avoid these container lifecycle issues; see @Bean javadoc for complete details.
2018-02-07 14:48:52.085  INFO 4636 --- [           main] trationDelegate$BeanPostProcessorChecker : Bean 'org.springframework.transaction.annotation.ProxyTransactionManagementConfiguration' of type [org.springframework.transaction.annotation.ProxyTransactionManagementConfiguration$$EnhancerBySpringCGLIB$$d4a84f33] is not eligible for getting processed by all BeanPostProcessors (for example: not eligible for auto-proxying)
2018-02-07 14:48:52.102  INFO 4636 --- [           main] trationDelegate$BeanPostProcessorChecker : Bean 'org.springframework.cloud.task.batch.configuration.TaskBatchAutoConfiguration' of type [org.springframework.cloud.task.batch.configuration.TaskBatchAutoConfiguration$$EnhancerBySpringCGLIB$$5a17fabf] is not eligible for getting processed by all BeanPostProcessors (for example: not eligible for auto-proxying)
2018-02-07 14:48:52.109  INFO 4636 --- [           main] trationDelegate$BeanPostProcessorChecker : Bean 'org.springframework.cloud.task.batch.listener.BatchEventAutoConfiguration' of type [org.springframework.cloud.task.batch.listener.BatchEventAutoConfiguration$$EnhancerBySpringCGLIB$$a26e04c2] is not eligible for getting processed by all BeanPostProcessors (for example: not eligible for auto-proxying)
2018-02-07 14:48:53.556  INFO 4636 --- [           main] j.LocalContainerEntityManagerFactoryBean : Building JPA container EntityManagerFactory for persistence unit 'default'
2018-02-07 14:48:53.557  INFO 4636 --- [           main] o.hibernate.jpa.internal.util.LogHelper  : HHH000204: Processing PersistenceUnitInfo [
	name: default
	...]
2018-02-07 14:48:53.569  INFO 4636 --- [           main] org.hibernate.dialect.Dialect            : HHH000400: Using dialect: org.hibernate.dialect.SQLServer2008Dialect
2018-02-07 14:48:53.677  INFO 4636 --- [           main] j.LocalContainerEntityManagerFactoryBean : Initialized JPA EntityManagerFactory for persistence unit 'default'
2018-02-07 14:48:53.750  INFO 4636 --- [           main] o.s.b.c.l.support.SimpleJobLauncher      : No TaskExecutor has been set, defaulting to synchronous executor.
2018-02-07 14:48:53.780  INFO 4636 --- [           main] com.datastax.driver.core.ClockFactory    : Using java.lang.System clock to generate timestamps.
2018-02-07 14:48:54.516  INFO 4636 --- [           main] c.d.d.c.p.DCAwareRoundRobinPolicy        : Using data-center name 'DC1' for DCAwareRoundRobinPolicy (if this is incorrect, please provide the correct datacenter name with DCAwareRoundRobinPolicy constructor)
2018-02-07 14:48:54.516  INFO 4636 --- [           main] com.datastax.driver.core.Cluster         : New Cassandra host tdcldos4vd001.ebiz.verizon.com/10.144.8.190:9042 added
2018-02-07 14:48:55.123  INFO 4636 --- [           main] o.s.jdbc.datasource.init.ScriptUtils     : Executing SQL script from class path resource [org/springframework/cloud/task/schema-sqlserver.sql]
2018-02-07 14:48:55.223  INFO 4636 --- [           main] o.s.jdbc.datasource.init.ScriptUtils     : Executed SQL script from class path resource [org/springframework/cloud/task/schema-sqlserver.sql] in 99 ms.
2018-02-07 14:48:55.258  WARN 4636 --- [           main] o.s.b.a.batch.BasicBatchConfigurer       : JPA does not support custom isolation levels, so locks may not be taken when launching Jobs
2018-02-07 14:48:55.259  INFO 4636 --- [           main] o.s.b.c.r.s.JobRepositoryFactoryBean     : No database type set, using meta data indicating: SQLSERVER
2018-02-07 14:48:55.260  INFO 4636 --- [           main] o.s.b.c.l.support.SimpleJobLauncher      : No TaskExecutor has been set, defaulting to synchronous executor.
2018-02-07 14:48:55.271  INFO 4636 --- [           main] o.s.jdbc.datasource.init.ScriptUtils     : Executing SQL script from class path resource [org/springframework/batch/core/schema-sqlserver.sql]
2018-02-07 14:48:55.491  INFO 4636 --- [           main] o.s.jdbc.datasource.init.ScriptUtils     : Executed SQL script from class path resource [org/springframework/batch/core/schema-sqlserver.sql] in 220 ms.
2018-02-07 14:48:55.559  INFO 4636 --- [           main] o.h.h.i.QueryTranslatorFactoryInitiator  : HHH000397: Using ASTQueryTranslatorFactory
2018-02-07 14:48:55.576  WARN 4636 --- [           main] o.h.hql.internal.ast.HqlSqlWalker        : [DEPRECATION] Encountered positional parameter near line 1, column 114 in HQL: [select s from com.verizon.dd.fortifycollector.fortify.rdbms.model.Scan s left join s.projectVersion where s.id > ?].  Positional parameter are considered deprecated; use named parameters or JPA-style positional parameters instead.
2018-02-07 14:48:55.580  WARN 4636 --- [           main] o.h.hql.internal.ast.HqlSqlWalker        : [DEPRECATION] Encountered positional parameter near line 1, column 121 in HQL: [select count(s) from com.verizon.dd.fortifycollector.fortify.rdbms.model.Scan s left join s.projectVersion where s.id > ?].  Positional parameter are considered deprecated; use named parameters or JPA-style positional parameters instead.
2018-02-07 14:48:55.664  INFO 4636 --- [           main] o.s.c.support.DefaultLifecycleProcessor  : Starting beans in phase 0
2018-02-07 14:48:55.689  WARN 4636 --- [           main] s.c.a.AnnotationConfigApplicationContext : Exception encountered during context initialization - cancelling refresh attempt: org.springframework.context.ApplicationContextException: Failed to start bean 'taskLifecycleListener'; nested exception is org.springframework.dao.DataAccessResourceFailureException: Could not increment identity; nested exception is com.microsoft.sqlserver.jdbc.SQLServerException: Invalid object name 'TASK_SEQ'.
2018-02-07 14:48:55.689 ERROR 4636 --- [           main] o.s.c.t.listener.TaskLifecycleListener   : An event to end a task has been received for a task that has not yet started.
2018-02-07 14:48:58.003  INFO 4636 --- [           main] j.LocalContainerEntityManagerFactoryBean : Closing JPA EntityManagerFactory for persistence unit 'default'
2018-02-07 14:48:58.009  INFO 4636 --- [           main] utoConfigurationReportLoggingInitializer : 

Error starting ApplicationContext. To display the auto-configuration report re-run your application with 'debug' enabled.
2018-02-07 14:48:58.024 ERROR 4636 --- [           main] o.s.boot.SpringApplication               : Application startup failed

org.springframework.context.ApplicationContextException: Failed to start bean 'taskLifecycleListener'; nested exception is org.springframework.dao.DataAccessResourceFailureException: Could not increment identity; nested exception is com.microsoft.sqlserver.jdbc.SQLServerException: Invalid object name 'TASK_SEQ'.
	at org.springframework.context.support.DefaultLifecycleProcessor.doStart(DefaultLifecycleProcessor.java:178) ~[spring-context-4.3.14.RELEASE.jar:4.3.14.RELEASE]
	at org.springframework.context.support.DefaultLifecycleProcessor.access$200(DefaultLifecycleProcessor.java:50) ~[spring-context-4.3.14.RELEASE.jar:4.3.14.RELEASE]
	at org.springframework.context.support.DefaultLifecycleProcessor$LifecycleGroup.start(DefaultLifecycleProcessor.java:348) ~[spring-context-4.3.14.RELEASE.jar:4.3.14.RELEASE]
	at org.springframework.context.support.DefaultLifecycleProcessor.startBeans(DefaultLifecycleProcessor.java:151) ~[spring-context-4.3.14.RELEASE.jar:4.3.14.RELEASE]
	at org.springframework.context.support.DefaultLifecycleProcessor.onRefresh(DefaultLifecycleProcessor.java:114) ~[spring-context-4.3.14.RELEASE.jar:4.3.14.RELEASE]
	at org.springframework.context.support.AbstractApplicationContext.finishRefresh(AbstractApplicationContext.java:880) ~[spring-context-4.3.14.RELEASE.jar:4.3.14.RELEASE]
	at org.springframework.context.support.AbstractApplicationContext.refresh(AbstractApplicationContext.java:546) ~[spring-context-4.3.14.RELEASE.jar:4.3.14.RELEASE]
	at org.springframework.boot.SpringApplication.refresh(SpringApplication.java:693) ~[spring-boot-1.5.10.RELEASE.jar:1.5.10.RELEASE]
	at org.springframework.boot.SpringApplication.refreshContext(SpringApplication.java:360) ~[spring-boot-1.5.10.RELEASE.jar:1.5.10.RELEASE]
	at org.springframework.boot.SpringApplication.run(SpringApplication.java:303) ~[spring-boot-1.5.10.RELEASE.jar:1.5.10.RELEASE]
	at org.springframework.boot.test.context.SpringBootContextLoader.loadContext(SpringBootContextLoader.java:120) [spring-boot-test-1.5.10.RELEASE.jar:1.5.10.RELEASE]
	at org.springframework.test.context.cache.DefaultCacheAwareContextLoaderDelegate.loadContextInternal(DefaultCacheAwareContextLoaderDelegate.java:98) [spring-test-4.3.14.RELEASE.jar:4.3.14.RELEASE]
	at org.springframework.test.context.cache.DefaultCacheAwareContextLoaderDelegate.loadContext(DefaultCacheAwareContextLoaderDelegate.java:116) [spring-test-4.3.14.RELEASE.jar:4.3.14.RELEASE]
	at org.springframework.test.context.support.DefaultTestContext.getApplicationContext(DefaultTestContext.java:83) [spring-test-4.3.14.RELEASE.jar:4.3.14.RELEASE]
	at org.springframework.boot.test.autoconfigure.SpringBootDependencyInjectionTestExecutionListener.outputConditionEvaluationReport(SpringBootDependencyInjectionTestExecutionListener.java:54) [spring-boot-test-autoconfigure-1.5.10.RELEASE.jar:1.5.10.RELEASE]
	at org.springframework.boot.test.autoconfigure.SpringBootDependencyInjectionTestExecutionListener.prepareTestInstance(SpringBootDependencyInjectionTestExecutionListener.java:47) [spring-boot-test-autoconfigure-1.5.10.RELEASE.jar:1.5.10.RELEASE]
	at org.springframework.test.context.TestContextManager.prepareTestInstance(TestContextManager.java:230) [spring-test-4.3.14.RELEASE.jar:4.3.14.RELEASE]
	at org.springframework.test.context.junit4.SpringJUnit4ClassRunner.createTest(SpringJUnit4ClassRunner.java:228) [spring-test-4.3.14.RELEASE.jar:4.3.14.RELEASE]
	at org.springframework.test.context.junit4.SpringJUnit4ClassRunner$1.runReflectiveCall(SpringJUnit4ClassRunner.java:287) [spring-test-4.3.14.RELEASE.jar:4.3.14.RELEASE]
	at org.junit.internal.runners.model.ReflectiveCallable.run(ReflectiveCallable.java:12) [junit-4.12.jar:4.12]
	at org.springframework.test.context.junit4.SpringJUnit4ClassRunner.methodBlock(SpringJUnit4ClassRunner.java:289) [spring-test-4.3.14.RELEASE.jar:4.3.14.RELEASE]
	at org.springframework.test.context.junit4.SpringJUnit4ClassRunner.runChild(SpringJUnit4ClassRunner.java:247) [spring-test-4.3.14.RELEASE.jar:4.3.14.RELEASE]
	at org.springframework.test.context.junit4.SpringJUnit4ClassRunner.runChild(SpringJUnit4ClassRunner.java:94) [spring-test-4.3.14.RELEASE.jar:4.3.14.RELEASE]
	at org.junit.runners.ParentRunner$3.run(ParentRunner.java:290) [junit-4.12.jar:4.12]
	at org.junit.runners.ParentRunner$1.schedule(ParentRunner.java:71) [junit-4.12.jar:4.12]
	at org.junit.runners.ParentRunner.runChildren(ParentRunner.java:288) [junit-4.12.jar:4.12]
	at org.junit.runners.ParentRunner.access$000(ParentRunner.java:58) [junit-4.12.jar:4.12]
	at org.junit.runners.ParentRunner$2.evaluate(ParentRunner.java:268) [junit-4.12.jar:4.12]
	at org.springframework.test.context.junit4.statements.RunBeforeTestClassCallbacks.evaluate(RunBeforeTestClassCallbacks.java:61) [spring-test-4.3.14.RELEASE.jar:4.3.14.RELEASE]
	at org.springframework.test.context.junit4.statements.RunAfterTestClassCallbacks.evaluate(RunAfterTestClassCallbacks.java:70) [spring-test-4.3.14.RELEASE.jar:4.3.14.RELEASE]
	at org.junit.runners.ParentRunner.run(ParentRunner.java:363) [junit-4.12.jar:4.12]
	at org.springframework.test.context.junit4.SpringJUnit4ClassRunner.run(SpringJUnit4ClassRunner.java:191) [spring-test-4.3.14.RELEASE.jar:4.3.14.RELEASE]
	at org.apache.maven.surefire.junit4.JUnit4Provider.execute(JUnit4Provider.java:283) [surefire-junit4-2.18.1.jar:2.18.1]
	at org.apache.maven.surefire.junit4.JUnit4Provider.executeWithRerun(JUnit4Provider.java:173) [surefire-junit4-2.18.1.jar:2.18.1]
	at org.apache.maven.surefire.junit4.JUnit4Provider.executeTestSet(JUnit4Provider.java:153) [surefire-junit4-2.18.1.jar:2.18.1]
	at org.apache.maven.surefire.junit4.JUnit4Provider.invoke(JUnit4Provider.java:128) [surefire-junit4-2.18.1.jar:2.18.1]
	at org.apache.maven.surefire.booter.ForkedBooter.invokeProviderInSameClassLoader(ForkedBooter.java:203) [surefire-booter-2.18.1.jar:2.18.1]
	at org.apache.maven.surefire.booter.ForkedBooter.runSuitesInProcess(ForkedBooter.java:155) [surefire-booter-2.18.1.jar:2.18.1]
	at org.apache.maven.surefire.booter.ForkedBooter.main(ForkedBooter.java:103) [surefire-booter-2.18.1.jar:2.18.1]
Caused by: org.springframework.dao.DataAccessResourceFailureException: Could not increment identity; nested exception is com.microsoft.sqlserver.jdbc.SQLServerException: Invalid object name 'TASK_SEQ'.
	at org.springframework.jdbc.support.incrementer.AbstractIdentityColumnMaxValueIncrementer.getNextKey(AbstractIdentityColumnMaxValueIncrementer.java:113) ~[spring-jdbc-4.3.14.RELEASE.jar:4.3.14.RELEASE]
	at org.springframework.jdbc.support.incrementer.AbstractDataFieldMaxValueIncrementer.nextLongValue(AbstractDataFieldMaxValueIncrementer.java:128) ~[spring-jdbc-4.3.14.RELEASE.jar:4.3.14.RELEASE]
	at org.springframework.cloud.task.repository.dao.JdbcTaskExecutionDao.getNextExecutionId(JdbcTaskExecutionDao.java:249) ~[spring-cloud-task-core-1.0.3.RELEASE.jar:1.0.3.RELEASE]
	at org.springframework.cloud.task.repository.dao.JdbcTaskExecutionDao.createTaskExecution(JdbcTaskExecutionDao.java:130) ~[spring-cloud-task-core-1.0.3.RELEASE.jar:1.0.3.RELEASE]
	at org.springframework.cloud.task.repository.support.SimpleTaskRepository.createTaskExecution(SimpleTaskRepository.java:78) ~[spring-cloud-task-core-1.0.3.RELEASE.jar:1.0.3.RELEASE]
	at org.springframework.cloud.task.listener.TaskLifecycleListener.doTaskStart(TaskLifecycleListener.java:192) ~[spring-cloud-task-core-1.0.3.RELEASE.jar:1.0.3.RELEASE]
	at org.springframework.cloud.task.listener.TaskLifecycleListener.start(TaskLifecycleListener.java:257) ~[spring-cloud-task-core-1.0.3.RELEASE.jar:1.0.3.RELEASE]
	at org.springframework.context.support.DefaultLifecycleProcessor.doStart(DefaultLifecycleProcessor.java:175) ~[spring-context-4.3.14.RELEASE.jar:4.3.14.RELEASE]
	... 38 common frames omitted
Caused by: com.microsoft.sqlserver.jdbc.SQLServerException: Invalid object name 'TASK_SEQ'.
	at com.microsoft.sqlserver.jdbc.SQLServerException.makeFromDatabaseError(SQLServerException.java:259) ~[mssql-jdbc-6.3.6.jre8-preview.jar:na]
	at com.microsoft.sqlserver.jdbc.SQLServerStatement.getNextResult(SQLServerStatement.java:1566) ~[mssql-jdbc-6.3.6.jre8-preview.jar:na]
	at com.microsoft.sqlserver.jdbc.SQLServerStatement.doExecuteStatement(SQLServerStatement.java:874) ~[mssql-jdbc-6.3.6.jre8-preview.jar:na]
	at com.microsoft.sqlserver.jdbc.SQLServerStatement$StmtExecCmd.doExecute(SQLServerStatement.java:757) ~[mssql-jdbc-6.3.6.jre8-preview.jar:na]
	at com.microsoft.sqlserver.jdbc.TDSCommand.execute(IOBuffer.java:7352) ~[mssql-jdbc-6.3.6.jre8-preview.jar:na]
	at com.microsoft.sqlserver.jdbc.SQLServerConnection.executeCommand(SQLServerConnection.java:2724) ~[mssql-jdbc-6.3.6.jre8-preview.jar:na]
	at com.microsoft.sqlserver.jdbc.SQLServerStatement.executeCommand(SQLServerStatement.java:224) ~[mssql-jdbc-6.3.6.jre8-preview.jar:na]
	at com.microsoft.sqlserver.jdbc.SQLServerStatement.executeStatement(SQLServerStatement.java:204) ~[mssql-jdbc-6.3.6.jre8-preview.jar:na]
	at com.microsoft.sqlserver.jdbc.SQLServerStatement.executeUpdate(SQLServerStatement.java:685) ~[mssql-jdbc-6.3.6.jre8-preview.jar:na]
	at sun.reflect.NativeMethodAccessorImpl.invoke0(Native Method) ~[na:1.8.0_131]
	at sun.reflect.NativeMethodAccessorImpl.invoke(NativeMethodAccessorImpl.java:62) ~[na:1.8.0_131]
	at sun.reflect.DelegatingMethodAccessorImpl.invoke(DelegatingMethodAccessorImpl.java:43) ~[na:1.8.0_131]
	at java.lang.reflect.Method.invoke(Method.java:498) ~[na:1.8.0_131]
	at org.apache.tomcat.jdbc.pool.StatementFacade$StatementProxy.invoke(StatementFacade.java:114) ~[tomcat-jdbc-8.5.27.jar:na]
	at com.sun.proxy.$Proxy92.executeUpdate(Unknown Source) ~[na:na]
	at org.springframework.jdbc.support.incrementer.AbstractIdentityColumnMaxValueIncrementer.getNextKey(AbstractIdentityColumnMaxValueIncrementer.java:98) ~[spring-jdbc-4.3.14.RELEASE.jar:4.3.14.RELEASE]
	... 45 common frames omitted

2018-02-07 14:48:58.025 ERROR 4636 --- [           main] o.s.test.context.TestContextManager      : Caught exception while allowing TestExecutionListener [org.springframework.boot.test.autoconfigure.SpringBootDependencyInjectionTestExecutionListener@6b419da] to prepare test instance [com.verizon.dd.fortifycollector.FortifyCollectorApplicationTests@71c8becc]

java.lang.IllegalStateException: Failed to load ApplicationContext
	at org.springframework.test.context.cache.DefaultCacheAwareContextLoaderDelegate.loadContext(DefaultCacheAwareContextLoaderDelegate.java:124) ~[spring-test-4.3.14.RELEASE.jar:4.3.14.RELEASE]
	at org.springframework.test.context.support.DefaultTestContext.getApplicationContext(DefaultTestContext.java:83) ~[spring-test-4.3.14.RELEASE.jar:4.3.14.RELEASE]
	at org.springframework.test.context.support.DependencyInjectionTestExecutionListener.injectDependencies(DependencyInjectionTestExecutionListener.java:117) ~[spring-test-4.3.14.RELEASE.jar:4.3.14.RELEASE]
	at org.springframework.test.context.support.DependencyInjectionTestExecutionListener.prepareTestInstance(DependencyInjectionTestExecutionListener.java:83) ~[spring-test-4.3.14.RELEASE.jar:4.3.14.RELEASE]
	at org.springframework.boot.test.autoconfigure.SpringBootDependencyInjectionTestExecutionListener.prepareTestInstance(SpringBootDependencyInjectionTestExecutionListener.java:44) ~[spring-boot-test-autoconfigure-1.5.10.RELEASE.jar:1.5.10.RELEASE]
	at org.springframework.test.context.TestContextManager.prepareTestInstance(TestContextManager.java:230) ~[spring-test-4.3.14.RELEASE.jar:4.3.14.RELEASE]
	at org.springframework.test.context.junit4.SpringJUnit4ClassRunner.createTest(SpringJUnit4ClassRunner.java:228) [spring-test-4.3.14.RELEASE.jar:4.3.14.RELEASE]
	at org.springframework.test.context.junit4.SpringJUnit4ClassRunner$1.runReflectiveCall(SpringJUnit4ClassRunner.java:287) [spring-test-4.3.14.RELEASE.jar:4.3.14.RELEASE]
	at org.junit.internal.runners.model.ReflectiveCallable.run(ReflectiveCallable.java:12) [junit-4.12.jar:4.12]
	at org.springframework.test.context.junit4.SpringJUnit4ClassRunner.methodBlock(SpringJUnit4ClassRunner.java:289) [spring-test-4.3.14.RELEASE.jar:4.3.14.RELEASE]
	at org.springframework.test.context.junit4.SpringJUnit4ClassRunner.runChild(SpringJUnit4ClassRunner.java:247) [spring-test-4.3.14.RELEASE.jar:4.3.14.RELEASE]
	at org.springframework.test.context.junit4.SpringJUnit4ClassRunner.runChild(SpringJUnit4ClassRunner.java:94) [spring-test-4.3.14.RELEASE.jar:4.3.14.RELEASE]
	at org.junit.runners.ParentRunner$3.run(ParentRunner.java:290) [junit-4.12.jar:4.12]
	at org.junit.runners.ParentRunner$1.schedule(ParentRunner.java:71) [junit-4.12.jar:4.12]
	at org.junit.runners.ParentRunner.runChildren(ParentRunner.java:288) [junit-4.12.jar:4.12]
	at org.junit.runners.ParentRunner.access$000(ParentRunner.java:58) [junit-4.12.jar:4.12]
	at org.junit.runners.ParentRunner$2.evaluate(ParentRunner.java:268) [junit-4.12.jar:4.12]
	at org.springframework.test.context.junit4.statements.RunBeforeTestClassCallbacks.evaluate(RunBeforeTestClassCallbacks.java:61) [spring-test-4.3.14.RELEASE.jar:4.3.14.RELEASE]
	at org.springframework.test.context.junit4.statements.RunAfterTestClassCallbacks.evaluate(RunAfterTestClassCallbacks.java:70) [spring-test-4.3.14.RELEASE.jar:4.3.14.RELEASE]
	at org.junit.runners.ParentRunner.run(ParentRunner.java:363) [junit-4.12.jar:4.12]
	at org.springframework.test.context.junit4.SpringJUnit4ClassRunner.run(SpringJUnit4ClassRunner.java:191) [spring-test-4.3.14.RELEASE.jar:4.3.14.RELEASE]
	at org.apache.maven.surefire.junit4.JUnit4Provider.execute(JUnit4Provider.java:283) [surefire-junit4-2.18.1.jar:2.18.1]
	at org.apache.maven.surefire.junit4.JUnit4Provider.executeWithRerun(JUnit4Provider.java:173) [surefire-junit4-2.18.1.jar:2.18.1]
	at org.apache.maven.surefire.junit4.JUnit4Provider.executeTestSet(JUnit4Provider.java:153) [surefire-junit4-2.18.1.jar:2.18.1]
	at org.apache.maven.surefire.junit4.JUnit4Provider.invoke(JUnit4Provider.java:128) [surefire-junit4-2.18.1.jar:2.18.1]
	at org.apache.maven.surefire.booter.ForkedBooter.invokeProviderInSameClassLoader(ForkedBooter.java:203) [surefire-booter-2.18.1.jar:2.18.1]
	at org.apache.maven.surefire.booter.ForkedBooter.runSuitesInProcess(ForkedBooter.java:155) [surefire-booter-2.18.1.jar:2.18.1]
	at org.apache.maven.surefire.booter.ForkedBooter.main(ForkedBooter.java:103) [surefire-booter-2.18.1.jar:2.18.1]
Caused by: org.springframework.context.ApplicationContextException: Failed to start bean 'taskLifecycleListener'; nested exception is org.springframework.dao.DataAccessResourceFailureException: Could not increment identity; nested exception is com.microsoft.sqlserver.jdbc.SQLServerException: Invalid object name 'TASK_SEQ'.
	at org.springframework.context.support.DefaultLifecycleProcessor.doStart(DefaultLifecycleProcessor.java:178) ~[spring-context-4.3.14.RELEASE.jar:4.3.14.RELEASE]
	at org.springframework.context.support.DefaultLifecycleProcessor.access$200(DefaultLifecycleProcessor.java:50) ~[spring-context-4.3.14.RELEASE.jar:4.3.14.RELEASE]
	at org.springframework.context.support.DefaultLifecycleProcessor$LifecycleGroup.start(DefaultLifecycleProcessor.java:348) ~[spring-context-4.3.14.RELEASE.jar:4.3.14.RELEASE]
	at org.springframework.context.support.DefaultLifecycleProcessor.startBeans(DefaultLifecycleProcessor.java:151) ~[spring-context-4.3.14.RELEASE.jar:4.3.14.RELEASE]
	at org.springframework.context.support.DefaultLifecycleProcessor.onRefresh(DefaultLifecycleProcessor.java:114) ~[spring-context-4.3.14.RELEASE.jar:4.3.14.RELEASE]
	at org.springframework.context.support.AbstractApplicationContext.finishRefresh(AbstractApplicationContext.java:880) ~[spring-context-4.3.14.RELEASE.jar:4.3.14.RELEASE]
	at org.springframework.context.support.AbstractApplicationContext.refresh(AbstractApplicationContext.java:546) ~[spring-context-4.3.14.RELEASE.jar:4.3.14.RELEASE]
	at org.springframework.boot.SpringApplication.refresh(SpringApplication.java:693) ~[spring-boot-1.5.10.RELEASE.jar:1.5.10.RELEASE]
	at org.springframework.boot.SpringApplication.refreshContext(SpringApplication.java:360) ~[spring-boot-1.5.10.RELEASE.jar:1.5.10.RELEASE]
	at org.springframework.boot.SpringApplication.run(SpringApplication.java:303) ~[spring-boot-1.5.10.RELEASE.jar:1.5.10.RELEASE]
	at org.springframework.boot.test.context.SpringBootContextLoader.loadContext(SpringBootContextLoader.java:120) ~[spring-boot-test-1.5.10.RELEASE.jar:1.5.10.RELEASE]
	at org.springframework.test.context.cache.DefaultCacheAwareContextLoaderDelegate.loadContextInternal(DefaultCacheAwareContextLoaderDelegate.java:98) ~[spring-test-4.3.14.RELEASE.jar:4.3.14.RELEASE]
	at org.springframework.test.context.cache.DefaultCacheAwareContextLoaderDelegate.loadContext(DefaultCacheAwareContextLoaderDelegate.java:116) ~[spring-test-4.3.14.RELEASE.jar:4.3.14.RELEASE]
	... 27 common frames omitted
Caused by: org.springframework.dao.DataAccessResourceFailureException: Could not increment identity; nested exception is com.microsoft.sqlserver.jdbc.SQLServerException: Invalid object name 'TASK_SEQ'.
	at org.springframework.jdbc.support.incrementer.AbstractIdentityColumnMaxValueIncrementer.getNextKey(AbstractIdentityColumnMaxValueIncrementer.java:113) ~[spring-jdbc-4.3.14.RELEASE.jar:4.3.14.RELEASE]
	at org.springframework.jdbc.support.incrementer.AbstractDataFieldMaxValueIncrementer.nextLongValue(AbstractDataFieldMaxValueIncrementer.java:128) ~[spring-jdbc-4.3.14.RELEASE.jar:4.3.14.RELEASE]
	at org.springframework.cloud.task.repository.dao.JdbcTaskExecutionDao.getNextExecutionId(JdbcTaskExecutionDao.java:249) ~[spring-cloud-task-core-1.0.3.RELEASE.jar:1.0.3.RELEASE]
	at org.springframework.cloud.task.repository.dao.JdbcTaskExecutionDao.createTaskExecution(JdbcTaskExecutionDao.java:130) ~[spring-cloud-task-core-1.0.3.RELEASE.jar:1.0.3.RELEASE]
	at org.springframework.cloud.task.repository.support.SimpleTaskRepository.createTaskExecution(SimpleTaskRepository.java:78) ~[spring-cloud-task-core-1.0.3.RELEASE.jar:1.0.3.RELEASE]
	at org.springframework.cloud.task.listener.TaskLifecycleListener.doTaskStart(TaskLifecycleListener.java:192) ~[spring-cloud-task-core-1.0.3.RELEASE.jar:1.0.3.RELEASE]
	at org.springframework.cloud.task.listener.TaskLifecycleListener.start(TaskLifecycleListener.java:257) ~[spring-cloud-task-core-1.0.3.RELEASE.jar:1.0.3.RELEASE]
	at org.springframework.context.support.DefaultLifecycleProcessor.doStart(DefaultLifecycleProcessor.java:175) ~[spring-context-4.3.14.RELEASE.jar:4.3.14.RELEASE]
	... 39 common frames omitted
Caused by: com.microsoft.sqlserver.jdbc.SQLServerException: Invalid object name 'TASK_SEQ'.
	at com.microsoft.sqlserver.jdbc.SQLServerException.makeFromDatabaseError(SQLServerException.java:259) ~[mssql-jdbc-6.3.6.jre8-preview.jar:na]
	at com.microsoft.sqlserver.jdbc.SQLServerStatement.getNextResult(SQLServerStatement.java:1566) ~[mssql-jdbc-6.3.6.jre8-preview.jar:na]
	at com.microsoft.sqlserver.jdbc.SQLServerStatement.doExecuteStatement(SQLServerStatement.java:874) ~[mssql-jdbc-6.3.6.jre8-preview.jar:na]
	at com.microsoft.sqlserver.jdbc.SQLServerStatement$StmtExecCmd.doExecute(SQLServerStatement.java:757) ~[mssql-jdbc-6.3.6.jre8-preview.jar:na]
	at com.microsoft.sqlserver.jdbc.TDSCommand.execute(IOBuffer.java:7352) ~[mssql-jdbc-6.3.6.jre8-preview.jar:na]
	at com.microsoft.sqlserver.jdbc.SQLServerConnection.executeCommand(SQLServerConnection.java:2724) ~[mssql-jdbc-6.3.6.jre8-preview.jar:na]
	at com.microsoft.sqlserver.jdbc.SQLServerStatement.executeCommand(SQLServerStatement.java:224) ~[mssql-jdbc-6.3.6.jre8-preview.jar:na]
	at com.microsoft.sqlserver.jdbc.SQLServerStatement.executeStatement(SQLServerStatement.java:204) ~[mssql-jdbc-6.3.6.jre8-preview.jar:na]
	at com.microsoft.sqlserver.jdbc.SQLServerStatement.executeUpdate(SQLServerStatement.java:685) ~[mssql-jdbc-6.3.6.jre8-preview.jar:na]
	at sun.reflect.NativeMethodAccessorImpl.invoke0(Native Method) ~[na:1.8.0_131]
	at sun.reflect.NativeMethodAccessorImpl.invoke(NativeMethodAccessorImpl.java:62) ~[na:1.8.0_131]
	at sun.reflect.DelegatingMethodAccessorImpl.invoke(DelegatingMethodAccessorImpl.java:43) ~[na:1.8.0_131]
	at java.lang.reflect.Method.invoke(Method.java:498) ~[na:1.8.0_131]
	at org.apache.tomcat.jdbc.pool.StatementFacade$StatementProxy.invoke(StatementFacade.java:114) ~[tomcat-jdbc-8.5.27.jar:na]
	at com.sun.proxy.$Proxy92.executeUpdate(Unknown Source) ~[na:na]
	at org.springframework.jdbc.support.incrementer.AbstractIdentityColumnMaxValueIncrementer.getNextKey(AbstractIdentityColumnMaxValueIncrementer.java:98) ~[spring-jdbc-4.3.14.RELEASE.jar:4.3.14.RELEASE]
	... 46 common frames omitted

]]></system-out>
  </testcase>
</testsuite>